2019-07-20 12:43:39,953 INFO  DownloadService - Downloading "https://github.com/barisatalay/thermalprinterhelper/archive/master.zip", attempt 3
2019-07-20 12:43:40,807 INFO  DownloadService - Downloaded https://github.com/barisatalay/thermalprinterhelper/archive/master.zip, attempt 3
2019-07-20 12:43:40,807 INFO  DownloadService - Size of file "/var/folders/bq/vtzpc5ns5sg2cthy61lqpg3dfzgbys/T/1563601419950-0/master.zip": 334 KB
2019-07-20 12:43:40,807 INFO  ArchiveUtils - Checking entries [.gradle] in ZIP file...
2019-07-20 12:43:40,809 INFO  ArchiveUtils - Has entries [.gradle] in ZIP file /var/folders/bq/vtzpc5ns5sg2cthy61lqpg3dfzgbys/T/1563601419950-0/master.zip: true
2019-07-20 12:43:40,809 DEBUG ZipUtil - Extracting '/var/folders/bq/vtzpc5ns5sg2cthy61lqpg3dfzgbys/T/1563601419950-0/master.zip' into '/var/folders/bq/vtzpc5ns5sg2cthy61lqpg3dfzgbys/T/1563601419950-0/src'.
2019-07-20 12:43:40,837 INFO  FullProcessService - Size of directory with sources: 431 KB
2019-07-20 12:43:40,837 INFO  SysUtils - Execute command: [git, init, /var/folders/bq/vtzpc5ns5sg2cthy61lqpg3dfzgbys/T/1563601419950-0/src]
2019-07-20 12:43:40,854 INFO  SysUtils - Initialized empty Git repository in /private/var/folders/bq/vtzpc5ns5sg2cthy61lqpg3dfzgbys/T/1563601419950-0/src/.git/

2019-07-20 12:43:40,857 INFO  ProjectBuildService - Gradle wrapper(s): /var/folders/bq/vtzpc5ns5sg2cthy61lqpg3dfzgbys/T/1563601419950-0/src/thermalprinterhelper-master/gradlew
2019-07-20 12:43:40,860 INFO  ProjectBuildService - Build script(s): /var/folders/bq/vtzpc5ns5sg2cthy61lqpg3dfzgbys/T/1563601419950-0/src/thermalprinterhelper-master/app/build.gradle /var/folders/bq/vtzpc5ns5sg2cthy61lqpg3dfzgbys/T/1563601419950-0/src/thermalprinterhelper-master/bluetoothhelper/build.gradle /var/folders/bq/vtzpc5ns5sg2cthy61lqpg3dfzgbys/T/1563601419950-0/src/thermalprinterhelper-master/build.gradle
2019-07-20 12:43:40,863 INFO  ProjectBuildService - All script(s): /var/folders/bq/vtzpc5ns5sg2cthy61lqpg3dfzgbys/T/1563601419950-0/src/thermalprinterhelper-master/app/build.gradle /var/folders/bq/vtzpc5ns5sg2cthy61lqpg3dfzgbys/T/1563601419950-0/src/thermalprinterhelper-master/build.gradle /var/folders/bq/vtzpc5ns5sg2cthy61lqpg3dfzgbys/T/1563601419950-0/src/thermalprinterhelper-master/settings.gradle /var/folders/bq/vtzpc5ns5sg2cthy61lqpg3dfzgbys/T/1563601419950-0/src/thermalprinterhelper-master/bluetoothhelper/build.gradle
2019-07-20 12:43:40,864 INFO  ProjectBuildService - Remote scripts: none
2019-07-20 12:43:40,864 INFO  ProjectFixService - Fixing project...
2019-07-20 12:43:40,872 INFO  LocalPropertiesFixService - Created fake /var/folders/bq/vtzpc5ns5sg2cthy61lqpg3dfzgbys/T/1563601419950-0/src/thermalprinterhelper-master/app/local.properties
2019-07-20 12:43:40,872 INFO  ProjectFixService - Build info for "/var/folders/bq/vtzpc5ns5sg2cthy61lqpg3dfzgbys/T/1563601419950-0/src/thermalprinterhelper-master/app/build.gradle": [buildToolsVersion=28.0.3,compileSdkVersion=25,minSdkVersion=14,targetSdkVersion=25]
2019-07-20 12:43:40,873 INFO  LocalPropertiesFixService - Created fake /var/folders/bq/vtzpc5ns5sg2cthy61lqpg3dfzgbys/T/1563601419950-0/src/thermalprinterhelper-master/bluetoothhelper/local.properties
2019-07-20 12:43:40,873 INFO  ProjectFixService - Build info for "/var/folders/bq/vtzpc5ns5sg2cthy61lqpg3dfzgbys/T/1563601419950-0/src/thermalprinterhelper-master/bluetoothhelper/build.gradle": [buildToolsVersion=28.0.3,compileSdkVersion=25,minSdkVersion=14,targetSdkVersion=28]
2019-07-20 12:43:40,874 INFO  LocalPropertiesFixService - Created fake /var/folders/bq/vtzpc5ns5sg2cthy61lqpg3dfzgbys/T/1563601419950-0/src/thermalprinterhelper-master/local.properties
2019-07-20 12:43:40,874 INFO  WrapperPropertiesFixService - Gradle wrapper: https://services.gradle.org/distributions/gradle-4.6-all.zip
2019-07-20 12:43:40,875 INFO  WrapperPropertiesFixService - Gradle wrapper was changed from "-all.zip" to "-bin.zip" (https://services.gradle.org/distributions/gradle-4.6-bin.zip)
2019-07-20 12:43:40,876 INFO  ProjectFixService - Build info for "/var/folders/bq/vtzpc5ns5sg2cthy61lqpg3dfzgbys/T/1563601419950-0/src/thermalprinterhelper-master/build.gradle": [buildToolsVersion=28.0.3,compileSdkVersion=25,minSdkVersion=14,targetSdkVersion=25]
2019-07-20 12:43:40,876 INFO  ProjectFixService - Project was maybe fixed
2019-07-20 12:43:40,876 INFO  ProjectTaskService - Detecting possible tasks...
2019-07-20 12:43:40,876 INFO  SysUtils - Execute command: [/var/folders/bq/vtzpc5ns5sg2cthy61lqpg3dfzgbys/T/1563601419950-0/src/thermalprinterhelper-master/gradlew, -b, /var/folders/bq/vtzpc5ns5sg2cthy61lqpg3dfzgbys/T/1563601419950-0/src/thermalprinterhelper-master/app/build.gradle, -Dorg.gradle.daemon=false, -Dorg.gradle.daemon.performance.enable-monitoring=false, -Dorg.gradle.configureondemand=true, tasks]
2019-07-20 12:43:48,345 INFO  ProjectTaskService - Detected possible tasks: 69
2019-07-20 12:43:48,345 INFO  ProjectTaskService - Excluded tasks (18): lintDebug deviceCheck lint testReleaseUnitTest uninstallRelease deviceAndroidTest uninstallDebugAndroidTest installDebugAndroidTest connectedCheck connectedDebugAndroidTest uninstallAll test check testDebugUnitTest connectedAndroidTest installDebug lintRelease uninstallDebug
2019-07-20 12:43:48,345 INFO  SysUtils - Execute command: [/var/folders/bq/vtzpc5ns5sg2cthy61lqpg3dfzgbys/T/1563601419950-0/src/thermalprinterhelper-master/gradlew, -b, /var/folders/bq/vtzpc5ns5sg2cthy61lqpg3dfzgbys/T/1563601419950-0/src/thermalprinterhelper-master/app/build.gradle, -Dorg.gradle.daemon=false, -Dorg.gradle.daemon.performance.enable-monitoring=false, -Dorg.gradle.configureondemand=true, --stacktrace, -x, lintDebug, -x, deviceCheck, -x, lint, -x, testReleaseUnitTest, -x, uninstallRelease, -x, deviceAndroidTest, -x, uninstallDebugAndroidTest, -x, installDebugAndroidTest, -x, connectedCheck, -x, connectedDebugAndroidTest, -x, uninstallAll, -x, test, -x, check, -x, testDebugUnitTest, -x, connectedAndroidTest, -x, installDebug, -x, lintRelease, -x, uninstallDebug, build]
2019-07-20 12:44:10,998 ERROR SysUtils - Could not process external command
org.apache.commons.exec.ExecuteException: Process exited with an error: 1 (Exit value: 1)
	at org.apache.commons.exec.DefaultExecutor.executeInternal(DefaultExecutor.java:404)
	at org.apache.commons.exec.DefaultExecutor.execute(DefaultExecutor.java:166)
	at com.github.vbauer.apkmaster.util.SysUtils.execute(SysUtils.java:67)
	at com.github.vbauer.apkmaster.util.SysUtils.executeSimple(SysUtils.java:43)
	at com.github.vbauer.apkmaster.service.assembly.ProjectBuildService.buildProject(ProjectBuildService.java:78)
	at com.github.vbauer.apkmaster.service.assembly.ProjectBuildService.buildProject(ProjectBuildService.java:64)
	at com.github.vbauer.apkmaster.service.assembly.ProjectBuildService.buildProject(ProjectBuildService.java:43)
	at com.github.vbauer.apkmaster.service.FullProcessService.build(FullProcessService.java:84)
	at com.github.vbauer.apkmaster.service.FullProcessService.process(FullProcessService.java:34)
	at com.github.vbauer.apkmaster.app.MainApplication.process(MainApplication.java:38)
	at com.github.vbauer.apkmaster.app.MainApplication.main(MainApplication.java:20)
	at sun.reflect.NativeMethodAccessorImpl.invoke0(Native Method)
	at sun.reflect.NativeMethodAccessorImpl.invoke(NativeMethodAccessorImpl.java:62)
	at sun.reflect.DelegatingMethodAccessorImpl.invoke(DelegatingMethodAccessorImpl.java:43)
	at java.lang.reflect.Method.invoke(Method.java:498)
	at com.android.arsenal.util.ReflectionUtils.invoke(ReflectionUtils.java:52)
	at com.android.arsenal.util.ApkMasterUtils.main(ApkMasterUtils.java:30)
	at com.android.arsenal.service.processor.impl.BuildProcessorServiceImpl.buildProject(BuildProcessorServiceImpl.java:196)
	at com.android.arsenal.service.processor.impl.BuildProcessorServiceImpl.build(BuildProcessorServiceImpl.java:130)
	at com.android.arsenal.service.processor.impl.BuildProcessorServiceImpl.lambda$createTasks$1(BuildProcessorServiceImpl.java:113)
	at java.util.concurrent.FutureTask.run(FutureTask.java:266)
	at java.util.concurrent.Executors$RunnableAdapter.call(Executors.java:511)
	at java.util.concurrent.FutureTask.run(FutureTask.java:266)
	at java.util.concurrent.ThreadPoolExecutor.runWorker(ThreadPoolExecutor.java:1149)
	at java.util.concurrent.ThreadPoolExecutor$Worker.run(ThreadPoolExecutor.java:624)
	at java.lang.Thread.run(Thread.java:748)
2019-07-20 12:44:10,999 INFO  SysUtils - Configuration on demand is an incubating feature.
:app:checkDebugClasspath
:app:preBuild UP-TO-DATE
:bluetoothhelper:preBuild UP-TO-DATE
:bluetoothhelper:preDebugBuild UP-TO-DATE
:bluetoothhelper:checkDebugManifest
:bluetoothhelper:processDebugManifest
:app:preDebugBuild
:bluetoothhelper:compileDebugAidl NO-SOURCE
:app:compileDebugAidl NO-SOURCE
:bluetoothhelper:packageDebugRenderscript NO-SOURCE
:app:compileDebugRenderscript
:app:checkDebugManifest
:app:generateDebugBuildConfig
:app:prepareLintJar
:app:mainApkListPersistenceDebug
:app:generateDebugResValues
:app:generateDebugResources
:bluetoothhelper:compileDebugRenderscript
:bluetoothhelper:generateDebugResValues
:bluetoothhelper:generateDebugResources
:bluetoothhelper:packageDebugResources
:app:mergeDebugResources
:app:createDebugCompatibleScreenManifests
:app:processDebugManifest
:app:splitsDiscoveryTaskDebug
:bluetoothhelper:generateDebugRFile
:app:processDebugResources
W/ResourceType(25648): For resource 0x0101053d, entry index(1341) is beyond type entryCount(1329)
W/ResourceType(25648): For resource 0x0101053e, entry index(1342) is beyond type entryCount(1329)
W/ResourceType(25648): For resource 0x0101053b, entry index(1339) is beyond type entryCount(1329)
W/ResourceType(25648): For resource 0x0101053c, entry index(1340) is beyond type entryCount(1329)

:app:generateDebugSources
:bluetoothhelper:generateDebugBuildConfig
:bluetoothhelper:prepareLintJar
:bluetoothhelper:generateDebugSources
:bluetoothhelper:javaPreCompileDebug
:bluetoothhelper:compileDebugJavaWithJavac
:bluetoothhelper:processDebugJavaRes NO-SOURCE
:bluetoothhelper:transformClassesAndResourcesWithPrepareIntermediateJarsForDebug
:app:javaPreCompileDebug
:app:compileDebugJavaWithJavac
:app:compileDebugNdk NO-SOURCE
:app:compileDebugSources
:app:mergeDebugShaders
:app:compileDebugShaders
:app:generateDebugAssets
:bluetoothhelper:mergeDebugShaders
:bluetoothhelper:compileDebugShaders
:bluetoothhelper:generateDebugAssets
:bluetoothhelper:packageDebugAssets
:app:mergeDebugAssets
:app:transformClassesWithDexBuilderForDebug
:app:transformDexArchiveWithExternalLibsDexMergerForDebug
:app:transformDexArchiveWithDexMergerForDebug
:app:mergeDebugJniLibFolders
:bluetoothhelper:compileDebugNdk NO-SOURCE
:bluetoothhelper:mergeDebugJniLibFolders
:bluetoothhelper:transformNativeLibsWithMergeJniLibsForDebug
:bluetoothhelper:transformNativeLibsWithStripDebugSymbolForDebug
:bluetoothhelper:transformNativeLibsWithIntermediateJniLibsForDebug
:app:transformNativeLibsWithMergeJniLibsForDebug
:app:transformNativeLibsWithStripDebugSymbolForDebug
:app:checkDebugLibraries
:app:processDebugJavaRes NO-SOURCE
:app:transformResourcesWithMergeJavaResForDebug
:app:validateSigningDebug
:app:packageDebug
:app:assembleDebug
:app:checkReleaseClasspath
:bluetoothhelper:preReleaseBuild UP-TO-DATE
:bluetoothhelper:checkReleaseManifest
:bluetoothhelper:processReleaseManifest
:app:preReleaseBuild
:bluetoothhelper:compileReleaseAidl NO-SOURCE
:app:compileReleaseAidl NO-SOURCE
:bluetoothhelper:packageReleaseRenderscript NO-SOURCE
:app:compileReleaseRenderscript
:app:checkReleaseManifest
:app:generateReleaseBuildConfig
:app:mainApkListPersistenceRelease
:app:generateReleaseResValues
:app:generateReleaseResources
:bluetoothhelper:compileReleaseRenderscript
:bluetoothhelper:generateReleaseResValues
:bluetoothhelper:generateReleaseResources
:bluetoothhelper:packageReleaseResources
:app:mergeReleaseResources
:app:createReleaseCompatibleScreenManifests
:app:processReleaseManifest
:app:splitsDiscoveryTaskRelease
:bluetoothhelper:generateReleaseRFile
:app:processReleaseResources
W/ResourceType(25648): For resource 0x0101053d, entry index(1341) is beyond type entryCount(1329)
W/ResourceType(25648): For resource 0x0101053e, entry index(1342) is beyond type entryCount(1329)
W/ResourceType(25648): For resource 0x0101053b, entry index(1339) is beyond type entryCount(1329)
W/ResourceType(25648): For resource 0x0101053c, entry index(1340) is beyond type entryCount(1329)

:app:generateReleaseSources
:bluetoothhelper:generateReleaseBuildConfig
:bluetoothhelper:generateReleaseSources
:bluetoothhelper:javaPreCompileRelease
:bluetoothhelper:compileReleaseJavaWithJavac
:bluetoothhelper:processReleaseJavaRes NO-SOURCE
:bluetoothhelper:transformClassesAndResourcesWithPrepareIntermediateJarsForRelease
:app:javaPreCompileRelease
:app:compileReleaseJavaWithJavac
:app:compileReleaseNdk NO-SOURCE
:app:compileReleaseSources
:app:lintVitalRelease
Calling mockable JAR artifact transform to create file: /Users/vbauer/.gradle/caches/transforms-1/files-1.1/android.jar/fa7dd43684cd826ea6628c1fb56abe3a/android.jar with input /Users/vbauer/Library/Android/sdk/platforms/android-25/android.jar
/private/var/folders/bq/vtzpc5ns5sg2cthy61lqpg3dfzgbys/T/1563601419950-0/src/thermalprinterhelper-master/app/build.gradle:9: Error: Google Play requires that apps target API level 26 or higher.
 [ExpiredTargetSdkVersion]
        targetSdkVersion 25
        ~~~~~~~~~~~~~~~~~~~

   Explanation for issues of type "ExpiredTargetSdkVersion":
   As of the second half of 2018, Google Play requires that new apps and app
   updates target API level 26 or higher.

   Configuring your app to target a recent API level ensures that users
   benefit from significant security and performance improvements, while still
   allowing your app to run on older Android versions (down to the
   minSdkVersion).

   To update your targetSdkVersion, follow the steps from "Meeting Google Play
   requirements for target API level",
   https://developer.android.com/distribute/best-practices/develop/target-sdk.
   html

   https://support.google.com/googleplay/android-developer/answer/113469#targetsdk
   https://support.google.com/googleplay/android-developer/answer/113469#targetsdk
   https://developer.android.com/distribute/best-practices/develop/target-sdk.html

1 errors, 0 warnings
:app:lintVitalRelease FAILED

FAILURE: Build failed with an exception.

* What went wrong:
Execution failed for task ':app:lintVitalRelease'.
> Lint found fatal errors while assembling a release target.
  
  To proceed, either fix the issues identified by lint, or modify your build script as follows:
  ...
  android {
      lintOptions {
          checkReleaseBuilds false
          // Or, if you prefer, you can continue to check for errors in release builds,
          // but continue the build even when errors are found:
          abortOnError false
      }
  }
  ...

* Try:
Run with --info or --debug option to get more log output. Run with --scan to get full insights.

* Exception is:
org.gradle.api.tasks.TaskExecutionException: Execution failed for task ':app:lintVitalRelease'.
	at org.gradle.api.internal.tasks.execution.ExecuteActionsTaskExecuter.executeActions(ExecuteActionsTaskExecuter.java:103)
	at org.gradle.api.internal.tasks.execution.ExecuteActionsTaskExecuter.execute(ExecuteActionsTaskExecuter.java:73)
	at org.gradle.api.internal.tasks.execution.OutputDirectoryCreatingTaskExecuter.execute(OutputDirectoryCreatingTaskExecuter.java:51)
	at org.gradle.api.internal.tasks.execution.SkipUpToDateTaskExecuter.execute(SkipUpToDateTaskExecuter.java:59)
	at org.gradle.api.internal.tasks.execution.ResolveTaskOutputCachingStateExecuter.execute(ResolveTaskOutputCachingStateExecuter.java:54)
	at org.gradle.api.internal.tasks.execution.ValidatingTaskExecuter.execute(ValidatingTaskExecuter.java:59)
	at org.gradle.api.internal.tasks.execution.SkipEmptySourceFilesTaskExecuter.execute(SkipEmptySourceFilesTaskExecuter.java:101)
	at org.gradle.api.internal.tasks.execution.FinalizeInputFilePropertiesTaskExecuter.execute(FinalizeInputFilePropertiesTaskExecuter.java:44)
	at org.gradle.api.internal.tasks.execution.CleanupStaleOutputsExecuter.execute(CleanupStaleOutputsExecuter.java:91)
	at org.gradle.api.internal.tasks.execution.ResolveTaskArtifactStateTaskExecuter.execute(ResolveTaskArtifactStateTaskExecuter.java:62)
	at org.gradle.api.internal.tasks.execution.SkipTaskWithNoActionsExecuter.execute(SkipTaskWithNoActionsExecuter.java:59)
	at org.gradle.api.internal.tasks.execution.SkipOnlyIfTaskExecuter.execute(SkipOnlyIfTaskExecuter.java:54)
	at org.gradle.api.internal.tasks.execution.ExecuteAtMostOnceTaskExecuter.execute(ExecuteAtMostOnceTaskExecuter.java:43)
	at org.gradle.api.internal.tasks.execution.CatchExceptionTaskExecuter.execute(CatchExceptionTaskExecuter.java:34)
	at org.gradle.execution.taskgraph.DefaultTaskGraphExecuter$EventFiringTaskWorker$1.run(DefaultTaskGraphExecuter.java:256)
	at org.gradle.internal.progress.DefaultBuildOperationExecutor$RunnableBuildOperationWorker.execute(DefaultBuildOperationExecutor.java:336)
	at org.gradle.internal.progress.DefaultBuildOperationExecutor$RunnableBuildOperationWorker.execute(DefaultBuildOperationExecutor.java:328)
	at org.gradle.internal.progress.DefaultBuildOperationExecutor.execute(DefaultBuildOperationExecutor.java:199)
	at org.gradle.internal.progress.DefaultBuildOperationExecutor.run(DefaultBuildOperationExecutor.java:110)
	at org.gradle.execution.taskgraph.DefaultTaskGraphExecuter$EventFiringTaskWorker.execute(DefaultTaskGraphExecuter.java:249)
	at org.gradle.execution.taskgraph.DefaultTaskGraphExecuter$EventFiringTaskWorker.execute(DefaultTaskGraphExecuter.java:238)
	at org.gradle.execution.taskgraph.DefaultTaskPlanExecutor$TaskExecutorWorker.processTask(DefaultTaskPlanExecutor.java:123)
	at org.gradle.execution.taskgraph.DefaultTaskPlanExecutor$TaskExecutorWorker.access$200(DefaultTaskPlanExecutor.java:79)
	at org.gradle.execution.taskgraph.DefaultTaskPlanExecutor$TaskExecutorWorker$1.execute(DefaultTaskPlanExecutor.java:104)
	at org.gradle.execution.taskgraph.DefaultTaskPlanExecutor$TaskExecutorWorker$1.execute(DefaultTaskPlanExecutor.java:98)
	at org.gradle.execution.taskgraph.DefaultTaskExecutionPlan.execute(DefaultTaskExecutionPlan.java:663)
	at org.gradle.execution.taskgraph.DefaultTaskExecutionPlan.executeWithTask(DefaultTaskExecutionPlan.java:597)
	at org.gradle.execution.taskgraph.DefaultTaskPlanExecutor$TaskExecutorWorker.run(DefaultTaskPlanExecutor.java:98)
	at org.gradle.internal.concurrent.ExecutorPolicy$CatchAndRecordFailures.onExecute(ExecutorPolicy.java:63)
	at org.gradle.internal.concurrent.ManagedExecutorImpl$1.run(ManagedExecutorImpl.java:46)
	at org.gradle.internal.concurrent.ThreadFactoryImpl$ManagedThreadRunnable.run(ThreadFactoryImpl.java:55)
Caused by: org.gradle.api.GradleException: Lint found fatal errors while assembling a release target.

To proceed, either fix the issues identified by lint, or modify your build script as follows:
...
android {
    lintOptions {
        checkReleaseBuilds false
        // Or, if you prefer, you can continue to check for errors in release builds,
        // but continue the build even when errors are found:
        abortOnError false
    }
}
...
	at com.android.tools.lint.gradle.LintGradleExecution.abort(LintGradleExecution.java:206)
	at com.android.tools.lint.gradle.LintGradleExecution.runLint(LintGradleExecution.java:297)
	at com.android.tools.lint.gradle.LintGradleExecution.lintSingleVariant(LintGradleExecution.java:368)
	at com.android.tools.lint.gradle.LintGradleExecution.analyze(LintGradleExecution.java:91)
	at com.android.tools.lint.gradle.api.ReflectiveLintRunner.runLint(ReflectiveLintRunner.kt:38)
	at com.android.build.gradle.tasks.LintBaseTask.runLint(LintBaseTask.java:88)
	at com.android.build.gradle.tasks.LintPerVariantTask.lint(LintPerVariantTask.java:41)
	at org.gradle.internal.reflect.JavaMethod.invoke(JavaMethod.java:73)
	at org.gradle.api.internal.project.taskfactory.StandardTaskAction.doExecute(StandardTaskAction.java:46)
	at org.gradle.api.internal.project.taskfactory.StandardTaskAction.execute(StandardTaskAction.java:39)
	at org.gradle.api.internal.project.taskfactory.StandardTaskAction.execute(StandardTaskAction.java:26)
	at org.gradle.api.internal.AbstractTask$TaskActionWrapper.execute(AbstractTask.java:788)
	at org.gradle.api.internal.AbstractTask$TaskActionWrapper.execute(AbstractTask.java:755)
	at org.gradle.api.internal.tasks.execution.ExecuteActionsTaskExecuter$1.run(ExecuteActionsTaskExecuter.java:124)
	at org.gradle.internal.progress.DefaultBuildOperationExecutor$RunnableBuildOperationWorker.execute(DefaultBuildOperationExecutor.java:336)
	at org.gradle.internal.progress.DefaultBuildOperationExecutor$RunnableBuildOperationWorker.execute(DefaultBuildOperationExecutor.java:328)
	at org.gradle.internal.progress.DefaultBuildOperationExecutor.execute(DefaultBuildOperationExecutor.java:199)
	at org.gradle.internal.progress.DefaultBuildOperationExecutor.run(DefaultBuildOperationExecutor.java:110)
	at org.gradle.api.internal.tasks.execution.ExecuteActionsTaskExecuter.executeAction(ExecuteActionsTaskExecuter.java:113)
	at org.gradle.api.internal.tasks.execution.ExecuteActionsTaskExecuter.executeActions(ExecuteActionsTaskExecuter.java:95)
	... 30 more


* Get more help at https://help.gradle.org

BUILD FAILED in 22s
71 actionable tasks: 71 executed

2019-07-20 12:44:11,057 INFO  FullProcessService - Found APK file: /var/folders/bq/vtzpc5ns5sg2cthy61lqpg3dfzgbys/T/1563601419950-0/src/thermalprinterhelper-master/app/build/outputs/apk/debug/app-debug.apk
