2019-05-14 12:32:53,210 INFO  DownloadService - Downloading "https://github.com/Drabu/PlaceAutocomplete/archive/master.zip", attempt 3
2019-05-14 12:32:57,548 INFO  DownloadService - Downloaded https://github.com/Drabu/PlaceAutocomplete/archive/master.zip, attempt 3
2019-05-14 12:32:57,549 INFO  DownloadService - Size of file "/var/folders/bq/vtzpc5ns5sg2cthy61lqpg3dfzgbys/T/1557811973202-0/master.zip": 3 MB
2019-05-14 12:32:57,549 INFO  ArchiveUtils - Checking entries [.gradle] in ZIP file...
2019-05-14 12:32:57,556 INFO  ArchiveUtils - Has entries [.gradle] in ZIP file /var/folders/bq/vtzpc5ns5sg2cthy61lqpg3dfzgbys/T/1557811973202-0/master.zip: true
2019-05-14 12:32:57,556 DEBUG ZipUtil - Extracting '/var/folders/bq/vtzpc5ns5sg2cthy61lqpg3dfzgbys/T/1557811973202-0/master.zip' into '/var/folders/bq/vtzpc5ns5sg2cthy61lqpg3dfzgbys/T/1557811973202-0/src'.
2019-05-14 12:32:57,621 INFO  FullProcessService - Size of directory with sources: 4 MB
2019-05-14 12:32:57,621 INFO  SysUtils - Execute command: [git, init, /var/folders/bq/vtzpc5ns5sg2cthy61lqpg3dfzgbys/T/1557811973202-0/src]
2019-05-14 12:32:57,644 INFO  SysUtils - Initialized empty Git repository in /private/var/folders/bq/vtzpc5ns5sg2cthy61lqpg3dfzgbys/T/1557811973202-0/src/.git/

2019-05-14 12:32:57,649 INFO  ProjectBuildService - Gradle wrapper(s): /var/folders/bq/vtzpc5ns5sg2cthy61lqpg3dfzgbys/T/1557811973202-0/src/PlaceAutocomplete-master/gradlew
2019-05-14 12:32:57,654 INFO  ProjectBuildService - Build script(s): /var/folders/bq/vtzpc5ns5sg2cthy61lqpg3dfzgbys/T/1557811973202-0/src/PlaceAutocomplete-master/app/build.gradle /var/folders/bq/vtzpc5ns5sg2cthy61lqpg3dfzgbys/T/1557811973202-0/src/PlaceAutocomplete-master/place_autocomplete/build.gradle /var/folders/bq/vtzpc5ns5sg2cthy61lqpg3dfzgbys/T/1557811973202-0/src/PlaceAutocomplete-master/build.gradle
2019-05-14 12:32:57,659 INFO  ProjectBuildService - All script(s): /var/folders/bq/vtzpc5ns5sg2cthy61lqpg3dfzgbys/T/1557811973202-0/src/PlaceAutocomplete-master/app/build.gradle /var/folders/bq/vtzpc5ns5sg2cthy61lqpg3dfzgbys/T/1557811973202-0/src/PlaceAutocomplete-master/place_autocomplete/build.gradle /var/folders/bq/vtzpc5ns5sg2cthy61lqpg3dfzgbys/T/1557811973202-0/src/PlaceAutocomplete-master/build.gradle /var/folders/bq/vtzpc5ns5sg2cthy61lqpg3dfzgbys/T/1557811973202-0/src/PlaceAutocomplete-master/settings.gradle
2019-05-14 12:32:57,667 INFO  DownloadService - Downloading "https://raw.githubusercontent.com/quangctkm9207/template-files/master/android/gradle/bintray.gradle", attempt 3
2019-05-14 12:32:58,314 INFO  DownloadService - Downloaded https://raw.githubusercontent.com/quangctkm9207/template-files/master/android/gradle/bintray.gradle, attempt 3
2019-05-14 12:32:58,315 INFO  DownloadService - Downloading "https://raw.githubusercontent.com/quangctkm9207/template-files/master/android/gradle/install.gradle", attempt 3
2019-05-14 12:32:58,693 INFO  DownloadService - Downloaded https://raw.githubusercontent.com/quangctkm9207/template-files/master/android/gradle/install.gradle, attempt 3
2019-05-14 12:32:58,694 INFO  ProjectBuildService - Remote scripts: https://raw.githubusercontent.com/quangctkm9207/template-files/master/android/gradle/bintray.gradle https://raw.githubusercontent.com/quangctkm9207/template-files/master/android/gradle/install.gradle
2019-05-14 12:32:58,694 INFO  ProjectFixService - Fixing project...
2019-05-14 12:32:58,710 INFO  LocalPropertiesFixService - Created fake /var/folders/bq/vtzpc5ns5sg2cthy61lqpg3dfzgbys/T/1557811973202-0/src/PlaceAutocomplete-master/app/local.properties
2019-05-14 12:32:58,711 INFO  ProjectFixService - Build info for "/var/folders/bq/vtzpc5ns5sg2cthy61lqpg3dfzgbys/T/1557811973202-0/src/PlaceAutocomplete-master/app/build.gradle": [buildToolsVersion=<null>,compileSdkVersion=28,minSdkVersion=15,targetSdkVersion=28]
2019-05-14 12:32:58,712 INFO  ProjectFixService - Fixed build info for "/var/folders/bq/vtzpc5ns5sg2cthy61lqpg3dfzgbys/T/1557811973202-0/src/PlaceAutocomplete-master/app/build.gradle": [buildToolsVersion=28.0.0-rc2,compileSdkVersion=28,minSdkVersion=15,targetSdkVersion=28]
2019-05-14 12:32:58,713 INFO  LocalPropertiesFixService - Created fake /var/folders/bq/vtzpc5ns5sg2cthy61lqpg3dfzgbys/T/1557811973202-0/src/PlaceAutocomplete-master/place_autocomplete/local.properties
2019-05-14 12:32:58,716 INFO  ProjectFixService - Build info for "/var/folders/bq/vtzpc5ns5sg2cthy61lqpg3dfzgbys/T/1557811973202-0/src/PlaceAutocomplete-master/place_autocomplete/build.gradle": [buildToolsVersion=<null>,compileSdkVersion=28,minSdkVersion=15,targetSdkVersion=28]
2019-05-14 12:32:58,716 INFO  ProjectFixService - Fixed build info for "/var/folders/bq/vtzpc5ns5sg2cthy61lqpg3dfzgbys/T/1557811973202-0/src/PlaceAutocomplete-master/place_autocomplete/build.gradle": [buildToolsVersion=28.0.0-rc2,compileSdkVersion=28,minSdkVersion=15,targetSdkVersion=28]
2019-05-14 12:32:58,717 INFO  LocalPropertiesFixService - Created fake /var/folders/bq/vtzpc5ns5sg2cthy61lqpg3dfzgbys/T/1557811973202-0/src/PlaceAutocomplete-master/local.properties
2019-05-14 12:32:58,718 INFO  WrapperPropertiesFixService - Gradle wrapper: https://services.gradle.org/distributions/gradle-5.1.1-all.zip
2019-05-14 12:32:58,718 INFO  WrapperPropertiesFixService - Gradle wrapper was changed from "-all.zip" to "-bin.zip" (https://services.gradle.org/distributions/gradle-5.1.1-bin.zip)
2019-05-14 12:32:58,720 INFO  ProjectFixService - Build info for "/var/folders/bq/vtzpc5ns5sg2cthy61lqpg3dfzgbys/T/1557811973202-0/src/PlaceAutocomplete-master/build.gradle": [buildToolsVersion=<null>,compileSdkVersion=28,minSdkVersion=15,targetSdkVersion=28]
2019-05-14 12:32:58,720 INFO  ProjectFixService - Fixed build info for "/var/folders/bq/vtzpc5ns5sg2cthy61lqpg3dfzgbys/T/1557811973202-0/src/PlaceAutocomplete-master/build.gradle": [buildToolsVersion=28.0.0-rc2,compileSdkVersion=28,minSdkVersion=15,targetSdkVersion=28]
2019-05-14 12:32:58,721 INFO  ProjectFixService - Project was maybe fixed
2019-05-14 12:32:58,721 INFO  ProjectTaskService - Detecting possible tasks...
2019-05-14 12:32:58,721 INFO  SysUtils - Execute command: [/var/folders/bq/vtzpc5ns5sg2cthy61lqpg3dfzgbys/T/1557811973202-0/src/PlaceAutocomplete-master/gradlew, -b, /var/folders/bq/vtzpc5ns5sg2cthy61lqpg3dfzgbys/T/1557811973202-0/src/PlaceAutocomplete-master/app/build.gradle, -Dorg.gradle.daemon=false, -Dorg.gradle.daemon.performance.enable-monitoring=false, -Dorg.gradle.configureondemand=true, tasks]
2019-05-14 12:33:09,049 INFO  ProjectTaskService - Detected possible tasks: 69
2019-05-14 12:33:09,049 INFO  ProjectTaskService - Excluded tasks (21): lintDebug javadocJar deviceCheck lint testReleaseUnitTest javadoc uninstallRelease deviceAndroidTest uninstallDebugAndroidTest installDebugAndroidTest connectedCheck connectedDebugAndroidTest uninstallAll sourcesJar test check testDebugUnitTest connectedAndroidTest installDebug lintRelease uninstallDebug
2019-05-14 12:33:09,049 INFO  SysUtils - Execute command: [/var/folders/bq/vtzpc5ns5sg2cthy61lqpg3dfzgbys/T/1557811973202-0/src/PlaceAutocomplete-master/gradlew, -b, /var/folders/bq/vtzpc5ns5sg2cthy61lqpg3dfzgbys/T/1557811973202-0/src/PlaceAutocomplete-master/app/build.gradle, -Dorg.gradle.daemon=false, -Dorg.gradle.daemon.performance.enable-monitoring=false, -Dorg.gradle.configureondemand=true, --stacktrace, -x, lintDebug, -x, javadocJar, -x, deviceCheck, -x, lint, -x, testReleaseUnitTest, -x, javadoc, -x, uninstallRelease, -x, deviceAndroidTest, -x, uninstallDebugAndroidTest, -x, installDebugAndroidTest, -x, connectedCheck, -x, connectedDebugAndroidTest, -x, uninstallAll, -x, sourcesJar, -x, test, -x, check, -x, testDebugUnitTest, -x, connectedAndroidTest, -x, installDebug, -x, lintRelease, -x, uninstallDebug, build]
2019-05-14 12:33:15,144 ERROR SysUtils - Could not process external command
org.apache.commons.exec.ExecuteException: Process exited with an error: 1 (Exit value: 1)
	at org.apache.commons.exec.DefaultExecutor.executeInternal(DefaultExecutor.java:404)
	at org.apache.commons.exec.DefaultExecutor.execute(DefaultExecutor.java:166)
	at com.github.vbauer.apkmaster.util.SysUtils.execute(SysUtils.java:67)
	at com.github.vbauer.apkmaster.util.SysUtils.executeSimple(SysUtils.java:43)
	at com.github.vbauer.apkmaster.service.assembly.ProjectBuildService.buildProject(ProjectBuildService.java:78)
	at com.github.vbauer.apkmaster.service.assembly.ProjectBuildService.buildProject(ProjectBuildService.java:64)
	at com.github.vbauer.apkmaster.service.assembly.ProjectBuildService.buildProject(ProjectBuildService.java:43)
	at com.github.vbauer.apkmaster.service.FullProcessService.build(FullProcessService.java:84)
	at com.github.vbauer.apkmaster.service.FullProcessService.process(FullProcessService.java:34)
	at com.github.vbauer.apkmaster.app.MainApplication.process(MainApplication.java:38)
	at com.github.vbauer.apkmaster.app.MainApplication.main(MainApplication.java:20)
	at sun.reflect.NativeMethodAccessorImpl.invoke0(Native Method)
	at sun.reflect.NativeMethodAccessorImpl.invoke(NativeMethodAccessorImpl.java:62)
	at sun.reflect.DelegatingMethodAccessorImpl.invoke(DelegatingMethodAccessorImpl.java:43)
	at java.lang.reflect.Method.invoke(Method.java:498)
	at com.android.arsenal.util.ReflectionUtils.invoke(ReflectionUtils.java:52)
	at com.android.arsenal.util.ApkMasterUtils.main(ApkMasterUtils.java:30)
	at com.android.arsenal.service.processor.impl.BuildProcessorServiceImpl.buildProject(BuildProcessorServiceImpl.java:196)
	at com.android.arsenal.service.processor.impl.BuildProcessorServiceImpl.build(BuildProcessorServiceImpl.java:130)
	at com.android.arsenal.service.processor.impl.BuildProcessorServiceImpl.lambda$createTasks$1(BuildProcessorServiceImpl.java:113)
	at java.util.concurrent.FutureTask.run(FutureTask.java:266)
	at java.util.concurrent.Executors$RunnableAdapter.call(Executors.java:511)
	at java.util.concurrent.FutureTask.run(FutureTask.java:266)
	at java.util.concurrent.ThreadPoolExecutor.runWorker(ThreadPoolExecutor.java:1149)
	at java.util.concurrent.ThreadPoolExecutor$Worker.run(ThreadPoolExecutor.java:624)
	at java.lang.Thread.run(Thread.java:748)
2019-05-14 12:33:15,144 INFO  SysUtils - Configuration on demand is an incubating feature.

FAILURE: Build failed with an exception.

* What went wrong:
Task 'javadocJar' not found in project ':app'.

* Try:
Run gradlew tasks to get a list of available tasks. Run with --info or --debug option to get more log output. Run with --scan to get full insights.

* Exception is:
org.gradle.execution.TaskSelectionException: Task 'javadocJar' not found in project ':app'.
	at org.gradle.execution.TaskSelector.getSelection(TaskSelector.java:116)
	at org.gradle.execution.TaskSelector.getFilter(TaskSelector.java:66)
	at org.gradle.execution.ExcludedTaskFilteringBuildConfigurationAction.configure(ExcludedTaskFilteringBuildConfigurationAction.java:42)
	at org.gradle.execution.DefaultBuildConfigurationActionExecuter.configure(DefaultBuildConfigurationActionExecuter.java:57)
	at org.gradle.execution.DefaultBuildConfigurationActionExecuter.access$200(DefaultBuildConfigurationActionExecuter.java:26)
	at org.gradle.execution.DefaultBuildConfigurationActionExecuter$1.run(DefaultBuildConfigurationActionExecuter.java:43)
	at org.gradle.internal.Factories$1.create(Factories.java:25)
	at org.gradle.api.internal.project.DefaultProjectStateRegistry.withLenientState(DefaultProjectStateRegistry.java:132)
	at org.gradle.api.internal.project.DefaultProjectStateRegistry.withLenientState(DefaultProjectStateRegistry.java:124)
	at org.gradle.execution.DefaultBuildConfigurationActionExecuter.select(DefaultBuildConfigurationActionExecuter.java:39)
	at org.gradle.initialization.DefaultGradleLauncher$CalculateTaskGraph.run(DefaultGradleLauncher.java:333)
	at org.gradle.internal.operations.DefaultBuildOperationExecutor$RunnableBuildOperationWorker.execute(DefaultBuildOperationExecutor.java:301)
	at org.gradle.internal.operations.DefaultBuildOperationExecutor$RunnableBuildOperationWorker.execute(DefaultBuildOperationExecutor.java:293)
	at org.gradle.internal.operations.DefaultBuildOperationExecutor.execute(DefaultBuildOperationExecutor.java:175)
	at org.gradle.internal.operations.DefaultBuildOperationExecutor.run(DefaultBuildOperationExecutor.java:91)
	at org.gradle.internal.operations.DelegatingBuildOperationExecutor.run(DelegatingBuildOperationExecutor.java:31)
	at org.gradle.initialization.DefaultGradleLauncher.constructTaskGraph(DefaultGradleLauncher.java:218)
	at org.gradle.initialization.DefaultGradleLauncher.doBuildStages(DefaultGradleLauncher.java:155)
	at org.gradle.initialization.DefaultGradleLauncher.executeTasks(DefaultGradleLauncher.java:134)
	at org.gradle.internal.invocation.GradleBuildController$1.execute(GradleBuildController.java:58)
	at org.gradle.internal.invocation.GradleBuildController$1.execute(GradleBuildController.java:55)
	at org.gradle.internal.invocation.GradleBuildController$3.create(GradleBuildController.java:82)
	at org.gradle.internal.invocation.GradleBuildController$3.create(GradleBuildController.java:75)
	at org.gradle.internal.work.DefaultWorkerLeaseService.withLocks(DefaultWorkerLeaseService.java:183)
	at org.gradle.internal.work.StopShieldingWorkerLeaseService.withLocks(StopShieldingWorkerLeaseService.java:40)
	at org.gradle.internal.invocation.GradleBuildController.doBuild(GradleBuildController.java:75)
	at org.gradle.internal.invocation.GradleBuildController.run(GradleBuildController.java:55)
	at org.gradle.tooling.internal.provider.ExecuteBuildActionRunner.run(ExecuteBuildActionRunner.java:31)
	at org.gradle.launcher.exec.ChainingBuildActionRunner.run(ChainingBuildActionRunner.java:35)
	at org.gradle.launcher.exec.BuildOutcomeReportingBuildActionRunner.run(BuildOutcomeReportingBuildActionRunner.java:58)
	at org.gradle.tooling.internal.provider.ValidatingBuildActionRunner.run(ValidatingBuildActionRunner.java:32)
	at org.gradle.launcher.exec.BuildCompletionNotifyingBuildActionRunner.run(BuildCompletionNotifyingBuildActionRunner.java:39)
	at org.gradle.launcher.exec.RunAsBuildOperationBuildActionRunner$3.call(RunAsBuildOperationBuildActionRunner.java:49)
	at org.gradle.launcher.exec.RunAsBuildOperationBuildActionRunner$3.call(RunAsBuildOperationBuildActionRunner.java:44)
	at org.gradle.internal.operations.DefaultBuildOperationExecutor$CallableBuildOperationWorker.execute(DefaultBuildOperationExecutor.java:315)
	at org.gradle.internal.operations.DefaultBuildOperationExecutor$CallableBuildOperationWorker.execute(DefaultBuildOperationExecutor.java:305)
	at org.gradle.internal.operations.DefaultBuildOperationExecutor.execute(DefaultBuildOperationExecutor.java:175)
	at org.gradle.internal.operations.DefaultBuildOperationExecutor.call(DefaultBuildOperationExecutor.java:101)
	at org.gradle.internal.operations.DelegatingBuildOperationExecutor.call(DelegatingBuildOperationExecutor.java:36)
	at org.gradle.launcher.exec.RunAsBuildOperationBuildActionRunner.run(RunAsBuildOperationBuildActionRunner.java:44)
	at org.gradle.launcher.exec.InProcessBuildActionExecuter$1.transform(InProcessBuildActionExecuter.java:49)
	at org.gradle.launcher.exec.InProcessBuildActionExecuter$1.transform(InProcessBuildActionExecuter.java:46)
	at org.gradle.composite.internal.DefaultRootBuildState.run(DefaultRootBuildState.java:78)
	at org.gradle.launcher.exec.InProcessBuildActionExecuter.execute(InProcessBuildActionExecuter.java:46)
	at org.gradle.launcher.exec.InProcessBuildActionExecuter.execute(InProcessBuildActionExecuter.java:31)
	at org.gradle.launcher.exec.BuildTreeScopeBuildActionExecuter.execute(BuildTreeScopeBuildActionExecuter.java:42)
	at org.gradle.launcher.exec.BuildTreeScopeBuildActionExecuter.execute(BuildTreeScopeBuildActionExecuter.java:28)
	at org.gradle.tooling.internal.provider.ContinuousBuildActionExecuter.execute(ContinuousBuildActionExecuter.java:78)
	at org.gradle.tooling.internal.provider.ContinuousBuildActionExecuter.execute(ContinuousBuildActionExecuter.java:52)
	at org.gradle.tooling.internal.provider.SubscribableBuildActionExecuter.execute(SubscribableBuildActionExecuter.java:59)
	at org.gradle.tooling.internal.provider.SubscribableBuildActionExecuter.execute(SubscribableBuildActionExecuter.java:36)
	at org.gradle.tooling.internal.provider.SessionScopeBuildActionExecuter.execute(SessionScopeBuildActionExecuter.java:68)
	at org.gradle.tooling.internal.provider.SessionScopeBuildActionExecuter.execute(SessionScopeBuildActionExecuter.java:38)
	at org.gradle.tooling.internal.provider.GradleThreadBuildActionExecuter.execute(GradleThreadBuildActionExecuter.java:37)
	at org.gradle.tooling.internal.provider.GradleThreadBuildActionExecuter.execute(GradleThreadBuildActionExecuter.java:26)
	at org.gradle.tooling.internal.provider.ParallelismConfigurationBuildActionExecuter.execute(ParallelismConfigurationBuildActionExecuter.java:43)
	at org.gradle.tooling.internal.provider.ParallelismConfigurationBuildActionExecuter.execute(ParallelismConfigurationBuildActionExecuter.java:29)
	at org.gradle.tooling.internal.provider.StartParamsValidatingActionExecuter.execute(StartParamsValidatingActionExecuter.java:60)
	at org.gradle.tooling.internal.provider.StartParamsValidatingActionExecuter.execute(StartParamsValidatingActionExecuter.java:32)
	at org.gradle.tooling.internal.provider.SessionFailureReportingActionExecuter.execute(SessionFailureReportingActionExecuter.java:55)
	at org.gradle.tooling.internal.provider.SessionFailureReportingActionExecuter.execute(SessionFailureReportingActionExecuter.java:41)
	at org.gradle.tooling.internal.provider.SetupLoggingActionExecuter.execute(SetupLoggingActionExecuter.java:48)
	at org.gradle.tooling.internal.provider.SetupLoggingActionExecuter.execute(SetupLoggingActionExecuter.java:32)
	at org.gradle.launcher.cli.RunBuildAction.run(RunBuildAction.java:55)
	at org.gradle.internal.Actions$RunnableActionAdapter.execute(Actions.java:207)
	at org.gradle.launcher.cli.CommandLineActionFactory$ParseAndBuildAction.execute(CommandLineActionFactory.java:403)
	at org.gradle.launcher.cli.CommandLineActionFactory$ParseAndBuildAction.execute(CommandLineActionFactory.java:376)
	at org.gradle.launcher.cli.ExceptionReportingAction.execute(ExceptionReportingAction.java:37)
	at org.gradle.launcher.cli.ExceptionReportingAction.execute(ExceptionReportingAction.java:23)
	at org.gradle.launcher.cli.CommandLineActionFactory$WithLogging.execute(CommandLineActionFactory.java:369)
	at org.gradle.launcher.cli.CommandLineActionFactory$WithLogging.execute(CommandLineActionFactory.java:299)
	at org.gradle.launcher.Main.doAction(Main.java:36)
	at org.gradle.launcher.bootstrap.EntryPoint.run(EntryPoint.java:45)
	at org.gradle.launcher.bootstrap.ProcessBootstrap.runNoExit(ProcessBootstrap.java:60)
	at org.gradle.launcher.bootstrap.ProcessBootstrap.run(ProcessBootstrap.java:37)
	at org.gradle.launcher.GradleMain.main(GradleMain.java:23)
	at org.gradle.wrapper.BootstrapMainStarter.start(BootstrapMainStarter.java:31)
	at org.gradle.wrapper.WrapperExecutor.execute(WrapperExecutor.java:108)
	at org.gradle.wrapper.GradleWrapperMain.main(GradleWrapperMain.java:61)


* Get more help at https://help.gradle.org

BUILD FAILED in 5s

2019-05-14 12:33:15,144 ERROR ProjectBuildService - Excluded tasks were detected wrong
2019-05-14 12:33:15,144 INFO  SysUtils - Execute command: [/var/folders/bq/vtzpc5ns5sg2cthy61lqpg3dfzgbys/T/1557811973202-0/src/PlaceAutocomplete-master/gradlew, -b, /var/folders/bq/vtzpc5ns5sg2cthy61lqpg3dfzgbys/T/1557811973202-0/src/PlaceAutocomplete-master/app/build.gradle, -Dorg.gradle.daemon=false, -Dorg.gradle.daemon.performance.enable-monitoring=false, -Dorg.gradle.configureondemand=true, --stacktrace, build]
2019-05-14 12:34:46,729 INFO  SysUtils - Configuration on demand is an incubating feature.

> Configure project :place_autocomplete
Kotlin plugin should be enabled before 'kotlin-android-extensions'
WARNING: API 'variant.getPackageLibrary()' is obsolete and has been replaced with 'variant.getPackageLibraryProvider()'.
It will be removed at the end of 2019.
For more information, see https://d.android.com/r/tools/task-configuration-avoidance.
REASON: The Kotlin plugin is currently calling this API. We are working to solve this.
WARNING: Debugging obsolete API calls can take time during configuration. It's recommended to not keep it on at all times.

> Task :app:preBuild UP-TO-DATE
> Task :place_autocomplete:preBuild UP-TO-DATE
> Task :place_autocomplete:preDebugBuild UP-TO-DATE
> Task :place_autocomplete:checkDebugManifest
> Task :place_autocomplete:processDebugManifest
> Task :app:preDebugBuild
> Task :place_autocomplete:compileDebugAidl NO-SOURCE
> Task :app:compileDebugAidl NO-SOURCE
> Task :place_autocomplete:packageDebugRenderscript NO-SOURCE
> Task :app:compileDebugRenderscript NO-SOURCE
> Task :app:checkDebugManifest
> Task :app:generateDebugBuildConfig
> Task :app:mainApkListPersistenceDebug
> Task :app:generateDebugResValues
> Task :app:generateDebugResources
> Task :place_autocomplete:compileDebugRenderscript NO-SOURCE
> Task :place_autocomplete:generateDebugResValues
> Task :place_autocomplete:generateDebugResources
> Task :place_autocomplete:packageDebugResources
> Task :app:mergeDebugResources
> Task :app:createDebugCompatibleScreenManifests
> Task :app:processDebugManifest
> Task :place_autocomplete:generateDebugBuildConfig
> Task :place_autocomplete:generateDebugRFile
> Task :app:processDebugResources
> Task :place_autocomplete:kaptGenerateStubsDebugKotlin
> Task :place_autocomplete:kaptDebugKotlin
> Task :place_autocomplete:compileDebugKotlin
> Task :place_autocomplete:prepareLintJar
> Task :place_autocomplete:generateDebugSources
> Task :place_autocomplete:javaPreCompileDebug
> Task :place_autocomplete:compileDebugJavaWithJavac
> Task :place_autocomplete:bundleLibCompileDebug
> Task :app:kaptGenerateStubsDebugKotlin
> Task :app:kaptDebugKotlin
> Task :app:compileDebugKotlin
> Task :app:prepareLintJar
> Task :app:generateDebugSources
> Task :app:javaPreCompileDebug
> Task :app:compileDebugJavaWithJavac
> Task :app:compileDebugSources
> Task :app:mergeDebugShaders
> Task :app:compileDebugShaders
> Task :app:generateDebugAssets
> Task :place_autocomplete:mergeDebugShaders
> Task :place_autocomplete:compileDebugShaders
> Task :place_autocomplete:generateDebugAssets
> Task :place_autocomplete:packageDebugAssets
> Task :app:mergeDebugAssets
> Task :app:validateSigningDebug
> Task :app:signingConfigWriterDebug
> Task :app:checkDebugDuplicateClasses
> Task :place_autocomplete:bundleLibRuntimeDebug
/Users/vbauer/.gradle/caches/modules-2/files-2.1/com.squareup.okhttp3/okhttp/3.14.0/c3a9efd10f26a802da2c47dbe54a8d4c44a6019f/okhttp-3.14.0.jar: D8: Type `org.conscrypt.Conscrypt` was not found, it is required for default or static interface methods desugaring of `java.security.Provider okhttp3.internal.platform.ConscryptPlatform.getProvider()`
D8: synthesized for lambda desugaring: Type `okhttp3.Dns$-CC` was not found, it is required for default or static interface methods desugaring of `java.util.List okhttp3.-$$Lambda$Dns$mTkNcZf2K4euny3_jks6Cac6Az0.lookup(java.lang.String)`
D8: synthesized for lambda desugaring: Type `okhttp3.Authenticator$-CC` was not found, it is required for default or static interface methods desugaring of `okhttp3.Request okhttp3.-$$Lambda$Authenticator$xBBU2iHkJpDKH0vhaB2vteUyEoc.authenticate(okhttp3.Route, okhttp3.Response)`
> Task :app:transformClassesWithDexBuilderForDebug
> Task :app:transformDexArchiveWithExternalLibsDexMergerForDebug
> Task :app:transformDexArchiveWithDexMergerForDebug
> Task :app:mergeDebugJniLibFolders
> Task :place_autocomplete:processDebugJavaRes NO-SOURCE
> Task :place_autocomplete:bundleLibResDebug
> Task :place_autocomplete:mergeDebugJniLibFolders
> Task :place_autocomplete:transformNativeLibsWithMergeJniLibsForDebug
> Task :place_autocomplete:transformNativeLibsWithStripDebugSymbolForDebug
> Task :place_autocomplete:transformNativeLibsWithIntermediateJniLibsForDebug
> Task :app:transformNativeLibsWithMergeJniLibsForDebug
> Task :app:transformNativeLibsWithStripDebugSymbolForDebug
> Task :app:processDebugJavaRes NO-SOURCE
> Task :app:transformResourcesWithMergeJavaResForDebug
> Task :app:packageDebug
> Task :app:assembleDebug
> Task :place_autocomplete:preReleaseBuild UP-TO-DATE
> Task :place_autocomplete:checkReleaseManifest
> Task :place_autocomplete:processReleaseManifest
> Task :app:preReleaseBuild
> Task :place_autocomplete:compileReleaseAidl NO-SOURCE
> Task :app:compileReleaseAidl NO-SOURCE
> Task :place_autocomplete:packageReleaseRenderscript NO-SOURCE
> Task :app:compileReleaseRenderscript NO-SOURCE
> Task :app:checkReleaseManifest
> Task :app:generateReleaseBuildConfig
> Task :app:mainApkListPersistenceRelease
> Task :app:generateReleaseResValues
> Task :app:generateReleaseResources
> Task :place_autocomplete:compileReleaseRenderscript NO-SOURCE
> Task :place_autocomplete:generateReleaseResValues
> Task :place_autocomplete:generateReleaseResources
> Task :place_autocomplete:packageReleaseResources
> Task :app:mergeReleaseResources
> Task :app:createReleaseCompatibleScreenManifests
> Task :app:processReleaseManifest
> Task :place_autocomplete:generateReleaseRFile
> Task :app:processReleaseResources
> Task :place_autocomplete:generateReleaseBuildConfig
> Task :place_autocomplete:kaptGenerateStubsReleaseKotlin
> Task :place_autocomplete:kaptReleaseKotlin
> Task :place_autocomplete:compileReleaseKotlin
> Task :place_autocomplete:generateReleaseSources
> Task :place_autocomplete:javaPreCompileRelease
> Task :place_autocomplete:compileReleaseJavaWithJavac
> Task :place_autocomplete:bundleLibCompileRelease
> Task :app:kaptGenerateStubsReleaseKotlin
> Task :app:kaptReleaseKotlin
> Task :app:compileReleaseKotlin
> Task :app:generateReleaseSources
> Task :app:javaPreCompileRelease
> Task :app:compileReleaseJavaWithJavac
> Task :app:compileReleaseSources
> Task :place_autocomplete:prepareLintJarForPublish
> Task :app:lintVitalRelease SKIPPED
> Task :app:mergeReleaseShaders
> Task :app:compileReleaseShaders
> Task :app:generateReleaseAssets
> Task :place_autocomplete:mergeReleaseShaders
> Task :place_autocomplete:compileReleaseShaders
> Task :place_autocomplete:generateReleaseAssets
> Task :place_autocomplete:packageReleaseAssets
> Task :app:mergeReleaseAssets
> Task :app:signingConfigWriterRelease
> Task :app:checkReleaseDuplicateClasses
> Task :place_autocomplete:bundleLibRuntimeRelease
/Users/vbauer/.gradle/caches/modules-2/files-2.1/com.squareup.okhttp3/okhttp/3.14.0/c3a9efd10f26a802da2c47dbe54a8d4c44a6019f/okhttp-3.14.0.jar: D8: Type `org.conscrypt.Conscrypt` was not found, it is required for default or static interface methods desugaring of `java.security.Provider okhttp3.internal.platform.ConscryptPlatform.getProvider()`
D8: synthesized for lambda desugaring: Type `okhttp3.Dns$-CC` was not found, it is required for default or static interface methods desugaring of `java.util.List okhttp3.-$$Lambda$Dns$mTkNcZf2K4euny3_jks6Cac6Az0.lookup(java.lang.String)`
D8: synthesized for lambda desugaring: Type `okhttp3.Authenticator$-CC` was not found, it is required for default or static interface methods desugaring of `okhttp3.Request okhttp3.-$$Lambda$Authenticator$xBBU2iHkJpDKH0vhaB2vteUyEoc.authenticate(okhttp3.Route, okhttp3.Response)`
> Task :app:transformClassesWithDexBuilderForRelease
> Task :app:transformDexArchiveWithExternalLibsDexMergerForRelease
> Task :app:transformDexArchiveWithDexMergerForRelease
> Task :app:mergeReleaseJniLibFolders
> Task :place_autocomplete:processReleaseJavaRes NO-SOURCE
> Task :place_autocomplete:bundleLibResRelease
> Task :place_autocomplete:mergeReleaseJniLibFolders
> Task :place_autocomplete:transformNativeLibsWithMergeJniLibsForRelease
> Task :place_autocomplete:transformNativeLibsWithStripDebugSymbolForRelease
> Task :place_autocomplete:transformNativeLibsWithIntermediateJniLibsForRelease
> Task :app:transformNativeLibsWithMergeJniLibsForRelease
> Task :app:transformNativeLibsWithStripDebugSymbolForRelease
> Task :app:processReleaseJavaRes NO-SOURCE
> Task :app:transformResourcesWithMergeJavaResForRelease
> Task :app:packageRelease
> Task :app:assembleRelease
> Task :app:assemble

> Task :app:lint
Calling mockable JAR artifact transform to create file: /Users/vbauer/.gradle/caches/transforms-2/files-2.1/4043af83564223becba46c90eb106470/android.jar with input /Users/vbauer/Library/Android/sdk/platforms/android-28/android.jar
Ran lint on variant debug: 9 issues found
Ran lint on variant release: 9 issues found
Wrote HTML report to file:///private/var/folders/bq/vtzpc5ns5sg2cthy61lqpg3dfzgbys/T/1557811973202-0/src/PlaceAutocomplete-master/app/build/reports/lint-results.html
Wrote XML report to file:///private/var/folders/bq/vtzpc5ns5sg2cthy61lqpg3dfzgbys/T/1557811973202-0/src/PlaceAutocomplete-master/app/build/reports/lint-results.xml

> Task :app:kaptGenerateStubsDebugUnitTestKotlin
> Task :app:kaptDebugUnitTestKotlin
> Task :app:compileDebugUnitTestKotlin
> Task :app:generateDebugUnitTestSources
> Task :app:preDebugUnitTestBuild UP-TO-DATE
> Task :app:javaPreCompileDebugUnitTest
> Task :app:compileDebugUnitTestJavaWithJavac NO-SOURCE
> Task :app:processDebugUnitTestJavaRes NO-SOURCE
> Task :app:testDebugUnitTest
> Task :app:kaptGenerateStubsReleaseUnitTestKotlin
> Task :app:kaptReleaseUnitTestKotlin
> Task :app:compileReleaseUnitTestKotlin
> Task :app:generateReleaseUnitTestSources
> Task :app:preReleaseUnitTestBuild UP-TO-DATE
> Task :app:javaPreCompileReleaseUnitTest
> Task :app:compileReleaseUnitTestJavaWithJavac NO-SOURCE
> Task :app:processReleaseUnitTestJavaRes NO-SOURCE
> Task :app:testReleaseUnitTest
> Task :app:test
> Task :app:check
> Task :app:build

Deprecated Gradle features were used in this build, making it incompatible with Gradle 6.0.
Use '--warning-mode all' to show the individual deprecation warnings.
See https://docs.gradle.org/5.1.1/userguide/command_line_interface.html#sec:command_line_warnings

BUILD SUCCESSFUL in 1m 30s
111 actionable tasks: 111 executed

2019-05-14 12:34:46,918 INFO  FullProcessService - Found APK file: /var/folders/bq/vtzpc5ns5sg2cthy61lqpg3dfzgbys/T/1557811973202-0/src/PlaceAutocomplete-master/app/build/outputs/apk/debug/app-debug.apk
