2020-01-04 20:34:00,249 INFO  DownloadService - Downloading "https://github.com/mazenrashed/LogDNA-Android-Client/archive/master.zip", attempt 3
2020-01-04 20:34:02,493 INFO  DownloadService - Downloaded https://github.com/mazenrashed/LogDNA-Android-Client/archive/master.zip, attempt 3
2020-01-04 20:34:02,493 INFO  DownloadService - Size of file "/var/folders/bq/vtzpc5ns5sg2cthy61lqpg3dfzgbys/T/1578144840241-0/master.zip": 172 KB
2020-01-04 20:34:02,493 INFO  ArchiveUtils - Checking entries [.gradle] in ZIP file...
2020-01-04 20:34:02,495 INFO  ArchiveUtils - Has entries [.gradle] in ZIP file /var/folders/bq/vtzpc5ns5sg2cthy61lqpg3dfzgbys/T/1578144840241-0/master.zip: true
2020-01-04 20:34:02,495 DEBUG ZipUtil - Extracting '/var/folders/bq/vtzpc5ns5sg2cthy61lqpg3dfzgbys/T/1578144840241-0/master.zip' into '/var/folders/bq/vtzpc5ns5sg2cthy61lqpg3dfzgbys/T/1578144840241-0/src'.
2020-01-04 20:34:02,514 INFO  FullProcessService - Size of directory with sources: 336 KB
2020-01-04 20:34:02,514 INFO  SysUtils - Execute command: [git, init, /var/folders/bq/vtzpc5ns5sg2cthy61lqpg3dfzgbys/T/1578144840241-0/src]
2020-01-04 20:34:02,534 INFO  SysUtils - Initialized empty Git repository in /private/var/folders/bq/vtzpc5ns5sg2cthy61lqpg3dfzgbys/T/1578144840241-0/src/.git/

2020-01-04 20:34:02,536 INFO  ProjectBuildService - Gradle wrapper(s): /var/folders/bq/vtzpc5ns5sg2cthy61lqpg3dfzgbys/T/1578144840241-0/src/LogDNA-Android-Client-master/gradlew
2020-01-04 20:34:02,538 INFO  ProjectBuildService - Build script(s): /var/folders/bq/vtzpc5ns5sg2cthy61lqpg3dfzgbys/T/1578144840241-0/src/LogDNA-Android-Client-master/app/build.gradle /var/folders/bq/vtzpc5ns5sg2cthy61lqpg3dfzgbys/T/1578144840241-0/src/LogDNA-Android-Client-master/lib/build.gradle /var/folders/bq/vtzpc5ns5sg2cthy61lqpg3dfzgbys/T/1578144840241-0/src/LogDNA-Android-Client-master/build.gradle
2020-01-04 20:34:02,540 INFO  ProjectBuildService - All script(s): /var/folders/bq/vtzpc5ns5sg2cthy61lqpg3dfzgbys/T/1578144840241-0/src/LogDNA-Android-Client-master/app/build.gradle /var/folders/bq/vtzpc5ns5sg2cthy61lqpg3dfzgbys/T/1578144840241-0/src/LogDNA-Android-Client-master/build.gradle /var/folders/bq/vtzpc5ns5sg2cthy61lqpg3dfzgbys/T/1578144840241-0/src/LogDNA-Android-Client-master/lib/build.gradle /var/folders/bq/vtzpc5ns5sg2cthy61lqpg3dfzgbys/T/1578144840241-0/src/LogDNA-Android-Client-master/settings.gradle
2020-01-04 20:34:02,540 INFO  ProjectBuildService - Remote scripts: none
2020-01-04 20:34:02,540 INFO  ProjectFixService - Fixing project...
2020-01-04 20:34:02,546 INFO  LocalPropertiesFixService - Created fake /var/folders/bq/vtzpc5ns5sg2cthy61lqpg3dfzgbys/T/1578144840241-0/src/LogDNA-Android-Client-master/app/local.properties
2020-01-04 20:34:02,547 INFO  ProjectFixService - Build info for "/var/folders/bq/vtzpc5ns5sg2cthy61lqpg3dfzgbys/T/1578144840241-0/src/LogDNA-Android-Client-master/app/build.gradle": [buildToolsVersion=<null>,compileSdkVersion=28,minSdkVersion=19,targetSdkVersion=28]
2020-01-04 20:34:02,547 INFO  ProjectFixService - Fixed build info for "/var/folders/bq/vtzpc5ns5sg2cthy61lqpg3dfzgbys/T/1578144840241-0/src/LogDNA-Android-Client-master/app/build.gradle": [buildToolsVersion=28.0.0-rc2,compileSdkVersion=28,minSdkVersion=19,targetSdkVersion=28]
2020-01-04 20:34:02,548 INFO  LocalPropertiesFixService - Created fake /var/folders/bq/vtzpc5ns5sg2cthy61lqpg3dfzgbys/T/1578144840241-0/src/LogDNA-Android-Client-master/lib/local.properties
2020-01-04 20:34:02,549 INFO  ProjectFixService - Build info for "/var/folders/bq/vtzpc5ns5sg2cthy61lqpg3dfzgbys/T/1578144840241-0/src/LogDNA-Android-Client-master/lib/build.gradle": [buildToolsVersion=<null>,compileSdkVersion=28,minSdkVersion=15,targetSdkVersion=28]
2020-01-04 20:34:02,549 INFO  ProjectFixService - Fixed build info for "/var/folders/bq/vtzpc5ns5sg2cthy61lqpg3dfzgbys/T/1578144840241-0/src/LogDNA-Android-Client-master/lib/build.gradle": [buildToolsVersion=28.0.0-rc2,compileSdkVersion=28,minSdkVersion=15,targetSdkVersion=28]
2020-01-04 20:34:02,550 INFO  LocalPropertiesFixService - Created fake /var/folders/bq/vtzpc5ns5sg2cthy61lqpg3dfzgbys/T/1578144840241-0/src/LogDNA-Android-Client-master/local.properties
2020-01-04 20:34:02,551 INFO  WrapperPropertiesFixService - Gradle wrapper: https://services.gradle.org/distributions/gradle-5.1.1-all.zip
2020-01-04 20:34:02,551 INFO  WrapperPropertiesFixService - Gradle wrapper was changed from "-all.zip" to "-bin.zip" (https://services.gradle.org/distributions/gradle-5.1.1-bin.zip)
2020-01-04 20:34:02,552 INFO  ProjectFixService - Build info for "/var/folders/bq/vtzpc5ns5sg2cthy61lqpg3dfzgbys/T/1578144840241-0/src/LogDNA-Android-Client-master/build.gradle": [buildToolsVersion=<null>,compileSdkVersion=28,minSdkVersion=19,targetSdkVersion=28]
2020-01-04 20:34:02,552 INFO  ProjectFixService - Fixed build info for "/var/folders/bq/vtzpc5ns5sg2cthy61lqpg3dfzgbys/T/1578144840241-0/src/LogDNA-Android-Client-master/build.gradle": [buildToolsVersion=28.0.0-rc2,compileSdkVersion=28,minSdkVersion=19,targetSdkVersion=28]
2020-01-04 20:34:02,552 INFO  ProjectFixService - Project was maybe fixed
2020-01-04 20:34:02,552 INFO  ProjectTaskService - Detecting possible tasks...
2020-01-04 20:34:02,552 INFO  SysUtils - Execute command: [/var/folders/bq/vtzpc5ns5sg2cthy61lqpg3dfzgbys/T/1578144840241-0/src/LogDNA-Android-Client-master/gradlew, -b, /var/folders/bq/vtzpc5ns5sg2cthy61lqpg3dfzgbys/T/1578144840241-0/src/LogDNA-Android-Client-master/app/build.gradle, -Dorg.gradle.daemon=false, -Dorg.gradle.daemon.performance.enable-monitoring=false, -Dorg.gradle.configureondemand=true, tasks]
2020-01-04 20:34:15,136 INFO  VirusProcessorServiceImpl - Queued project 7590 to scan viruses
2020-01-04 20:34:15,631 INFO  ProjectTaskService - Detected possible tasks: 66
2020-01-04 20:34:15,632 INFO  ProjectTaskService - Excluded tasks (18): lintDebug deviceCheck lint testReleaseUnitTest uninstallRelease deviceAndroidTest uninstallDebugAndroidTest installDebugAndroidTest connectedCheck connectedDebugAndroidTest uninstallAll test check testDebugUnitTest connectedAndroidTest installDebug lintRelease uninstallDebug
2020-01-04 20:34:15,632 INFO  SysUtils - Execute command: [/var/folders/bq/vtzpc5ns5sg2cthy61lqpg3dfzgbys/T/1578144840241-0/src/LogDNA-Android-Client-master/gradlew, -b, /var/folders/bq/vtzpc5ns5sg2cthy61lqpg3dfzgbys/T/1578144840241-0/src/LogDNA-Android-Client-master/app/build.gradle, -Dorg.gradle.daemon=false, -Dorg.gradle.daemon.performance.enable-monitoring=false, -Dorg.gradle.configureondemand=true, --stacktrace, -x, lintDebug, -x, deviceCheck, -x, lint, -x, testReleaseUnitTest, -x, uninstallRelease, -x, deviceAndroidTest, -x, uninstallDebugAndroidTest, -x, installDebugAndroidTest, -x, connectedCheck, -x, connectedDebugAndroidTest, -x, uninstallAll, -x, test, -x, check, -x, testDebugUnitTest, -x, connectedAndroidTest, -x, installDebug, -x, lintRelease, -x, uninstallDebug, build]
2020-01-04 20:34:35,763 ERROR SysUtils - Could not process external command
org.apache.commons.exec.ExecuteException: Process exited with an error: 1 (Exit value: 1)
	at org.apache.commons.exec.DefaultExecutor.executeInternal(DefaultExecutor.java:404)
	at org.apache.commons.exec.DefaultExecutor.execute(DefaultExecutor.java:166)
	at com.github.vbauer.apkmaster.util.SysUtils.execute(SysUtils.java:67)
	at com.github.vbauer.apkmaster.util.SysUtils.executeSimple(SysUtils.java:43)
	at com.github.vbauer.apkmaster.service.assembly.ProjectBuildService.buildProject(ProjectBuildService.java:78)
	at com.github.vbauer.apkmaster.service.assembly.ProjectBuildService.buildProject(ProjectBuildService.java:64)
	at com.github.vbauer.apkmaster.service.assembly.ProjectBuildService.buildProject(ProjectBuildService.java:43)
	at com.github.vbauer.apkmaster.service.FullProcessService.build(FullProcessService.java:84)
	at com.github.vbauer.apkmaster.service.FullProcessService.process(FullProcessService.java:34)
	at com.github.vbauer.apkmaster.app.MainApplication.process(MainApplication.java:38)
	at com.github.vbauer.apkmaster.app.MainApplication.main(MainApplication.java:20)
	at sun.reflect.NativeMethodAccessorImpl.invoke0(Native Method)
	at sun.reflect.NativeMethodAccessorImpl.invoke(NativeMethodAccessorImpl.java:62)
	at sun.reflect.DelegatingMethodAccessorImpl.invoke(DelegatingMethodAccessorImpl.java:43)
	at java.lang.reflect.Method.invoke(Method.java:498)
	at com.android.arsenal.util.ReflectionUtils.invoke(ReflectionUtils.java:52)
	at com.android.arsenal.util.ApkMasterUtils.main(ApkMasterUtils.java:30)
	at com.android.arsenal.service.processor.impl.BuildProcessorServiceImpl.buildProject(BuildProcessorServiceImpl.java:197)
	at com.android.arsenal.service.processor.impl.BuildProcessorServiceImpl.build(BuildProcessorServiceImpl.java:131)
	at com.android.arsenal.service.processor.impl.BuildProcessorServiceImpl.lambda$createTasks$1(BuildProcessorServiceImpl.java:114)
	at java.util.concurrent.FutureTask.run(FutureTask.java:266)
	at java.util.concurrent.Executors$RunnableAdapter.call(Executors.java:511)
	at java.util.concurrent.FutureTask.run(FutureTask.java:266)
	at java.util.concurrent.ThreadPoolExecutor.runWorker(ThreadPoolExecutor.java:1149)
	at java.util.concurrent.ThreadPoolExecutor$Worker.run(ThreadPoolExecutor.java:624)
	at java.lang.Thread.run(Thread.java:748)
2020-01-04 20:34:35,763 INFO  SysUtils - Configuration on demand is an incubating feature.
> Task :app:preBuild UP-TO-DATE
> Task :lib:preBuild UP-TO-DATE
> Task :lib:preDebugBuild UP-TO-DATE
> Task :lib:checkDebugManifest
> Task :lib:processDebugManifest
> Task :app:preDebugBuild
> Task :lib:compileDebugAidl NO-SOURCE
> Task :app:compileDebugAidl NO-SOURCE
> Task :lib:packageDebugRenderscript NO-SOURCE
> Task :app:compileDebugRenderscript NO-SOURCE
> Task :app:checkDebugManifest
> Task :app:generateDebugBuildConfig
> Task :app:mainApkListPersistenceDebug
> Task :app:generateDebugResValues
> Task :app:generateDebugResources
> Task :lib:compileDebugRenderscript NO-SOURCE
> Task :lib:generateDebugResValues
> Task :lib:generateDebugResources
> Task :lib:packageDebugResources
> Task :app:mergeDebugResources
> Task :app:createDebugCompatibleScreenManifests
> Task :app:processDebugManifest
> Task :lib:generateDebugRFile
> Task :app:processDebugResources
> Task :lib:generateDebugBuildConfig
> Task :lib:kaptGenerateStubsDebugKotlin
> Task :lib:kaptDebugKotlin
> Task :lib:compileDebugKotlin
> Task :lib:prepareLintJar
> Task :lib:generateDebugSources
> Task :lib:javaPreCompileDebug
> Task :lib:compileDebugJavaWithJavac
> Task :lib:bundleLibCompileDebug

> Task :app:compileDebugKotlin FAILED
e: /private/var/folders/bq/vtzpc5ns5sg2cthy61lqpg3dfzgbys/T/1578144840241-0/src/LogDNA-Android-Client-master/app/src/main/java/com/mazenrashed/logdnaandroidclient/MainActivity.kt: (19, 46): No value passed for parameter 'hostName'

FAILURE: Build failed with an exception.

* What went wrong:
Execution failed for task ':app:compileDebugKotlin'.
> Compilation error. See log for more details

* Try:
Run with --info or --debug option to get more log output. Run with --scan to get full insights.

* Exception is:
org.gradle.api.tasks.TaskExecutionException: Execution failed for task ':app:compileDebugKotlin'.
	at org.gradle.api.internal.tasks.execution.ExecuteActionsTaskExecuter.execute(ExecuteActionsTaskExecuter.java:95)
	at org.gradle.api.internal.tasks.execution.ResolveTaskOutputCachingStateExecuter.execute(ResolveTaskOutputCachingStateExecuter.java:91)
	at org.gradle.api.internal.tasks.execution.ValidatingTaskExecuter.execute(ValidatingTaskExecuter.java:57)
	at org.gradle.api.internal.tasks.execution.SkipEmptySourceFilesTaskExecuter.execute(SkipEmptySourceFilesTaskExecuter.java:119)
	at org.gradle.api.internal.tasks.execution.ResolvePreviousStateExecuter.execute(ResolvePreviousStateExecuter.java:43)
	at org.gradle.api.internal.tasks.execution.CleanupStaleOutputsExecuter.execute(CleanupStaleOutputsExecuter.java:93)
	at org.gradle.api.internal.tasks.execution.FinalizePropertiesTaskExecuter.execute(FinalizePropertiesTaskExecuter.java:45)
	at org.gradle.api.internal.tasks.execution.ResolveTaskArtifactStateTaskExecuter.execute(ResolveTaskArtifactStateTaskExecuter.java:94)
	at org.gradle.api.internal.tasks.execution.SkipTaskWithNoActionsExecuter.execute(SkipTaskWithNoActionsExecuter.java:56)
	at org.gradle.api.internal.tasks.execution.SkipOnlyIfTaskExecuter.execute(SkipOnlyIfTaskExecuter.java:55)
	at org.gradle.api.internal.tasks.execution.CatchExceptionTaskExecuter.execute(CatchExceptionTaskExecuter.java:36)
	at org.gradle.api.internal.tasks.execution.EventFiringTaskExecuter$1.executeTask(EventFiringTaskExecuter.java:67)
	at org.gradle.api.internal.tasks.execution.EventFiringTaskExecuter$1.call(EventFiringTaskExecuter.java:52)
	at org.gradle.api.internal.tasks.execution.EventFiringTaskExecuter$1.call(EventFiringTaskExecuter.java:49)
	at org.gradle.internal.operations.DefaultBuildOperationExecutor$CallableBuildOperationWorker.execute(DefaultBuildOperationExecutor.java:315)
	at org.gradle.internal.operations.DefaultBuildOperationExecutor$CallableBuildOperationWorker.execute(DefaultBuildOperationExecutor.java:305)
	at org.gradle.internal.operations.DefaultBuildOperationExecutor.execute(DefaultBuildOperationExecutor.java:175)
	at org.gradle.internal.operations.DefaultBuildOperationExecutor.call(DefaultBuildOperationExecutor.java:101)
	at org.gradle.internal.operations.DelegatingBuildOperationExecutor.call(DelegatingBuildOperationExecutor.java:36)
	at org.gradle.api.internal.tasks.execution.EventFiringTaskExecuter.execute(EventFiringTaskExecuter.java:49)
	at org.gradle.execution.plan.LocalTaskNodeExecutor.execute(LocalTaskNodeExecutor.java:43)
	at org.gradle.execution.taskgraph.DefaultTaskExecutionGraph$InvokeNodeExecutorsAction.execute(DefaultTaskExecutionGraph.java:355)
	at org.gradle.execution.taskgraph.DefaultTaskExecutionGraph$InvokeNodeExecutorsAction.execute(DefaultTaskExecutionGraph.java:343)
	at org.gradle.execution.taskgraph.DefaultTaskExecutionGraph$BuildOperationAwareExecutionAction.execute(DefaultTaskExecutionGraph.java:336)
	at org.gradle.execution.taskgraph.DefaultTaskExecutionGraph$BuildOperationAwareExecutionAction.execute(DefaultTaskExecutionGraph.java:322)
	at org.gradle.execution.plan.DefaultPlanExecutor$ExecutorWorker$1.execute(DefaultPlanExecutor.java:134)
	at org.gradle.execution.plan.DefaultPlanExecutor$ExecutorWorker$1.execute(DefaultPlanExecutor.java:129)
	at org.gradle.execution.plan.DefaultPlanExecutor$ExecutorWorker.execute(DefaultPlanExecutor.java:202)
	at org.gradle.execution.plan.DefaultPlanExecutor$ExecutorWorker.executeNextNode(DefaultPlanExecutor.java:193)
	at org.gradle.execution.plan.DefaultPlanExecutor$ExecutorWorker.run(DefaultPlanExecutor.java:129)
	at org.gradle.internal.concurrent.ExecutorPolicy$CatchAndRecordFailures.onExecute(ExecutorPolicy.java:63)
	at org.gradle.internal.concurrent.ManagedExecutorImpl$1.run(ManagedExecutorImpl.java:46)
	at org.gradle.internal.concurrent.ThreadFactoryImpl$ManagedThreadRunnable.run(ThreadFactoryImpl.java:55)
Caused by: org.gradle.api.GradleException: Compilation error. See log for more details
	at org.jetbrains.kotlin.gradle.tasks.TasksUtilsKt.throwGradleExceptionIfError(tasksUtils.kt:14)
	at org.jetbrains.kotlin.compilerRunner.GradleKotlinCompilerWork.run(GradleKotlinCompilerWork.kt:135)
	at org.jetbrains.kotlin.compilerRunner.GradleCompilerRunner.runCompilerAsync(GradleKotlinCompilerRunner.kt:152)
	at org.jetbrains.kotlin.compilerRunner.GradleCompilerRunner.runCompilerAsync(GradleKotlinCompilerRunner.kt:147)
	at org.jetbrains.kotlin.compilerRunner.GradleCompilerRunner.runJvmCompilerAsync(GradleKotlinCompilerRunner.kt:87)
	at org.jetbrains.kotlin.gradle.tasks.KotlinCompile.callCompilerAsync$kotlin_gradle_plugin(Tasks.kt:409)
	at org.jetbrains.kotlin.gradle.tasks.KotlinCompile.callCompilerAsync$kotlin_gradle_plugin(Tasks.kt:319)
	at org.jetbrains.kotlin.gradle.tasks.AbstractKotlinCompile.execute(Tasks.kt:276)
	at org.gradle.internal.reflect.JavaMethod.invoke(JavaMethod.java:73)
	at org.gradle.api.internal.project.taskfactory.IncrementalTaskAction.doExecute(IncrementalTaskAction.java:47)
	at org.gradle.api.internal.project.taskfactory.StandardTaskAction.execute(StandardTaskAction.java:41)
	at org.gradle.api.internal.project.taskfactory.StandardTaskAction.execute(StandardTaskAction.java:28)
	at org.gradle.api.internal.tasks.execution.ExecuteActionsTaskExecuter$2.run(ExecuteActionsTaskExecuter.java:284)
	at org.gradle.internal.operations.DefaultBuildOperationExecutor$RunnableBuildOperationWorker.execute(DefaultBuildOperationExecutor.java:301)
	at org.gradle.internal.operations.DefaultBuildOperationExecutor$RunnableBuildOperationWorker.execute(DefaultBuildOperationExecutor.java:293)
	at org.gradle.internal.operations.DefaultBuildOperationExecutor.execute(DefaultBuildOperationExecutor.java:175)
	at org.gradle.internal.operations.DefaultBuildOperationExecutor.run(DefaultBuildOperationExecutor.java:91)
	at org.gradle.internal.operations.DelegatingBuildOperationExecutor.run(DelegatingBuildOperationExecutor.java:31)
	at org.gradle.api.internal.tasks.execution.ExecuteActionsTaskExecuter.executeAction(ExecuteActionsTaskExecuter.java:273)
	at org.gradle.api.internal.tasks.execution.ExecuteActionsTaskExecuter.executeActions(ExecuteActionsTaskExecuter.java:258)
	at org.gradle.api.internal.tasks.execution.ExecuteActionsTaskExecuter.access$200(ExecuteActionsTaskExecuter.java:67)
	at org.gradle.api.internal.tasks.execution.ExecuteActionsTaskExecuter$TaskExecution.execute(ExecuteActionsTaskExecuter.java:145)
	at org.gradle.internal.execution.impl.steps.ExecuteStep.execute(ExecuteStep.java:49)
	at org.gradle.internal.execution.impl.steps.CancelExecutionStep.execute(CancelExecutionStep.java:34)
	at org.gradle.internal.execution.impl.steps.TimeoutStep.executeWithoutTimeout(TimeoutStep.java:69)
	at org.gradle.internal.execution.impl.steps.TimeoutStep.execute(TimeoutStep.java:49)
	at org.gradle.internal.execution.impl.steps.CatchExceptionStep.execute(CatchExceptionStep.java:33)
	at org.gradle.internal.execution.impl.steps.CreateOutputsStep.execute(CreateOutputsStep.java:50)
	at org.gradle.internal.execution.impl.steps.SnapshotOutputStep.execute(SnapshotOutputStep.java:43)
	at org.gradle.internal.execution.impl.steps.SnapshotOutputStep.execute(SnapshotOutputStep.java:29)
	at org.gradle.internal.execution.impl.steps.CacheStep.executeWithoutCache(CacheStep.java:134)
	at org.gradle.internal.execution.impl.steps.CacheStep.lambda$execute$3(CacheStep.java:83)
	at org.gradle.internal.execution.impl.steps.CacheStep.execute(CacheStep.java:82)
	at org.gradle.internal.execution.impl.steps.CacheStep.execute(CacheStep.java:36)
	at org.gradle.internal.execution.impl.steps.PrepareCachingStep.execute(PrepareCachingStep.java:33)
	at org.gradle.internal.execution.impl.steps.StoreSnapshotsStep.execute(StoreSnapshotsStep.java:38)
	at org.gradle.internal.execution.impl.steps.StoreSnapshotsStep.execute(StoreSnapshotsStep.java:23)
	at org.gradle.internal.execution.impl.steps.SkipUpToDateStep.executeBecause(SkipUpToDateStep.java:96)
	at org.gradle.internal.execution.impl.steps.SkipUpToDateStep.lambda$execute$1(SkipUpToDateStep.java:91)
	at org.gradle.internal.execution.impl.steps.SkipUpToDateStep.execute(SkipUpToDateStep.java:91)
	at org.gradle.internal.execution.impl.steps.SkipUpToDateStep.execute(SkipUpToDateStep.java:36)
	at org.gradle.internal.execution.impl.DefaultWorkExecutor.execute(DefaultWorkExecutor.java:34)
	at org.gradle.api.internal.tasks.execution.ExecuteActionsTaskExecuter.execute(ExecuteActionsTaskExecuter.java:91)
	... 32 more


* Get more help at https://help.gradle.org

Deprecated Gradle features were used in this build, making it incompatible with Gradle 6.0.
Use '--warning-mode all' to show the individual deprecation warnings.
See https://docs.gradle.org/5.1.1/userguide/command_line_interface.html#sec:command_line_warnings

BUILD FAILED in 19s
23 actionable tasks: 23 executed

2020-01-04 20:34:35,789 INFO  ProjectTaskService - Detecting possible tasks...
2020-01-04 20:34:35,790 INFO  SysUtils - Execute command: [/var/folders/bq/vtzpc5ns5sg2cthy61lqpg3dfzgbys/T/1578144840241-0/src/LogDNA-Android-Client-master/gradlew, -b, /var/folders/bq/vtzpc5ns5sg2cthy61lqpg3dfzgbys/T/1578144840241-0/src/LogDNA-Android-Client-master/lib/build.gradle, -Dorg.gradle.daemon=false, -Dorg.gradle.daemon.performance.enable-monitoring=false, -Dorg.gradle.configureondemand=true, tasks]
2020-01-04 20:34:41,941 INFO  ProjectTaskService - Detected possible tasks: 63
2020-01-04 20:34:41,941 INFO  ProjectTaskService - Excluded tasks (15): lintDebug deviceCheck lint testReleaseUnitTest deviceAndroidTest uninstallDebugAndroidTest installDebugAndroidTest connectedCheck connectedDebugAndroidTest uninstallAll test check testDebugUnitTest connectedAndroidTest lintRelease
2020-01-04 20:34:41,941 INFO  SysUtils - Execute command: [/var/folders/bq/vtzpc5ns5sg2cthy61lqpg3dfzgbys/T/1578144840241-0/src/LogDNA-Android-Client-master/gradlew, -b, /var/folders/bq/vtzpc5ns5sg2cthy61lqpg3dfzgbys/T/1578144840241-0/src/LogDNA-Android-Client-master/lib/build.gradle, -Dorg.gradle.daemon=false, -Dorg.gradle.daemon.performance.enable-monitoring=false, -Dorg.gradle.configureondemand=true, --stacktrace, -x, lintDebug, -x, deviceCheck, -x, lint, -x, testReleaseUnitTest, -x, deviceAndroidTest, -x, uninstallDebugAndroidTest, -x, installDebugAndroidTest, -x, connectedCheck, -x, connectedDebugAndroidTest, -x, uninstallAll, -x, test, -x, check, -x, testDebugUnitTest, -x, connectedAndroidTest, -x, lintRelease, build]
2020-01-04 20:35:03,161 INFO  SysUtils - Configuration on demand is an incubating feature.
> Task :lib:preBuild UP-TO-DATE
> Task :lib:preDebugBuild UP-TO-DATE
> Task :lib:compileDebugAidl NO-SOURCE
> Task :lib:compileDebugRenderscript NO-SOURCE
> Task :lib:checkDebugManifest UP-TO-DATE
> Task :lib:generateDebugBuildConfig UP-TO-DATE
> Task :lib:generateDebugResValues UP-TO-DATE
> Task :lib:generateDebugResources UP-TO-DATE
> Task :lib:packageDebugResources UP-TO-DATE
> Task :lib:processDebugManifest UP-TO-DATE
> Task :lib:generateDebugRFile UP-TO-DATE
> Task :lib:kaptGenerateStubsDebugKotlin UP-TO-DATE
> Task :lib:kaptDebugKotlin UP-TO-DATE
> Task :lib:compileDebugKotlin UP-TO-DATE
> Task :lib:prepareLintJar UP-TO-DATE
> Task :lib:generateDebugSources UP-TO-DATE
> Task :lib:javaPreCompileDebug UP-TO-DATE
> Task :lib:compileDebugJavaWithJavac UP-TO-DATE
> Task :lib:extractDebugAnnotations
> Task :lib:mergeDebugConsumerProguardFiles
> Task :lib:mergeDebugShaders
> Task :lib:compileDebugShaders
> Task :lib:generateDebugAssets
> Task :lib:packageDebugAssets
> Task :lib:packageDebugRenderscript NO-SOURCE
> Task :lib:processDebugJavaRes NO-SOURCE
> Task :lib:transformResourcesWithMergeJavaResForDebug
> Task :lib:transformClassesAndResourcesWithSyncLibJarsForDebug
> Task :lib:mergeDebugJniLibFolders
> Task :lib:transformNativeLibsWithMergeJniLibsForDebug
> Task :lib:transformNativeLibsWithStripDebugSymbolForDebug
> Task :lib:transformNativeLibsWithSyncJniLibsForDebug
> Task :lib:bundleDebugAar
> Task :lib:compileDebugSources UP-TO-DATE
> Task :lib:assembleDebug
> Task :lib:preReleaseBuild UP-TO-DATE
> Task :lib:compileReleaseAidl NO-SOURCE
> Task :lib:compileReleaseRenderscript NO-SOURCE
> Task :lib:checkReleaseManifest
> Task :lib:generateReleaseBuildConfig
> Task :lib:generateReleaseResValues
> Task :lib:generateReleaseResources
> Task :lib:packageReleaseResources
> Task :lib:processReleaseManifest
> Task :lib:generateReleaseRFile
> Task :lib:kaptGenerateStubsReleaseKotlin
> Task :lib:kaptReleaseKotlin
> Task :lib:compileReleaseKotlin
> Task :lib:generateReleaseSources
> Task :lib:javaPreCompileRelease
> Task :lib:compileReleaseJavaWithJavac
> Task :lib:extractReleaseAnnotations
> Task :lib:mergeReleaseConsumerProguardFiles
> Task :lib:mergeReleaseShaders
> Task :lib:compileReleaseShaders
> Task :lib:generateReleaseAssets
> Task :lib:packageReleaseAssets
> Task :lib:packageReleaseRenderscript NO-SOURCE
> Task :lib:processReleaseJavaRes NO-SOURCE
> Task :lib:transformResourcesWithMergeJavaResForRelease
> Task :lib:transformClassesAndResourcesWithSyncLibJarsForRelease
> Task :lib:mergeReleaseJniLibFolders
> Task :lib:transformNativeLibsWithMergeJniLibsForRelease
> Task :lib:transformNativeLibsWithStripDebugSymbolForRelease
> Task :lib:transformNativeLibsWithSyncJniLibsForRelease
> Task :lib:bundleReleaseAar
> Task :lib:compileReleaseSources
> Task :lib:mergeReleaseResources
> Task :lib:verifyReleaseResources
> Task :lib:assembleRelease
> Task :lib:assemble
> Task :lib:build

Deprecated Gradle features were used in this build, making it incompatible with Gradle 6.0.
Use '--warning-mode all' to show the individual deprecation warnings.
See https://docs.gradle.org/5.1.1/userguide/command_line_interface.html#sec:command_line_warnings

BUILD SUCCESSFUL in 20s
49 actionable tasks: 37 executed, 12 up-to-date

2020-01-04 20:35:03,211 INFO  ProjectTaskService - Detecting possible tasks...
2020-01-04 20:35:03,212 INFO  SysUtils - Execute command: [/var/folders/bq/vtzpc5ns5sg2cthy61lqpg3dfzgbys/T/1578144840241-0/src/LogDNA-Android-Client-master/gradlew, -b, /var/folders/bq/vtzpc5ns5sg2cthy61lqpg3dfzgbys/T/1578144840241-0/src/LogDNA-Android-Client-master/build.gradle, -Dorg.gradle.daemon=false, -Dorg.gradle.daemon.performance.enable-monitoring=false, -Dorg.gradle.configureondemand=true, tasks]
2020-01-04 20:35:09,546 INFO  ProjectTaskService - Detected possible tasks: 68
2020-01-04 20:35:09,546 INFO  ProjectTaskService - Excluded tasks (18): lintDebug deviceCheck lint testReleaseUnitTest uninstallRelease deviceAndroidTest uninstallDebugAndroidTest installDebugAndroidTest connectedCheck connectedDebugAndroidTest uninstallAll test check testDebugUnitTest connectedAndroidTest installDebug lintRelease uninstallDebug
2020-01-04 20:35:09,546 INFO  SysUtils - Execute command: [/var/folders/bq/vtzpc5ns5sg2cthy61lqpg3dfzgbys/T/1578144840241-0/src/LogDNA-Android-Client-master/gradlew, -b, /var/folders/bq/vtzpc5ns5sg2cthy61lqpg3dfzgbys/T/1578144840241-0/src/LogDNA-Android-Client-master/build.gradle, -Dorg.gradle.daemon=false, -Dorg.gradle.daemon.performance.enable-monitoring=false, -Dorg.gradle.configureondemand=true, --stacktrace, -x, lintDebug, -x, deviceCheck, -x, lint, -x, testReleaseUnitTest, -x, uninstallRelease, -x, deviceAndroidTest, -x, uninstallDebugAndroidTest, -x, installDebugAndroidTest, -x, connectedCheck, -x, connectedDebugAndroidTest, -x, uninstallAll, -x, test, -x, check, -x, testDebugUnitTest, -x, connectedAndroidTest, -x, installDebug, -x, lintRelease, -x, uninstallDebug, build]
2020-01-04 20:35:21,732 ERROR SysUtils - Could not process external command
org.apache.commons.exec.ExecuteException: Process exited with an error: 1 (Exit value: 1)
	at org.apache.commons.exec.DefaultExecutor.executeInternal(DefaultExecutor.java:404)
	at org.apache.commons.exec.DefaultExecutor.execute(DefaultExecutor.java:166)
	at com.github.vbauer.apkmaster.util.SysUtils.execute(SysUtils.java:67)
	at com.github.vbauer.apkmaster.util.SysUtils.executeSimple(SysUtils.java:43)
	at com.github.vbauer.apkmaster.service.assembly.ProjectBuildService.buildProject(ProjectBuildService.java:78)
	at com.github.vbauer.apkmaster.service.assembly.ProjectBuildService.buildProject(ProjectBuildService.java:64)
	at com.github.vbauer.apkmaster.service.assembly.ProjectBuildService.buildProject(ProjectBuildService.java:43)
	at com.github.vbauer.apkmaster.service.FullProcessService.build(FullProcessService.java:84)
	at com.github.vbauer.apkmaster.service.FullProcessService.process(FullProcessService.java:34)
	at com.github.vbauer.apkmaster.app.MainApplication.process(MainApplication.java:38)
	at com.github.vbauer.apkmaster.app.MainApplication.main(MainApplication.java:20)
	at sun.reflect.NativeMethodAccessorImpl.invoke0(Native Method)
	at sun.reflect.NativeMethodAccessorImpl.invoke(NativeMethodAccessorImpl.java:62)
	at sun.reflect.DelegatingMethodAccessorImpl.invoke(DelegatingMethodAccessorImpl.java:43)
	at java.lang.reflect.Method.invoke(Method.java:498)
	at com.android.arsenal.util.ReflectionUtils.invoke(ReflectionUtils.java:52)
	at com.android.arsenal.util.ApkMasterUtils.main(ApkMasterUtils.java:30)
	at com.android.arsenal.service.processor.impl.BuildProcessorServiceImpl.buildProject(BuildProcessorServiceImpl.java:197)
	at com.android.arsenal.service.processor.impl.BuildProcessorServiceImpl.build(BuildProcessorServiceImpl.java:131)
	at com.android.arsenal.service.processor.impl.BuildProcessorServiceImpl.lambda$createTasks$1(BuildProcessorServiceImpl.java:114)
	at java.util.concurrent.FutureTask.run(FutureTask.java:266)
	at java.util.concurrent.Executors$RunnableAdapter.call(Executors.java:511)
	at java.util.concurrent.FutureTask.run(FutureTask.java:266)
	at java.util.concurrent.ThreadPoolExecutor.runWorker(ThreadPoolExecutor.java:1149)
	at java.util.concurrent.ThreadPoolExecutor$Worker.run(ThreadPoolExecutor.java:624)
	at java.lang.Thread.run(Thread.java:748)
2020-01-04 20:35:21,732 INFO  SysUtils - Configuration on demand is an incubating feature.
> Task :app:preBuild UP-TO-DATE
> Task :lib:preBuild UP-TO-DATE
> Task :lib:preDebugBuild UP-TO-DATE
> Task :lib:checkDebugManifest UP-TO-DATE
> Task :lib:processDebugManifest UP-TO-DATE
> Task :app:preDebugBuild UP-TO-DATE
> Task :lib:compileDebugAidl NO-SOURCE
> Task :app:compileDebugAidl NO-SOURCE
> Task :lib:packageDebugRenderscript NO-SOURCE
> Task :app:compileDebugRenderscript NO-SOURCE
> Task :app:checkDebugManifest UP-TO-DATE
> Task :app:generateDebugBuildConfig UP-TO-DATE
> Task :app:mainApkListPersistenceDebug UP-TO-DATE
> Task :app:generateDebugResValues UP-TO-DATE
> Task :app:generateDebugResources UP-TO-DATE
> Task :lib:compileDebugRenderscript NO-SOURCE
> Task :lib:generateDebugResValues UP-TO-DATE
> Task :lib:generateDebugResources UP-TO-DATE
> Task :lib:packageDebugResources UP-TO-DATE
> Task :app:mergeDebugResources UP-TO-DATE
> Task :app:createDebugCompatibleScreenManifests UP-TO-DATE
> Task :app:processDebugManifest UP-TO-DATE
> Task :lib:generateDebugRFile UP-TO-DATE
> Task :app:processDebugResources UP-TO-DATE
> Task :lib:generateDebugBuildConfig UP-TO-DATE
> Task :lib:kaptGenerateStubsDebugKotlin UP-TO-DATE
> Task :lib:kaptDebugKotlin UP-TO-DATE
> Task :lib:compileDebugKotlin UP-TO-DATE
> Task :lib:prepareLintJar UP-TO-DATE
> Task :lib:generateDebugSources UP-TO-DATE
> Task :lib:javaPreCompileDebug UP-TO-DATE
> Task :lib:compileDebugJavaWithJavac UP-TO-DATE
> Task :lib:bundleLibCompileDebug UP-TO-DATE

> Task :app:compileDebugKotlin FAILED
e: /private/var/folders/bq/vtzpc5ns5sg2cthy61lqpg3dfzgbys/T/1578144840241-0/src/LogDNA-Android-Client-master/app/src/main/java/com/mazenrashed/logdnaandroidclient/MainActivity.kt: (19, 46): No value passed for parameter 'hostName'

FAILURE: Build failed with an exception.

* What went wrong:
Execution failed for task ':app:compileDebugKotlin'.
> Compilation error. See log for more details

* Try:
Run with --info or --debug option to get more log output. Run with --scan to get full insights.

* Exception is:
org.gradle.api.tasks.TaskExecutionException: Execution failed for task ':app:compileDebugKotlin'.
	at org.gradle.api.internal.tasks.execution.ExecuteActionsTaskExecuter.execute(ExecuteActionsTaskExecuter.java:95)
	at org.gradle.api.internal.tasks.execution.ResolveTaskOutputCachingStateExecuter.execute(ResolveTaskOutputCachingStateExecuter.java:91)
	at org.gradle.api.internal.tasks.execution.ValidatingTaskExecuter.execute(ValidatingTaskExecuter.java:57)
	at org.gradle.api.internal.tasks.execution.SkipEmptySourceFilesTaskExecuter.execute(SkipEmptySourceFilesTaskExecuter.java:119)
	at org.gradle.api.internal.tasks.execution.ResolvePreviousStateExecuter.execute(ResolvePreviousStateExecuter.java:43)
	at org.gradle.api.internal.tasks.execution.CleanupStaleOutputsExecuter.execute(CleanupStaleOutputsExecuter.java:93)
	at org.gradle.api.internal.tasks.execution.FinalizePropertiesTaskExecuter.execute(FinalizePropertiesTaskExecuter.java:45)
	at org.gradle.api.internal.tasks.execution.ResolveTaskArtifactStateTaskExecuter.execute(ResolveTaskArtifactStateTaskExecuter.java:94)
	at org.gradle.api.internal.tasks.execution.SkipTaskWithNoActionsExecuter.execute(SkipTaskWithNoActionsExecuter.java:56)
	at org.gradle.api.internal.tasks.execution.SkipOnlyIfTaskExecuter.execute(SkipOnlyIfTaskExecuter.java:55)
	at org.gradle.api.internal.tasks.execution.CatchExceptionTaskExecuter.execute(CatchExceptionTaskExecuter.java:36)
	at org.gradle.api.internal.tasks.execution.EventFiringTaskExecuter$1.executeTask(EventFiringTaskExecuter.java:67)
	at org.gradle.api.internal.tasks.execution.EventFiringTaskExecuter$1.call(EventFiringTaskExecuter.java:52)
	at org.gradle.api.internal.tasks.execution.EventFiringTaskExecuter$1.call(EventFiringTaskExecuter.java:49)
	at org.gradle.internal.operations.DefaultBuildOperationExecutor$CallableBuildOperationWorker.execute(DefaultBuildOperationExecutor.java:315)
	at org.gradle.internal.operations.DefaultBuildOperationExecutor$CallableBuildOperationWorker.execute(DefaultBuildOperationExecutor.java:305)
	at org.gradle.internal.operations.DefaultBuildOperationExecutor.execute(DefaultBuildOperationExecutor.java:175)
	at org.gradle.internal.operations.DefaultBuildOperationExecutor.call(DefaultBuildOperationExecutor.java:101)
	at org.gradle.internal.operations.DelegatingBuildOperationExecutor.call(DelegatingBuildOperationExecutor.java:36)
	at org.gradle.api.internal.tasks.execution.EventFiringTaskExecuter.execute(EventFiringTaskExecuter.java:49)
	at org.gradle.execution.plan.LocalTaskNodeExecutor.execute(LocalTaskNodeExecutor.java:43)
	at org.gradle.execution.taskgraph.DefaultTaskExecutionGraph$InvokeNodeExecutorsAction.execute(DefaultTaskExecutionGraph.java:355)
	at org.gradle.execution.taskgraph.DefaultTaskExecutionGraph$InvokeNodeExecutorsAction.execute(DefaultTaskExecutionGraph.java:343)
	at org.gradle.execution.taskgraph.DefaultTaskExecutionGraph$BuildOperationAwareExecutionAction.execute(DefaultTaskExecutionGraph.java:336)
	at org.gradle.execution.taskgraph.DefaultTaskExecutionGraph$BuildOperationAwareExecutionAction.execute(DefaultTaskExecutionGraph.java:322)
	at org.gradle.execution.plan.DefaultPlanExecutor$ExecutorWorker$1.execute(DefaultPlanExecutor.java:134)
	at org.gradle.execution.plan.DefaultPlanExecutor$ExecutorWorker$1.execute(DefaultPlanExecutor.java:129)
	at org.gradle.execution.plan.DefaultPlanExecutor$ExecutorWorker.execute(DefaultPlanExecutor.java:202)
	at org.gradle.execution.plan.DefaultPlanExecutor$ExecutorWorker.executeNextNode(DefaultPlanExecutor.java:193)
	at org.gradle.execution.plan.DefaultPlanExecutor$ExecutorWorker.run(DefaultPlanExecutor.java:129)
	at org.gradle.internal.concurrent.ExecutorPolicy$CatchAndRecordFailures.onExecute(ExecutorPolicy.java:63)
	at org.gradle.internal.concurrent.ManagedExecutorImpl$1.run(ManagedExecutorImpl.java:46)
	at org.gradle.internal.concurrent.ThreadFactoryImpl$ManagedThreadRunnable.run(ThreadFactoryImpl.java:55)
Caused by: org.gradle.api.GradleException: Compilation error. See log for more details
	at org.jetbrains.kotlin.gradle.tasks.TasksUtilsKt.throwGradleExceptionIfError(tasksUtils.kt:14)
	at org.jetbrains.kotlin.compilerRunner.GradleKotlinCompilerWork.run(GradleKotlinCompilerWork.kt:135)
	at org.jetbrains.kotlin.compilerRunner.GradleCompilerRunner.runCompilerAsync(GradleKotlinCompilerRunner.kt:152)
	at org.jetbrains.kotlin.compilerRunner.GradleCompilerRunner.runCompilerAsync(GradleKotlinCompilerRunner.kt:147)
	at org.jetbrains.kotlin.compilerRunner.GradleCompilerRunner.runJvmCompilerAsync(GradleKotlinCompilerRunner.kt:87)
	at org.jetbrains.kotlin.gradle.tasks.KotlinCompile.callCompilerAsync$kotlin_gradle_plugin(Tasks.kt:409)
	at org.jetbrains.kotlin.gradle.tasks.KotlinCompile.callCompilerAsync$kotlin_gradle_plugin(Tasks.kt:319)
	at org.jetbrains.kotlin.gradle.tasks.AbstractKotlinCompile.execute(Tasks.kt:276)
	at org.gradle.internal.reflect.JavaMethod.invoke(JavaMethod.java:73)
	at org.gradle.api.internal.project.taskfactory.IncrementalTaskAction.doExecute(IncrementalTaskAction.java:47)
	at org.gradle.api.internal.project.taskfactory.StandardTaskAction.execute(StandardTaskAction.java:41)
	at org.gradle.api.internal.project.taskfactory.StandardTaskAction.execute(StandardTaskAction.java:28)
	at org.gradle.api.internal.tasks.execution.ExecuteActionsTaskExecuter$2.run(ExecuteActionsTaskExecuter.java:284)
	at org.gradle.internal.operations.DefaultBuildOperationExecutor$RunnableBuildOperationWorker.execute(DefaultBuildOperationExecutor.java:301)
	at org.gradle.internal.operations.DefaultBuildOperationExecutor$RunnableBuildOperationWorker.execute(DefaultBuildOperationExecutor.java:293)
	at org.gradle.internal.operations.DefaultBuildOperationExecutor.execute(DefaultBuildOperationExecutor.java:175)
	at org.gradle.internal.operations.DefaultBuildOperationExecutor.run(DefaultBuildOperationExecutor.java:91)
	at org.gradle.internal.operations.DelegatingBuildOperationExecutor.run(DelegatingBuildOperationExecutor.java:31)
	at org.gradle.api.internal.tasks.execution.ExecuteActionsTaskExecuter.executeAction(ExecuteActionsTaskExecuter.java:273)
	at org.gradle.api.internal.tasks.execution.ExecuteActionsTaskExecuter.executeActions(ExecuteActionsTaskExecuter.java:258)
	at org.gradle.api.internal.tasks.execution.ExecuteActionsTaskExecuter.access$200(ExecuteActionsTaskExecuter.java:67)
	at org.gradle.api.internal.tasks.execution.ExecuteActionsTaskExecuter$TaskExecution.execute(ExecuteActionsTaskExecuter.java:145)
	at org.gradle.internal.execution.impl.steps.ExecuteStep.execute(ExecuteStep.java:49)
	at org.gradle.internal.execution.impl.steps.CancelExecutionStep.execute(CancelExecutionStep.java:34)
	at org.gradle.internal.execution.impl.steps.TimeoutStep.executeWithoutTimeout(TimeoutStep.java:69)
	at org.gradle.internal.execution.impl.steps.TimeoutStep.execute(TimeoutStep.java:49)
	at org.gradle.internal.execution.impl.steps.CatchExceptionStep.execute(CatchExceptionStep.java:33)
	at org.gradle.internal.execution.impl.steps.CreateOutputsStep.execute(CreateOutputsStep.java:50)
	at org.gradle.internal.execution.impl.steps.SnapshotOutputStep.execute(SnapshotOutputStep.java:43)
	at org.gradle.internal.execution.impl.steps.SnapshotOutputStep.execute(SnapshotOutputStep.java:29)
	at org.gradle.internal.execution.impl.steps.CacheStep.executeWithoutCache(CacheStep.java:134)
	at org.gradle.internal.execution.impl.steps.CacheStep.lambda$execute$3(CacheStep.java:83)
	at org.gradle.internal.execution.impl.steps.CacheStep.execute(CacheStep.java:82)
	at org.gradle.internal.execution.impl.steps.CacheStep.execute(CacheStep.java:36)
	at org.gradle.internal.execution.impl.steps.PrepareCachingStep.execute(PrepareCachingStep.java:33)
	at org.gradle.internal.execution.impl.steps.StoreSnapshotsStep.execute(StoreSnapshotsStep.java:38)
	at org.gradle.internal.execution.impl.steps.StoreSnapshotsStep.execute(StoreSnapshotsStep.java:23)
	at org.gradle.internal.execution.impl.steps.SkipUpToDateStep.executeBecause(SkipUpToDateStep.java:96)
	at org.gradle.internal.execution.impl.steps.SkipUpToDateStep.lambda$execute$0(SkipUpToDateStep.java:89)
	at org.gradle.internal.execution.impl.steps.SkipUpToDateStep.execute(SkipUpToDateStep.java:52)
	at org.gradle.internal.execution.impl.steps.SkipUpToDateStep.execute(SkipUpToDateStep.java:36)
	at org.gradle.internal.execution.impl.DefaultWorkExecutor.execute(DefaultWorkExecutor.java:34)
	at org.gradle.api.internal.tasks.execution.ExecuteActionsTaskExecuter.execute(ExecuteActionsTaskExecuter.java:91)
	... 32 more


* Get more help at https://help.gradle.org

Deprecated Gradle features were used in this build, making it incompatible with Gradle 6.0.
Use '--warning-mode all' to show the individual deprecation warnings.
See https://docs.gradle.org/5.1.1/userguide/command_line_interface.html#sec:command_line_warnings

BUILD FAILED in 11s
23 actionable tasks: 1 executed, 22 up-to-date

2020-01-04 20:35:21,789 ERROR FullProcessService - Project build has not produced APK file
2020-01-04 20:35:21,848 ERROR FullProcessService - Could not find generated or existed APK file
