2020-03-24 00:37:56,482 INFO  DownloadService - Downloading "https://github.com/faruktoptas/kooldown/archive/master.zip", attempt 3
2020-03-24 00:37:57,203 INFO  DownloadService - Downloaded https://github.com/faruktoptas/kooldown/archive/master.zip, attempt 3
2020-03-24 00:37:57,203 INFO  DownloadService - Size of file "/var/folders/bq/vtzpc5ns5sg2cthy61lqpg3dfzgbys/T/1584985076479-0/master.zip": 146 KB
2020-03-24 00:37:57,203 INFO  ArchiveUtils - Checking entries [.gradle] in ZIP file...
2020-03-24 00:37:57,204 INFO  ArchiveUtils - Has entries [.gradle] in ZIP file /var/folders/bq/vtzpc5ns5sg2cthy61lqpg3dfzgbys/T/1584985076479-0/master.zip: true
2020-03-24 00:37:57,204 DEBUG ZipUtil - Extracting '/var/folders/bq/vtzpc5ns5sg2cthy61lqpg3dfzgbys/T/1584985076479-0/master.zip' into '/var/folders/bq/vtzpc5ns5sg2cthy61lqpg3dfzgbys/T/1584985076479-0/src'.
2020-03-24 00:37:57,229 INFO  FullProcessService - Size of directory with sources: 164 KB
2020-03-24 00:37:57,229 INFO  SysUtils - Execute command: [git, init, /var/folders/bq/vtzpc5ns5sg2cthy61lqpg3dfzgbys/T/1584985076479-0/src]
2020-03-24 00:37:57,254 INFO  SysUtils - Initialized empty Git repository in /private/var/folders/bq/vtzpc5ns5sg2cthy61lqpg3dfzgbys/T/1584985076479-0/src/.git/

2020-03-24 00:37:57,258 INFO  ProjectBuildService - Gradle wrapper(s): /var/folders/bq/vtzpc5ns5sg2cthy61lqpg3dfzgbys/T/1584985076479-0/src/kooldown-master/gradlew
2020-03-24 00:37:57,262 INFO  ProjectBuildService - Build script(s): /var/folders/bq/vtzpc5ns5sg2cthy61lqpg3dfzgbys/T/1584985076479-0/src/kooldown-master/app/build.gradle /var/folders/bq/vtzpc5ns5sg2cthy61lqpg3dfzgbys/T/1584985076479-0/src/kooldown-master/kooldown/build.gradle /var/folders/bq/vtzpc5ns5sg2cthy61lqpg3dfzgbys/T/1584985076479-0/src/kooldown-master/build.gradle
2020-03-24 00:37:57,265 INFO  ProjectBuildService - All script(s): /var/folders/bq/vtzpc5ns5sg2cthy61lqpg3dfzgbys/T/1584985076479-0/src/kooldown-master/app/build.gradle /var/folders/bq/vtzpc5ns5sg2cthy61lqpg3dfzgbys/T/1584985076479-0/src/kooldown-master/kooldown/build.gradle /var/folders/bq/vtzpc5ns5sg2cthy61lqpg3dfzgbys/T/1584985076479-0/src/kooldown-master/build.gradle /var/folders/bq/vtzpc5ns5sg2cthy61lqpg3dfzgbys/T/1584985076479-0/src/kooldown-master/settings.gradle
2020-03-24 00:37:57,271 INFO  DownloadService - Downloading "https://raw.githubusercontent.com/wajahatkarim3/JCenter-Gradle-Scripts/master/install.gradle", attempt 3
2020-03-24 00:37:57,818 INFO  DownloadService - Downloaded https://raw.githubusercontent.com/wajahatkarim3/JCenter-Gradle-Scripts/master/install.gradle, attempt 3
2020-03-24 00:37:57,818 INFO  DownloadService - Downloading "https://raw.githubusercontent.com/wajahatkarim3/JCenter-Gradle-Scripts/master/bintray.gradle", attempt 3
2020-03-24 00:37:58,131 INFO  DownloadService - Downloaded https://raw.githubusercontent.com/wajahatkarim3/JCenter-Gradle-Scripts/master/bintray.gradle, attempt 3
2020-03-24 00:37:58,131 INFO  ProjectBuildService - Remote scripts: https://raw.githubusercontent.com/wajahatkarim3/JCenter-Gradle-Scripts/master/install.gradle https://raw.githubusercontent.com/wajahatkarim3/JCenter-Gradle-Scripts/master/bintray.gradle
2020-03-24 00:37:58,131 INFO  ProjectFixService - Fixing project...
2020-03-24 00:37:58,144 INFO  LocalPropertiesFixService - Created fake /var/folders/bq/vtzpc5ns5sg2cthy61lqpg3dfzgbys/T/1584985076479-0/src/kooldown-master/app/local.properties
2020-03-24 00:37:58,145 INFO  ProjectFixService - Build info for "/var/folders/bq/vtzpc5ns5sg2cthy61lqpg3dfzgbys/T/1584985076479-0/src/kooldown-master/app/build.gradle": [buildToolsVersion=<null>,compileSdkVersion=28,minSdkVersion=16,targetSdkVersion=28]
2020-03-24 00:37:58,145 INFO  ProjectFixService - Fixed build info for "/var/folders/bq/vtzpc5ns5sg2cthy61lqpg3dfzgbys/T/1584985076479-0/src/kooldown-master/app/build.gradle": [buildToolsVersion=28.0.0-rc2,compileSdkVersion=28,minSdkVersion=16,targetSdkVersion=28]
2020-03-24 00:37:58,146 INFO  LocalPropertiesFixService - Created fake /var/folders/bq/vtzpc5ns5sg2cthy61lqpg3dfzgbys/T/1584985076479-0/src/kooldown-master/kooldown/local.properties
2020-03-24 00:37:58,147 INFO  ProjectFixService - Build info for "/var/folders/bq/vtzpc5ns5sg2cthy61lqpg3dfzgbys/T/1584985076479-0/src/kooldown-master/kooldown/build.gradle": [buildToolsVersion=<null>,compileSdkVersion=28,minSdkVersion=16,targetSdkVersion=28]
2020-03-24 00:37:58,147 INFO  ProjectFixService - Fixed build info for "/var/folders/bq/vtzpc5ns5sg2cthy61lqpg3dfzgbys/T/1584985076479-0/src/kooldown-master/kooldown/build.gradle": [buildToolsVersion=28.0.0-rc2,compileSdkVersion=28,minSdkVersion=16,targetSdkVersion=28]
2020-03-24 00:37:58,149 INFO  LocalPropertiesFixService - Created fake /var/folders/bq/vtzpc5ns5sg2cthy61lqpg3dfzgbys/T/1584985076479-0/src/kooldown-master/local.properties
2020-03-24 00:37:58,149 INFO  WrapperPropertiesFixService - Gradle wrapper: https://services.gradle.org/distributions/gradle-4.6-all.zip
2020-03-24 00:37:58,149 INFO  WrapperPropertiesFixService - Gradle wrapper was changed from "-all.zip" to "-bin.zip" (https://services.gradle.org/distributions/gradle-4.6-bin.zip)
2020-03-24 00:37:58,151 INFO  ProjectFixService - Build info for "/var/folders/bq/vtzpc5ns5sg2cthy61lqpg3dfzgbys/T/1584985076479-0/src/kooldown-master/build.gradle": [buildToolsVersion=<null>,compileSdkVersion=28,minSdkVersion=16,targetSdkVersion=28]
2020-03-24 00:37:58,151 INFO  ProjectFixService - Fixed build info for "/var/folders/bq/vtzpc5ns5sg2cthy61lqpg3dfzgbys/T/1584985076479-0/src/kooldown-master/build.gradle": [buildToolsVersion=28.0.0-rc2,compileSdkVersion=28,minSdkVersion=16,targetSdkVersion=28]
2020-03-24 00:37:58,152 INFO  ProjectFixService - Project was maybe fixed
2020-03-24 00:37:58,152 INFO  ProjectTaskService - Detecting possible tasks...
2020-03-24 00:37:58,152 INFO  SysUtils - Execute command: [/var/folders/bq/vtzpc5ns5sg2cthy61lqpg3dfzgbys/T/1584985076479-0/src/kooldown-master/gradlew, -b, /var/folders/bq/vtzpc5ns5sg2cthy61lqpg3dfzgbys/T/1584985076479-0/src/kooldown-master/app/build.gradle, -Dorg.gradle.daemon=false, -Dorg.gradle.daemon.performance.enable-monitoring=false, -Dorg.gradle.configureondemand=true, tasks]
2020-03-24 00:38:08,148 INFO  VirusProcessorServiceImpl - Queued project 7597 to scan viruses
2020-03-24 00:38:22,984 INFO  ProjectTaskService - Detected possible tasks: 73
2020-03-24 00:38:22,984 INFO  ProjectTaskService - Excluded tasks (21): lintDebug javadocJar deviceCheck lint testReleaseUnitTest javadoc uninstallRelease deviceAndroidTest uninstallDebugAndroidTest installDebugAndroidTest connectedCheck connectedDebugAndroidTest uninstallAll sourcesJar test check testDebugUnitTest connectedAndroidTest installDebug lintRelease uninstallDebug
2020-03-24 00:38:22,985 INFO  SysUtils - Execute command: [/var/folders/bq/vtzpc5ns5sg2cthy61lqpg3dfzgbys/T/1584985076479-0/src/kooldown-master/gradlew, -b, /var/folders/bq/vtzpc5ns5sg2cthy61lqpg3dfzgbys/T/1584985076479-0/src/kooldown-master/app/build.gradle, -Dorg.gradle.daemon=false, -Dorg.gradle.daemon.performance.enable-monitoring=false, -Dorg.gradle.configureondemand=true, --stacktrace, -x, lintDebug, -x, javadocJar, -x, deviceCheck, -x, lint, -x, testReleaseUnitTest, -x, javadoc, -x, uninstallRelease, -x, deviceAndroidTest, -x, uninstallDebugAndroidTest, -x, installDebugAndroidTest, -x, connectedCheck, -x, connectedDebugAndroidTest, -x, uninstallAll, -x, sourcesJar, -x, test, -x, check, -x, testDebugUnitTest, -x, connectedAndroidTest, -x, installDebug, -x, lintRelease, -x, uninstallDebug, build]
2020-03-24 00:38:31,512 ERROR SysUtils - Could not process external command
org.apache.commons.exec.ExecuteException: Process exited with an error: 1 (Exit value: 1)
	at org.apache.commons.exec.DefaultExecutor.executeInternal(DefaultExecutor.java:404)
	at org.apache.commons.exec.DefaultExecutor.execute(DefaultExecutor.java:166)
	at com.github.vbauer.apkmaster.util.SysUtils.execute(SysUtils.java:67)
	at com.github.vbauer.apkmaster.util.SysUtils.executeSimple(SysUtils.java:43)
	at com.github.vbauer.apkmaster.service.assembly.ProjectBuildService.buildProject(ProjectBuildService.java:78)
	at com.github.vbauer.apkmaster.service.assembly.ProjectBuildService.buildProject(ProjectBuildService.java:64)
	at com.github.vbauer.apkmaster.service.assembly.ProjectBuildService.buildProject(ProjectBuildService.java:43)
	at com.github.vbauer.apkmaster.service.FullProcessService.build(FullProcessService.java:84)
	at com.github.vbauer.apkmaster.service.FullProcessService.process(FullProcessService.java:34)
	at com.github.vbauer.apkmaster.app.MainApplication.process(MainApplication.java:38)
	at com.github.vbauer.apkmaster.app.MainApplication.main(MainApplication.java:20)
	at sun.reflect.NativeMethodAccessorImpl.invoke0(Native Method)
	at sun.reflect.NativeMethodAccessorImpl.invoke(NativeMethodAccessorImpl.java:62)
	at sun.reflect.DelegatingMethodAccessorImpl.invoke(DelegatingMethodAccessorImpl.java:43)
	at java.lang.reflect.Method.invoke(Method.java:498)
	at com.android.arsenal.util.ReflectionUtils.invoke(ReflectionUtils.java:42)
	at com.android.arsenal.util.ApkMasterUtils.main(ApkMasterUtils.java:30)
	at com.android.arsenal.service.processor.impl.BuildProcessorServiceImpl.buildProject(BuildProcessorServiceImpl.java:197)
	at com.android.arsenal.service.processor.impl.BuildProcessorServiceImpl.build(BuildProcessorServiceImpl.java:131)
	at com.android.arsenal.service.processor.impl.BuildProcessorServiceImpl.lambda$null$1(BuildProcessorServiceImpl.java:114)
	at java.util.concurrent.FutureTask.run(FutureTask.java:266)
	at java.util.concurrent.Executors$RunnableAdapter.call(Executors.java:511)
	at java.util.concurrent.FutureTask.run(FutureTask.java:266)
	at java.util.concurrent.ThreadPoolExecutor.runWorker(ThreadPoolExecutor.java:1149)
	at java.util.concurrent.ThreadPoolExecutor$Worker.run(ThreadPoolExecutor.java:624)
	at java.lang.Thread.run(Thread.java:748)
2020-03-24 00:38:31,513 INFO  SysUtils - Configuration on demand is an incubating feature.

FAILURE: Build failed with an exception.

* What went wrong:
Task 'javadocJar' not found in project ':app'.

* Try:
Run gradlew tasks to get a list of available tasks. Run with --info or --debug option to get more log output. Run with --scan to get full insights.

* Exception is:
org.gradle.execution.TaskSelectionException: Task 'javadocJar' not found in project ':app'.
	at org.gradle.execution.TaskSelector.getSelection(TaskSelector.java:116)
	at org.gradle.execution.TaskSelector.getFilter(TaskSelector.java:66)
	at org.gradle.execution.ExcludedTaskFilteringBuildConfigurationAction.configure(ExcludedTaskFilteringBuildConfigurationAction.java:42)
	at org.gradle.execution.DefaultBuildConfigurationActionExecuter.configure(DefaultBuildConfigurationActionExecuter.java:48)
	at org.gradle.execution.DefaultBuildConfigurationActionExecuter.select(DefaultBuildConfigurationActionExecuter.java:36)
	at org.gradle.initialization.DefaultGradleLauncher$CalculateTaskGraph.run(DefaultGradleLauncher.java:286)
	at org.gradle.internal.progress.DefaultBuildOperationExecutor$RunnableBuildOperationWorker.execute(DefaultBuildOperationExecutor.java:336)
	at org.gradle.internal.progress.DefaultBuildOperationExecutor$RunnableBuildOperationWorker.execute(DefaultBuildOperationExecutor.java:328)
	at org.gradle.internal.progress.DefaultBuildOperationExecutor.execute(DefaultBuildOperationExecutor.java:199)
	at org.gradle.internal.progress.DefaultBuildOperationExecutor.run(DefaultBuildOperationExecutor.java:110)
	at org.gradle.initialization.DefaultGradleLauncher.constructTaskGraph(DefaultGradleLauncher.java:181)
	at org.gradle.initialization.DefaultGradleLauncher.doBuildStages(DefaultGradleLauncher.java:136)
	at org.gradle.initialization.DefaultGradleLauncher.executeTasks(DefaultGradleLauncher.java:115)
	at org.gradle.internal.invocation.GradleBuildController$1.call(GradleBuildController.java:78)
	at org.gradle.internal.invocation.GradleBuildController$1.call(GradleBuildController.java:75)
	at org.gradle.internal.work.DefaultWorkerLeaseService.withLocks(DefaultWorkerLeaseService.java:152)
	at org.gradle.internal.invocation.GradleBuildController.doBuild(GradleBuildController.java:100)
	at org.gradle.internal.invocation.GradleBuildController.run(GradleBuildController.java:75)
	at org.gradle.tooling.internal.provider.ExecuteBuildActionRunner.run(ExecuteBuildActionRunner.java:28)
	at org.gradle.launcher.exec.ChainingBuildActionRunner.run(ChainingBuildActionRunner.java:35)
	at org.gradle.tooling.internal.provider.ValidatingBuildActionRunner.run(ValidatingBuildActionRunner.java:32)
	at org.gradle.launcher.exec.RunAsBuildOperationBuildActionRunner$1.run(RunAsBuildOperationBuildActionRunner.java:43)
	at org.gradle.internal.progress.DefaultBuildOperationExecutor$RunnableBuildOperationWorker.execute(DefaultBuildOperationExecutor.java:336)
	at org.gradle.internal.progress.DefaultBuildOperationExecutor$RunnableBuildOperationWorker.execute(DefaultBuildOperationExecutor.java:328)
	at org.gradle.internal.progress.DefaultBuildOperationExecutor.execute(DefaultBuildOperationExecutor.java:199)
	at org.gradle.internal.progress.DefaultBuildOperationExecutor.run(DefaultBuildOperationExecutor.java:110)
	at org.gradle.launcher.exec.RunAsBuildOperationBuildActionRunner.run(RunAsBuildOperationBuildActionRunner.java:40)
	at org.gradle.tooling.internal.provider.SubscribableBuildActionRunner.run(SubscribableBuildActionRunner.java:51)
	at org.gradle.launcher.exec.InProcessBuildActionExecuter.execute(InProcessBuildActionExecuter.java:49)
	at org.gradle.launcher.exec.InProcessBuildActionExecuter.execute(InProcessBuildActionExecuter.java:32)
	at org.gradle.launcher.exec.BuildTreeScopeBuildActionExecuter.execute(BuildTreeScopeBuildActionExecuter.java:39)
	at org.gradle.launcher.exec.BuildTreeScopeBuildActionExecuter.execute(BuildTreeScopeBuildActionExecuter.java:25)
	at org.gradle.tooling.internal.provider.ContinuousBuildActionExecuter.execute(ContinuousBuildActionExecuter.java:80)
	at org.gradle.tooling.internal.provider.ContinuousBuildActionExecuter.execute(ContinuousBuildActionExecuter.java:53)
	at org.gradle.tooling.internal.provider.ServicesSetupBuildActionExecuter.execute(ServicesSetupBuildActionExecuter.java:57)
	at org.gradle.tooling.internal.provider.ServicesSetupBuildActionExecuter.execute(ServicesSetupBuildActionExecuter.java:32)
	at org.gradle.tooling.internal.provider.GradleThreadBuildActionExecuter.execute(GradleThreadBuildActionExecuter.java:36)
	at org.gradle.tooling.internal.provider.GradleThreadBuildActionExecuter.execute(GradleThreadBuildActionExecuter.java:25)
	at org.gradle.tooling.internal.provider.ParallelismConfigurationBuildActionExecuter.execute(ParallelismConfigurationBuildActionExecuter.java:43)
	at org.gradle.tooling.internal.provider.ParallelismConfigurationBuildActionExecuter.execute(ParallelismConfigurationBuildActionExecuter.java:29)
	at org.gradle.tooling.internal.provider.StartParamsValidatingActionExecuter.execute(StartParamsValidatingActionExecuter.java:64)
	at org.gradle.tooling.internal.provider.StartParamsValidatingActionExecuter.execute(StartParamsValidatingActionExecuter.java:29)
	at org.gradle.tooling.internal.provider.SessionFailureReportingActionExecuter.execute(SessionFailureReportingActionExecuter.java:59)
	at org.gradle.tooling.internal.provider.SessionFailureReportingActionExecuter.execute(SessionFailureReportingActionExecuter.java:44)
	at org.gradle.tooling.internal.provider.SetupLoggingActionExecuter.execute(SetupLoggingActionExecuter.java:45)
	at org.gradle.tooling.internal.provider.SetupLoggingActionExecuter.execute(SetupLoggingActionExecuter.java:30)
	at org.gradle.launcher.cli.RunBuildAction.run(RunBuildAction.java:51)
	at org.gradle.internal.Actions$RunnableActionAdapter.execute(Actions.java:173)
	at org.gradle.launcher.cli.CommandLineActionFactory$ParseAndBuildAction.execute(CommandLineActionFactory.java:285)
	at org.gradle.launcher.cli.CommandLineActionFactory$ParseAndBuildAction.execute(CommandLineActionFactory.java:258)
	at org.gradle.launcher.cli.ExceptionReportingAction.execute(ExceptionReportingAction.java:33)
	at org.gradle.launcher.cli.ExceptionReportingAction.execute(ExceptionReportingAction.java:22)
	at org.gradle.launcher.cli.CommandLineActionFactory$WithLogging.execute(CommandLineActionFactory.java:251)
	at org.gradle.launcher.cli.CommandLineActionFactory$WithLogging.execute(CommandLineActionFactory.java:185)
	at org.gradle.launcher.Main.doAction(Main.java:36)
	at org.gradle.launcher.bootstrap.EntryPoint.run(EntryPoint.java:45)
	at org.gradle.launcher.bootstrap.ProcessBootstrap.runNoExit(ProcessBootstrap.java:60)
	at org.gradle.launcher.bootstrap.ProcessBootstrap.run(ProcessBootstrap.java:37)
	at org.gradle.launcher.GradleMain.main(GradleMain.java:23)
	at org.gradle.wrapper.BootstrapMainStarter.start(BootstrapMainStarter.java:31)
	at org.gradle.wrapper.WrapperExecutor.execute(WrapperExecutor.java:108)
	at org.gradle.wrapper.GradleWrapperMain.main(GradleWrapperMain.java:61)


* Get more help at https://help.gradle.org

BUILD FAILED in 8s

2020-03-24 00:38:31,513 ERROR ProjectBuildService - Excluded tasks were detected wrong
2020-03-24 00:38:31,513 INFO  SysUtils - Execute command: [/var/folders/bq/vtzpc5ns5sg2cthy61lqpg3dfzgbys/T/1584985076479-0/src/kooldown-master/gradlew, -b, /var/folders/bq/vtzpc5ns5sg2cthy61lqpg3dfzgbys/T/1584985076479-0/src/kooldown-master/app/build.gradle, -Dorg.gradle.daemon=false, -Dorg.gradle.daemon.performance.enable-monitoring=false, -Dorg.gradle.configureondemand=true, --stacktrace, build]
2020-03-24 00:39:37,975 INFO  SysUtils - Configuration on demand is an incubating feature.
Download https://raw.githubusercontent.com/wajahatkarim3/JCenter-Gradle-Scripts/master/install.gradle
Download https://raw.githubusercontent.com/wajahatkarim3/JCenter-Gradle-Scripts/master/bintray.gradle
:app:checkDebugClasspath
Download https://jitpack.io/com/github/aliab/circular-music-progressbar/v1.3.0/circular-music-progressbar-v1.3.0.pom
Download https://jitpack.io/com/github/aliab/circular-music-progressbar/v1.3.0/circular-music-progressbar-v1.3.0.aar
:app:preBuild UP-TO-DATE
:kooldown:preBuild UP-TO-DATE
:kooldown:preDebugBuild UP-TO-DATE
:kooldown:checkDebugManifest
:kooldown:processDebugManifest
:app:preDebugBuild
:kooldown:compileDebugAidl NO-SOURCE
:app:compileDebugAidl NO-SOURCE
:kooldown:packageDebugRenderscript NO-SOURCE
:app:compileDebugRenderscript
:app:checkDebugManifest
:app:generateDebugBuildConfig
:app:mainApkListPersistenceDebug
:app:generateDebugResValues
:app:generateDebugResources
:kooldown:compileDebugRenderscript
:kooldown:generateDebugResValues
:kooldown:generateDebugResources
:kooldown:packageDebugResources
:app:mergeDebugResources
:app:createDebugCompatibleScreenManifests
:app:processDebugManifest
:app:splitsDiscoveryTaskDebug
:kooldown:generateDebugRFile
:app:processDebugResources
:kooldown:generateDebugBuildConfig
:kooldown:compileDebugKotlin
:kooldown:prepareLintJar
:kooldown:generateDebugSources
:kooldown:javaPreCompileDebug
:kooldown:compileDebugJavaWithJavac
:kooldown:processDebugJavaRes NO-SOURCE
:kooldown:transformClassesAndResourcesWithPrepareIntermediateJarsForDebug
:app:compileDebugKotlin
:app:prepareLintJar
:app:generateDebugSources
:app:javaPreCompileDebug
:app:compileDebugJavaWithJavac
:app:compileDebugNdk NO-SOURCE
:app:compileDebugSources
:app:mergeDebugShaders
:app:compileDebugShaders
:app:generateDebugAssets
:kooldown:mergeDebugShaders
:kooldown:compileDebugShaders
:kooldown:generateDebugAssets
:kooldown:packageDebugAssets
:app:mergeDebugAssets
:app:transformClassesWithDexBuilderForDebug
D8: Stripped invalid locals information from 1 method.
/Users/vbauer/.gradle/caches/modules-2/files-2.1/org.jetbrains.kotlin/kotlin-stdlib/1.2.71/d9717625bb3c731561251f8dd2c67a1011d6764c/kotlin-stdlib-1.2.71.jar: D8: Methods with invalid locals information:
  java.lang.Object kotlin.sequences.SequencesKt___SequencesKt$zipWithNext$2.doResume(java.lang.Object, java.lang.Throwable)
  Attempt to read local this but no local information was associated with the value being read.
D8: Stripped invalid locals information from 1 method.
/Users/vbauer/.gradle/caches/modules-2/files-2.1/org.jetbrains.kotlin/kotlin-stdlib/1.2.71/d9717625bb3c731561251f8dd2c67a1011d6764c/kotlin-stdlib-1.2.71.jar: D8: Methods with invalid locals information:
  java.lang.Object kotlin.collections.SlidingWindowKt$windowedIterator$1.doResume(java.lang.Object, java.lang.Throwable)
  Attempt to read local this but no local information was associated with the value being read.
:app:transformDexArchiveWithExternalLibsDexMergerForDebug
:app:transformDexArchiveWithDexMergerForDebug
:app:mergeDebugJniLibFolders
:kooldown:compileDebugNdk NO-SOURCE
:kooldown:mergeDebugJniLibFolders
:kooldown:transformNativeLibsWithMergeJniLibsForDebug
:kooldown:transformNativeLibsWithStripDebugSymbolForDebug
:kooldown:transformNativeLibsWithIntermediateJniLibsForDebug
:app:transformNativeLibsWithMergeJniLibsForDebug
:app:transformNativeLibsWithStripDebugSymbolForDebug
:app:checkDebugLibraries
:app:processDebugJavaRes NO-SOURCE
:app:transformResourcesWithMergeJavaResForDebug
:app:validateSigningDebug
:app:packageDebug
:app:assembleDebug
:app:checkReleaseClasspath
:kooldown:preReleaseBuild UP-TO-DATE
:kooldown:checkReleaseManifest
:kooldown:processReleaseManifest
:app:preReleaseBuild
:kooldown:compileReleaseAidl NO-SOURCE
:app:compileReleaseAidl NO-SOURCE
:kooldown:packageReleaseRenderscript NO-SOURCE
:app:compileReleaseRenderscript
:app:checkReleaseManifest
:app:generateReleaseBuildConfig
:app:mainApkListPersistenceRelease
:app:generateReleaseResValues
:app:generateReleaseResources
:kooldown:compileReleaseRenderscript
:kooldown:generateReleaseResValues
:kooldown:generateReleaseResources
:kooldown:packageReleaseResources
:app:mergeReleaseResources
:app:createReleaseCompatibleScreenManifests
:app:processReleaseManifest
:app:splitsDiscoveryTaskRelease
:kooldown:generateReleaseRFile
:app:processReleaseResources
:kooldown:generateReleaseBuildConfig
:kooldown:compileReleaseKotlin
:kooldown:generateReleaseSources
:kooldown:javaPreCompileRelease
:kooldown:compileReleaseJavaWithJavac
:kooldown:processReleaseJavaRes NO-SOURCE
:kooldown:transformClassesAndResourcesWithPrepareIntermediateJarsForRelease
:app:compileReleaseKotlin
:app:generateReleaseSources
:app:javaPreCompileRelease
:app:compileReleaseJavaWithJavac
:app:compileReleaseNdk NO-SOURCE
:app:compileReleaseSources
:app:lintVitalRelease SKIPPED
:app:mergeReleaseShaders
:app:compileReleaseShaders
:app:generateReleaseAssets
:kooldown:mergeReleaseShaders
:kooldown:compileReleaseShaders
:kooldown:generateReleaseAssets
:kooldown:packageReleaseAssets
:app:mergeReleaseAssets
:app:transformClassesWithDexBuilderForRelease
:app:transformDexArchiveWithExternalLibsDexMergerForRelease
:app:transformDexArchiveWithDexMergerForRelease
:app:mergeReleaseJniLibFolders
:kooldown:compileReleaseNdk NO-SOURCE
:kooldown:mergeReleaseJniLibFolders
:kooldown:transformNativeLibsWithMergeJniLibsForRelease
:kooldown:transformNativeLibsWithStripDebugSymbolForRelease
:kooldown:transformNativeLibsWithIntermediateJniLibsForRelease
:app:transformNativeLibsWithMergeJniLibsForRelease
:app:transformNativeLibsWithStripDebugSymbolForRelease
:app:checkReleaseLibraries
:app:processReleaseJavaRes NO-SOURCE
:app:transformResourcesWithMergeJavaResForRelease
:app:packageRelease
:app:assembleRelease
:app:assemble
:app:lint
Calling mockable JAR artifact transform to create file: /Users/vbauer/.gradle/caches/transforms-1/files-1.1/android.jar/50564e4216f47e6b5f79feb6f80a2df8/android.jar with input /Users/vbauer/Library/Android/sdk/platforms/android-28/android.jar
Ran lint on variant debug: 4 issues found
Ran lint on variant release: 4 issues found
Wrote HTML report to file:///private/var/folders/bq/vtzpc5ns5sg2cthy61lqpg3dfzgbys/T/1584985076479-0/src/kooldown-master/app/build/reports/lint-results.html
Wrote XML report to file:///private/var/folders/bq/vtzpc5ns5sg2cthy61lqpg3dfzgbys/T/1584985076479-0/src/kooldown-master/app/build/reports/lint-results.xml
:app:compileDebugUnitTestKotlin
:app:generateDebugUnitTestSources
:app:preDebugUnitTestBuild UP-TO-DATE
:app:javaPreCompileDebugUnitTest
:app:compileDebugUnitTestJavaWithJavac NO-SOURCE
:app:processDebugUnitTestJavaRes NO-SOURCE
:app:testDebugUnitTest
:app:compileReleaseUnitTestKotlin
:app:generateReleaseUnitTestSources
:app:preReleaseUnitTestBuild UP-TO-DATE
:app:javaPreCompileReleaseUnitTest
:app:compileReleaseUnitTestJavaWithJavac NO-SOURCE
:app:processReleaseUnitTestJavaRes NO-SOURCE
:app:testReleaseUnitTest
:app:test
:app:check
:app:build

BUILD SUCCESSFUL in 1m 5s
100 actionable tasks: 100 executed

2020-03-24 00:39:38,094 INFO  FullProcessService - Found APK file: /var/folders/bq/vtzpc5ns5sg2cthy61lqpg3dfzgbys/T/1584985076479-0/src/kooldown-master/app/build/outputs/apk/debug/app-debug.apk
