2019-06-16 15:28:28,019 INFO  DownloadService - Downloading "https://github.com/astrit-veliu/Boom/archive/master.zip", attempt 3
2019-06-16 15:28:29,209 INFO  DownloadService - Downloaded https://github.com/astrit-veliu/Boom/archive/master.zip, attempt 3
2019-06-16 15:28:29,210 INFO  DownloadService - Size of file "/var/folders/bq/vtzpc5ns5sg2cthy61lqpg3dfzgbys/T/1560673708014-0/master.zip": 680 KB
2019-06-16 15:28:29,210 INFO  ArchiveUtils - Checking entries [.gradle] in ZIP file...
2019-06-16 15:28:29,215 INFO  ArchiveUtils - Has entries [.gradle] in ZIP file /var/folders/bq/vtzpc5ns5sg2cthy61lqpg3dfzgbys/T/1560673708014-0/master.zip: true
2019-06-16 15:28:29,216 DEBUG ZipUtil - Extracting '/var/folders/bq/vtzpc5ns5sg2cthy61lqpg3dfzgbys/T/1560673708014-0/master.zip' into '/var/folders/bq/vtzpc5ns5sg2cthy61lqpg3dfzgbys/T/1560673708014-0/src'.
2019-06-16 15:28:29,243 INFO  FullProcessService - Size of directory with sources: 728 KB
2019-06-16 15:28:29,243 INFO  SysUtils - Execute command: [git, init, /var/folders/bq/vtzpc5ns5sg2cthy61lqpg3dfzgbys/T/1560673708014-0/src]
2019-06-16 15:28:29,263 INFO  SysUtils - Initialized empty Git repository in /private/var/folders/bq/vtzpc5ns5sg2cthy61lqpg3dfzgbys/T/1560673708014-0/src/.git/

2019-06-16 15:28:29,266 INFO  ProjectBuildService - Gradle wrapper(s): /var/folders/bq/vtzpc5ns5sg2cthy61lqpg3dfzgbys/T/1560673708014-0/src/Boom-master/gradlew
2019-06-16 15:28:29,270 INFO  ProjectBuildService - Build script(s): /var/folders/bq/vtzpc5ns5sg2cthy61lqpg3dfzgbys/T/1560673708014-0/src/Boom-master/app/build.gradle /var/folders/bq/vtzpc5ns5sg2cthy61lqpg3dfzgbys/T/1560673708014-0/src/Boom-master/boom/build.gradle /var/folders/bq/vtzpc5ns5sg2cthy61lqpg3dfzgbys/T/1560673708014-0/src/Boom-master/build.gradle
2019-06-16 15:28:29,273 INFO  ProjectBuildService - All script(s): /var/folders/bq/vtzpc5ns5sg2cthy61lqpg3dfzgbys/T/1560673708014-0/src/Boom-master/app/build.gradle /var/folders/bq/vtzpc5ns5sg2cthy61lqpg3dfzgbys/T/1560673708014-0/src/Boom-master/build.gradle /var/folders/bq/vtzpc5ns5sg2cthy61lqpg3dfzgbys/T/1560673708014-0/src/Boom-master/boom/build.gradle /var/folders/bq/vtzpc5ns5sg2cthy61lqpg3dfzgbys/T/1560673708014-0/src/Boom-master/settings.gradle
2019-06-16 15:28:29,274 INFO  ProjectBuildService - Remote scripts: none
2019-06-16 15:28:29,274 INFO  ProjectFixService - Fixing project...
2019-06-16 15:28:29,282 INFO  LocalPropertiesFixService - Created fake /var/folders/bq/vtzpc5ns5sg2cthy61lqpg3dfzgbys/T/1560673708014-0/src/Boom-master/app/local.properties
2019-06-16 15:28:29,284 INFO  ProjectFixService - Build info for "/var/folders/bq/vtzpc5ns5sg2cthy61lqpg3dfzgbys/T/1560673708014-0/src/Boom-master/app/build.gradle": [buildToolsVersion=<null>,compileSdkVersion=28,minSdkVersion=16,targetSdkVersion=28]
2019-06-16 15:28:29,284 INFO  ProjectFixService - Fixed build info for "/var/folders/bq/vtzpc5ns5sg2cthy61lqpg3dfzgbys/T/1560673708014-0/src/Boom-master/app/build.gradle": [buildToolsVersion=28.0.0-rc2,compileSdkVersion=28,minSdkVersion=16,targetSdkVersion=28]
2019-06-16 15:28:29,285 INFO  LocalPropertiesFixService - Created fake /var/folders/bq/vtzpc5ns5sg2cthy61lqpg3dfzgbys/T/1560673708014-0/src/Boom-master/boom/local.properties
2019-06-16 15:28:29,287 INFO  ProjectFixService - Build info for "/var/folders/bq/vtzpc5ns5sg2cthy61lqpg3dfzgbys/T/1560673708014-0/src/Boom-master/boom/build.gradle": [buildToolsVersion=<null>,compileSdkVersion=28,minSdkVersion=16,targetSdkVersion=28]
2019-06-16 15:28:29,287 INFO  ProjectFixService - Fixed build info for "/var/folders/bq/vtzpc5ns5sg2cthy61lqpg3dfzgbys/T/1560673708014-0/src/Boom-master/boom/build.gradle": [buildToolsVersion=28.0.0-rc2,compileSdkVersion=28,minSdkVersion=16,targetSdkVersion=28]
2019-06-16 15:28:29,288 INFO  LocalPropertiesFixService - Created fake /var/folders/bq/vtzpc5ns5sg2cthy61lqpg3dfzgbys/T/1560673708014-0/src/Boom-master/local.properties
2019-06-16 15:28:29,291 INFO  WrapperPropertiesFixService - Gradle wrapper: https://services.gradle.org/distributions/gradle-5.1.1-all.zip
2019-06-16 15:28:29,291 INFO  WrapperPropertiesFixService - Gradle wrapper was changed from "-all.zip" to "-bin.zip" (https://services.gradle.org/distributions/gradle-5.1.1-bin.zip)
2019-06-16 15:28:29,293 INFO  ProjectFixService - Build info for "/var/folders/bq/vtzpc5ns5sg2cthy61lqpg3dfzgbys/T/1560673708014-0/src/Boom-master/build.gradle": [buildToolsVersion=<null>,compileSdkVersion=28,minSdkVersion=16,targetSdkVersion=28]
2019-06-16 15:28:29,293 INFO  ProjectFixService - Fixed build info for "/var/folders/bq/vtzpc5ns5sg2cthy61lqpg3dfzgbys/T/1560673708014-0/src/Boom-master/build.gradle": [buildToolsVersion=28.0.0-rc2,compileSdkVersion=28,minSdkVersion=16,targetSdkVersion=28]
2019-06-16 15:28:29,294 INFO  ProjectFixService - Project was maybe fixed
2019-06-16 15:28:29,294 INFO  ProjectTaskService - Detecting possible tasks...
2019-06-16 15:28:29,294 INFO  SysUtils - Execute command: [/var/folders/bq/vtzpc5ns5sg2cthy61lqpg3dfzgbys/T/1560673708014-0/src/Boom-master/gradlew, -b, /var/folders/bq/vtzpc5ns5sg2cthy61lqpg3dfzgbys/T/1560673708014-0/src/Boom-master/app/build.gradle, -Dorg.gradle.daemon=false, -Dorg.gradle.daemon.performance.enable-monitoring=false, -Dorg.gradle.configureondemand=true, tasks]
2019-06-16 15:28:43,001 INFO  ProjectTaskService - Detected possible tasks: 70
2019-06-16 15:28:43,001 INFO  ProjectTaskService - Excluded tasks (18): lintDebug deviceCheck lint testReleaseUnitTest uninstallRelease deviceAndroidTest uninstallDebugAndroidTest installDebugAndroidTest connectedCheck connectedDebugAndroidTest uninstallAll test check testDebugUnitTest connectedAndroidTest installDebug lintRelease uninstallDebug
2019-06-16 15:28:43,001 INFO  SysUtils - Execute command: [/var/folders/bq/vtzpc5ns5sg2cthy61lqpg3dfzgbys/T/1560673708014-0/src/Boom-master/gradlew, -b, /var/folders/bq/vtzpc5ns5sg2cthy61lqpg3dfzgbys/T/1560673708014-0/src/Boom-master/app/build.gradle, -Dorg.gradle.daemon=false, -Dorg.gradle.daemon.performance.enable-monitoring=false, -Dorg.gradle.configureondemand=true, --stacktrace, -x, lintDebug, -x, deviceCheck, -x, lint, -x, testReleaseUnitTest, -x, uninstallRelease, -x, deviceAndroidTest, -x, uninstallDebugAndroidTest, -x, installDebugAndroidTest, -x, connectedCheck, -x, connectedDebugAndroidTest, -x, uninstallAll, -x, test, -x, check, -x, testDebugUnitTest, -x, connectedAndroidTest, -x, installDebug, -x, lintRelease, -x, uninstallDebug, build]
2019-06-16 15:29:21,789 ERROR SysUtils - Could not process external command
org.apache.commons.exec.ExecuteException: Process exited with an error: 1 (Exit value: 1)
	at org.apache.commons.exec.DefaultExecutor.executeInternal(DefaultExecutor.java:404)
	at org.apache.commons.exec.DefaultExecutor.execute(DefaultExecutor.java:166)
	at com.github.vbauer.apkmaster.util.SysUtils.execute(SysUtils.java:67)
	at com.github.vbauer.apkmaster.util.SysUtils.executeSimple(SysUtils.java:43)
	at com.github.vbauer.apkmaster.service.assembly.ProjectBuildService.buildProject(ProjectBuildService.java:78)
	at com.github.vbauer.apkmaster.service.assembly.ProjectBuildService.buildProject(ProjectBuildService.java:64)
	at com.github.vbauer.apkmaster.service.assembly.ProjectBuildService.buildProject(ProjectBuildService.java:43)
	at com.github.vbauer.apkmaster.service.FullProcessService.build(FullProcessService.java:84)
	at com.github.vbauer.apkmaster.service.FullProcessService.process(FullProcessService.java:34)
	at com.github.vbauer.apkmaster.app.MainApplication.process(MainApplication.java:38)
	at com.github.vbauer.apkmaster.app.MainApplication.main(MainApplication.java:20)
	at sun.reflect.NativeMethodAccessorImpl.invoke0(Native Method)
	at sun.reflect.NativeMethodAccessorImpl.invoke(NativeMethodAccessorImpl.java:62)
	at sun.reflect.DelegatingMethodAccessorImpl.invoke(DelegatingMethodAccessorImpl.java:43)
	at java.lang.reflect.Method.invoke(Method.java:498)
	at com.android.arsenal.util.ReflectionUtils.invoke(ReflectionUtils.java:52)
	at com.android.arsenal.util.ApkMasterUtils.main(ApkMasterUtils.java:30)
	at com.android.arsenal.service.processor.impl.BuildProcessorServiceImpl.buildProject(BuildProcessorServiceImpl.java:196)
	at com.android.arsenal.service.processor.impl.BuildProcessorServiceImpl.build(BuildProcessorServiceImpl.java:130)
	at com.android.arsenal.service.processor.impl.BuildProcessorServiceImpl.lambda$createTasks$1(BuildProcessorServiceImpl.java:113)
	at java.util.concurrent.FutureTask.run(FutureTask.java:266)
	at java.util.concurrent.Executors$RunnableAdapter.call(Executors.java:511)
	at java.util.concurrent.FutureTask.run(FutureTask.java:266)
	at java.util.concurrent.ThreadPoolExecutor.runWorker(ThreadPoolExecutor.java:1149)
	at java.util.concurrent.ThreadPoolExecutor$Worker.run(ThreadPoolExecutor.java:624)
	at java.lang.Thread.run(Thread.java:748)
2019-06-16 15:29:21,789 INFO  SysUtils - Configuration on demand is an incubating feature.

> Configure project :app
Kotlin plugin should be enabled before 'kotlin-android-extensions'

> Configure project :boom
Kotlin plugin should be enabled before 'kotlin-android-extensions'
WARNING: API 'variant.getPackageLibrary()' is obsolete and has been replaced with 'variant.getPackageLibraryProvider()'.
It will be removed at the end of 2019.
For more information, see https://d.android.com/r/tools/task-configuration-avoidance.
To determine what is calling variant.getPackageLibrary(), use -Pandroid.debug.obsoleteApi=true on the command line to display a stack trace.

> Task :app:preBuild UP-TO-DATE
> Task :boom:preBuild UP-TO-DATE
> Task :boom:preDebugBuild UP-TO-DATE
> Task :boom:checkDebugManifest
> Task :boom:processDebugManifest
> Task :app:preDebugBuild
> Task :boom:compileDebugAidl NO-SOURCE
> Task :app:compileDebugAidl NO-SOURCE
> Task :boom:packageDebugRenderscript NO-SOURCE
> Task :app:compileDebugRenderscript
> Task :app:checkDebugManifest
> Task :app:generateDebugBuildConfig
> Task :app:mainApkListPersistenceDebug
> Task :app:generateDebugResValues
> Task :app:generateDebugResources
> Task :boom:compileDebugRenderscript
> Task :boom:generateDebugResValues
> Task :boom:generateDebugResources
> Task :boom:packageDebugResources
> Task :app:mergeDebugResources
> Task :app:createDebugCompatibleScreenManifests
> Task :app:processDebugManifest
> Task :boom:generateDebugRFile
> Task :app:processDebugResources
> Task :boom:generateDebugBuildConfig

> Task :boom:compileDebugKotlin
w: /private/var/folders/bq/vtzpc5ns5sg2cthy61lqpg3dfzgbys/T/1560673708014-0/src/Boom-master/boom/src/main/java/com/astritveliu/boom/Boom.kt: (32, 21): The expression is unused
w: /private/var/folders/bq/vtzpc5ns5sg2cthy61lqpg3dfzgbys/T/1560673708014-0/src/Boom-master/boom/src/main/java/com/astritveliu/boom/Boom.kt: (38, 21): The expression is unused

> Task :boom:prepareLintJar
> Task :boom:generateDebugSources
> Task :boom:javaPreCompileDebug
> Task :boom:compileDebugJavaWithJavac
> Task :boom:processDebugJavaRes NO-SOURCE
> Task :boom:transformClassesAndResourcesWithPrepareIntermediateJarsForDebug
> Task :app:compileDebugKotlin
> Task :app:prepareLintJar
> Task :app:generateDebugSources
> Task :app:javaPreCompileDebug
> Task :app:compileDebugJavaWithJavac
> Task :app:compileDebugNdk NO-SOURCE
> Task :app:compileDebugSources
> Task :app:mergeDebugShaders
> Task :app:compileDebugShaders
> Task :app:generateDebugAssets
> Task :boom:mergeDebugShaders
> Task :boom:compileDebugShaders
> Task :boom:generateDebugAssets
> Task :boom:packageDebugAssets
> Task :app:mergeDebugAssets
> Task :boom:createFullJarDebug

> Task :app:mergeExtDexDebug
AGPBI: {"kind":"error","text":"Default interface methods are only supported starting with Android N (--min-api 24): android.view.MenuItem androidx.core.internal.view.SupportMenuItem.setContentDescription(java.lang.CharSequence)","sources":[{}],"tool":"D8"}

> Task :app:mergeExtDexDebug FAILED

FAILURE: Build failed with an exception.

* What went wrong:
Execution failed for task ':app:mergeExtDexDebug'.
> Could not resolve all files for configuration ':app:debugRuntimeClasspath'.
   > Failed to transform artifact 'core.aar (androidx.core:core:1.2.0-alpha02)' to match attributes {artifactType=android-dex, dexing-is-debuggable=true, dexing-min-sdk=16}
      > Execution failed for DexingTransform: /Users/vbauer/.gradle/caches/transforms-2/files-2.1/672eafd100cfe18dd119bcd680c73299/jars/classes.jar.
         > Error while dexing.
   > Failed to transform artifact 'core.aar (androidx.core:core:1.2.0-alpha02)' to match attributes {artifactType=android-dex, dexing-is-debuggable=true, dexing-min-sdk=16}
      > Execution failed for DexingTransform: /Users/vbauer/.gradle/caches/transforms-2/files-2.1/672eafd100cfe18dd119bcd680c73299/jars/classes.jar.
         > Error while dexing.
   > Failed to transform artifact 'core.aar (androidx.core:core:1.2.0-alpha02)' to match attributes {artifactType=android-dex, dexing-is-debuggable=true, dexing-min-sdk=16}
      > Execution failed for DexingTransform: /Users/vbauer/.gradle/caches/transforms-2/files-2.1/672eafd100cfe18dd119bcd680c73299/jars/classes.jar.
         > Error while dexing.
   > Failed to transform artifact 'core.aar (androidx.core:core:1.2.0-alpha02)' to match attributes {artifactType=android-dex, dexing-is-debuggable=true, dexing-min-sdk=16}
      > Execution failed for DexingTransform: /Users/vbauer/.gradle/caches/transforms-2/files-2.1/672eafd100cfe18dd119bcd680c73299/jars/classes.jar.
         > Error while dexing.
   > Failed to transform artifact 'core.aar (androidx.core:core:1.2.0-alpha02)' to match attributes {artifactType=android-dex, dexing-is-debuggable=true, dexing-min-sdk=16}
      > Execution failed for DexingTransform: /Users/vbauer/.gradle/caches/transforms-2/files-2.1/672eafd100cfe18dd119bcd680c73299/jars/classes.jar.
         > Error while dexing.
   > Failed to transform artifact 'core.aar (androidx.core:core:1.2.0-alpha02)' to match attributes {artifactType=android-dex, dexing-is-debuggable=true, dexing-min-sdk=16}
      > Execution failed for DexingTransform: /Users/vbauer/.gradle/caches/transforms-2/files-2.1/672eafd100cfe18dd119bcd680c73299/jars/classes.jar.
         > Error while dexing.
   > Failed to transform artifact 'core.aar (androidx.core:core:1.2.0-alpha02)' to match attributes {artifactType=android-dex, dexing-is-debuggable=true, dexing-min-sdk=16}
      > Execution failed for DexingTransform: /Users/vbauer/.gradle/caches/transforms-2/files-2.1/672eafd100cfe18dd119bcd680c73299/jars/classes.jar.
         > Error while dexing.
   > Failed to transform artifact 'core.aar (androidx.core:core:1.2.0-alpha02)' to match attributes {artifactType=android-dex, dexing-is-debuggable=true, dexing-min-sdk=16}
      > Execution failed for DexingTransform: /Users/vbauer/.gradle/caches/transforms-2/files-2.1/672eafd100cfe18dd119bcd680c73299/jars/classes.jar.
         > Error while dexing.
   > Failed to transform artifact 'core.aar (androidx.core:core:1.2.0-alpha02)' to match attributes {artifactType=android-dex, dexing-is-debuggable=true, dexing-min-sdk=16}
      > Execution failed for DexingTransform: /Users/vbauer/.gradle/caches/transforms-2/files-2.1/672eafd100cfe18dd119bcd680c73299/jars/classes.jar.
         > Error while dexing.
   > Failed to transform artifact 'core.aar (androidx.core:core:1.2.0-alpha02)' to match attributes {artifactType=android-dex, dexing-is-debuggable=true, dexing-min-sdk=16}
      > Execution failed for DexingTransform: /Users/vbauer/.gradle/caches/transforms-2/files-2.1/672eafd100cfe18dd119bcd680c73299/jars/classes.jar.
         > Error while dexing.
   > Failed to transform artifact 'core.aar (androidx.core:core:1.2.0-alpha02)' to match attributes {artifactType=android-dex, dexing-is-debuggable=true, dexing-min-sdk=16}
      > Execution failed for DexingTransform: /Users/vbauer/.gradle/caches/transforms-2/files-2.1/672eafd100cfe18dd119bcd680c73299/jars/classes.jar.
         > Error while dexing.
   > Failed to transform artifact 'core.aar (androidx.core:core:1.2.0-alpha02)' to match attributes {artifactType=android-dex, dexing-is-debuggable=true, dexing-min-sdk=16}
      > Execution failed for DexingTransform: /Users/vbauer/.gradle/caches/transforms-2/files-2.1/672eafd100cfe18dd119bcd680c73299/jars/classes.jar.
         > Error while dexing.
   > Failed to transform artifact 'core.aar (androidx.core:core:1.2.0-alpha02)' to match attributes {artifactType=android-dex, dexing-is-debuggable=true, dexing-min-sdk=16}
      > Execution failed for DexingTransform: /Users/vbauer/.gradle/caches/transforms-2/files-2.1/672eafd100cfe18dd119bcd680c73299/jars/classes.jar.
         > Error while dexing.
   > Failed to transform artifact 'core.aar (androidx.core:core:1.2.0-alpha02)' to match attributes {artifactType=android-dex, dexing-is-debuggable=true, dexing-min-sdk=16}
      > Execution failed for DexingTransform: /Users/vbauer/.gradle/caches/transforms-2/files-2.1/672eafd100cfe18dd119bcd680c73299/jars/classes.jar.
         > Error while dexing.
   > Failed to transform artifact 'core.aar (androidx.core:core:1.2.0-alpha02)' to match attributes {artifactType=android-dex, dexing-is-debuggable=true, dexing-min-sdk=16}
      > Execution failed for DexingTransform: /Users/vbauer/.gradle/caches/transforms-2/files-2.1/672eafd100cfe18dd119bcd680c73299/jars/classes.jar.
         > Error while dexing.
   > Failed to transform artifact 'core.aar (androidx.core:core:1.2.0-alpha02)' to match attributes {artifactType=android-dex, dexing-is-debuggable=true, dexing-min-sdk=16}
      > Execution failed for DexingTransform: /Users/vbauer/.gradle/caches/transforms-2/files-2.1/672eafd100cfe18dd119bcd680c73299/jars/classes.jar.
         > Error while dexing.
   > Failed to transform artifact 'core.aar (androidx.core:core:1.2.0-alpha02)' to match attributes {artifactType=android-dex, dexing-is-debuggable=true, dexing-min-sdk=16}
      > Execution failed for DexingTransform: /Users/vbauer/.gradle/caches/transforms-2/files-2.1/672eafd100cfe18dd119bcd680c73299/jars/classes.jar.
         > Error while dexing.
   > Failed to transform artifact 'core.aar (androidx.core:core:1.2.0-alpha02)' to match attributes {artifactType=android-dex, dexing-is-debuggable=true, dexing-min-sdk=16}
      > Execution failed for DexingTransform: /Users/vbauer/.gradle/caches/transforms-2/files-2.1/672eafd100cfe18dd119bcd680c73299/jars/classes.jar.
         > Error while dexing.
   > Failed to transform artifact 'core.aar (androidx.core:core:1.2.0-alpha02)' to match attributes {artifactType=android-dex, dexing-is-debuggable=true, dexing-min-sdk=16}
      > Execution failed for DexingTransform: /Users/vbauer/.gradle/caches/transforms-2/files-2.1/672eafd100cfe18dd119bcd680c73299/jars/classes.jar.
         > Error while dexing.

* Try:
Run with --info or --debug option to get more log output. Run with --scan to get full insights.

* Exception is:
org.gradle.api.tasks.TaskExecutionException: Execution failed for task ':app:mergeExtDexDebug'.
	at org.gradle.api.internal.tasks.execution.CatchExceptionTaskExecuter.execute(CatchExceptionTaskExecuter.java:38)
	at org.gradle.api.internal.tasks.execution.EventFiringTaskExecuter$1.executeTask(EventFiringTaskExecuter.java:67)
	at org.gradle.api.internal.tasks.execution.EventFiringTaskExecuter$1.call(EventFiringTaskExecuter.java:52)
	at org.gradle.api.internal.tasks.execution.EventFiringTaskExecuter$1.call(EventFiringTaskExecuter.java:49)
	at org.gradle.internal.operations.DefaultBuildOperationExecutor$CallableBuildOperationWorker.execute(DefaultBuildOperationExecutor.java:315)
	at org.gradle.internal.operations.DefaultBuildOperationExecutor$CallableBuildOperationWorker.execute(DefaultBuildOperationExecutor.java:305)
	at org.gradle.internal.operations.DefaultBuildOperationExecutor.execute(DefaultBuildOperationExecutor.java:175)
	at org.gradle.internal.operations.DefaultBuildOperationExecutor.call(DefaultBuildOperationExecutor.java:101)
	at org.gradle.internal.operations.DelegatingBuildOperationExecutor.call(DelegatingBuildOperationExecutor.java:36)
	at org.gradle.api.internal.tasks.execution.EventFiringTaskExecuter.execute(EventFiringTaskExecuter.java:49)
	at org.gradle.execution.plan.LocalTaskNodeExecutor.execute(LocalTaskNodeExecutor.java:43)
	at org.gradle.execution.taskgraph.DefaultTaskExecutionGraph$InvokeNodeExecutorsAction.execute(DefaultTaskExecutionGraph.java:355)
	at org.gradle.execution.taskgraph.DefaultTaskExecutionGraph$InvokeNodeExecutorsAction.execute(DefaultTaskExecutionGraph.java:343)
	at org.gradle.execution.taskgraph.DefaultTaskExecutionGraph$BuildOperationAwareExecutionAction.execute(DefaultTaskExecutionGraph.java:336)
	at org.gradle.execution.taskgraph.DefaultTaskExecutionGraph$BuildOperationAwareExecutionAction.execute(DefaultTaskExecutionGraph.java:322)
	at org.gradle.execution.plan.DefaultPlanExecutor$ExecutorWorker$1.execute(DefaultPlanExecutor.java:134)
	at org.gradle.execution.plan.DefaultPlanExecutor$ExecutorWorker$1.execute(DefaultPlanExecutor.java:129)
	at org.gradle.execution.plan.DefaultPlanExecutor$ExecutorWorker.execute(DefaultPlanExecutor.java:202)
	at org.gradle.execution.plan.DefaultPlanExecutor$ExecutorWorker.executeNextNode(DefaultPlanExecutor.java:193)
	at org.gradle.execution.plan.DefaultPlanExecutor$ExecutorWorker.run(DefaultPlanExecutor.java:129)
	at org.gradle.internal.concurrent.ExecutorPolicy$CatchAndRecordFailures.onExecute(ExecutorPolicy.java:63)
	at org.gradle.internal.concurrent.ManagedExecutorImpl$1.run(ManagedExecutorImpl.java:46)
	at org.gradle.internal.concurrent.ThreadFactoryImpl$ManagedThreadRunnable.run(ThreadFactoryImpl.java:55)
Caused by: org.gradle.api.internal.artifacts.ivyservice.DefaultLenientConfiguration$ArtifactResolveException: Could not resolve all files for configuration ':app:debugRuntimeClasspath'.
	at org.gradle.api.internal.artifacts.configurations.DefaultConfiguration.rethrowFailure(DefaultConfiguration.java:1175)
	at org.gradle.api.internal.artifacts.configurations.DefaultConfiguration.access$2100(DefaultConfiguration.java:135)
	at org.gradle.api.internal.artifacts.configurations.DefaultConfiguration$ConfigurationFileCollection.getFiles(DefaultConfiguration.java:1150)
	at org.gradle.api.internal.file.AbstractFileCollection.iterator(AbstractFileCollection.java:72)
	at org.gradle.internal.snapshot.impl.DefaultFileSystemSnapshotter$FileCollectionLeafVisitorImpl.visitCollection(DefaultFileSystemSnapshotter.java:240)
	at org.gradle.api.internal.file.AbstractFileCollection.visitLeafCollections(AbstractFileCollection.java:233)
	at org.gradle.api.internal.file.CompositeFileCollection.visitLeafCollections(CompositeFileCollection.java:205)
	at org.gradle.internal.snapshot.impl.DefaultFileSystemSnapshotter.snapshot(DefaultFileSystemSnapshotter.java:126)
	at org.gradle.internal.fingerprint.impl.AbstractFileCollectionFingerprinter.fingerprint(AbstractFileCollectionFingerprinter.java:47)
	at org.gradle.internal.fingerprint.impl.AbstractPathOnlyFileCollectionFingerprinter.fingerprint(AbstractPathOnlyFileCollectionFingerprinter.java:36)
	at org.gradle.api.internal.changedetection.changes.TaskFingerprintUtil.fingerprintTaskFiles(TaskFingerprintUtil.java:82)
	at org.gradle.api.internal.changedetection.state.CacheBackedTaskHistoryRepository.createExecution(CacheBackedTaskHistoryRepository.java:123)
	at org.gradle.api.internal.changedetection.state.CacheBackedTaskHistoryRepository.access$100(CacheBackedTaskHistoryRepository.java:46)
	at org.gradle.api.internal.changedetection.state.CacheBackedTaskHistoryRepository$1.getBeforeExecutionState(CacheBackedTaskHistoryRepository.java:86)
	at org.gradle.api.internal.changedetection.changes.DefaultTaskArtifactStateRepository$TaskArtifactStateImpl.getExecutionStateChanges(DefaultTaskArtifactStateRepository.java:189)
	at org.gradle.api.internal.tasks.execution.ExecuteActionsTaskExecuter$TaskExecution.getChangesSincePreviousExecution(ExecuteActionsTaskExecuter.java:182)
	at org.gradle.internal.execution.impl.steps.SkipUpToDateStep.execute(SkipUpToDateStep.java:52)
	at org.gradle.internal.execution.impl.steps.SkipUpToDateStep.execute(SkipUpToDateStep.java:36)
	at org.gradle.internal.execution.impl.DefaultWorkExecutor.execute(DefaultWorkExecutor.java:34)
	at org.gradle.api.internal.tasks.execution.ExecuteActionsTaskExecuter.execute(ExecuteActionsTaskExecuter.java:91)
	at org.gradle.api.internal.tasks.execution.ResolveTaskOutputCachingStateExecuter.execute(ResolveTaskOutputCachingStateExecuter.java:91)
	at org.gradle.api.internal.tasks.execution.ValidatingTaskExecuter.execute(ValidatingTaskExecuter.java:57)
	at org.gradle.api.internal.tasks.execution.SkipEmptySourceFilesTaskExecuter.execute(SkipEmptySourceFilesTaskExecuter.java:119)
	at org.gradle.api.internal.tasks.execution.ResolvePreviousStateExecuter.execute(ResolvePreviousStateExecuter.java:43)
	at org.gradle.api.internal.tasks.execution.CleanupStaleOutputsExecuter.execute(CleanupStaleOutputsExecuter.java:93)
	at org.gradle.api.internal.tasks.execution.FinalizePropertiesTaskExecuter.execute(FinalizePropertiesTaskExecuter.java:45)
	at org.gradle.api.internal.tasks.execution.ResolveTaskArtifactStateTaskExecuter.execute(ResolveTaskArtifactStateTaskExecuter.java:94)
	at org.gradle.api.internal.tasks.execution.SkipTaskWithNoActionsExecuter.execute(SkipTaskWithNoActionsExecuter.java:56)
	at org.gradle.api.internal.tasks.execution.SkipOnlyIfTaskExecuter.execute(SkipOnlyIfTaskExecuter.java:55)
	at org.gradle.api.internal.tasks.execution.CatchExceptionTaskExecuter.execute(CatchExceptionTaskExecuter.java:36)
	... 22 more
Caused by: org.gradle.api.artifacts.transform.ArtifactTransformException: Failed to transform artifact 'core.aar (androidx.core:core:1.2.0-alpha02)' to match attributes {artifactType=android-dex, dexing-is-debuggable=true, dexing-min-sdk=16}
	at org.gradle.api.internal.artifacts.transform.TransformingArtifactVisitor.visitArtifact(TransformingArtifactVisitor.java:53)
	at org.gradle.api.internal.artifacts.ivyservice.resolveengine.artifact.ArtifactBackedResolvedVariant$SingleArtifactSet.visit(ArtifactBackedResolvedVariant.java:112)
	at org.gradle.api.internal.artifacts.transform.TransformCompletion.visit(TransformCompletion.java:42)
	at org.gradle.api.internal.artifacts.ivyservice.resolveengine.artifact.CompositeResolvedArtifactSet$CompositeResult.visit(CompositeResolvedArtifactSet.java:83)
	at org.gradle.api.internal.artifacts.ivyservice.resolveengine.artifact.ParallelResolveArtifactSet$VisitingSet.visit(ParallelResolveArtifactSet.java:64)
	at org.gradle.api.internal.artifacts.ivyservice.DefaultLenientConfiguration.visitArtifacts(DefaultLenientConfiguration.java:256)
	at org.gradle.api.internal.artifacts.ivyservice.DefaultLenientConfiguration.access$500(DefaultLenientConfiguration.java:69)
	at org.gradle.api.internal.artifacts.ivyservice.DefaultLenientConfiguration$2.run(DefaultLenientConfiguration.java:231)
	at org.gradle.internal.operations.DefaultBuildOperationExecutor$RunnableBuildOperationWorker.execute(DefaultBuildOperationExecutor.java:301)
	at org.gradle.internal.operations.DefaultBuildOperationExecutor$RunnableBuildOperationWorker.execute(DefaultBuildOperationExecutor.java:293)
	at org.gradle.internal.operations.DefaultBuildOperationExecutor.execute(DefaultBuildOperationExecutor.java:175)
	at org.gradle.internal.operations.DefaultBuildOperationExecutor.run(DefaultBuildOperationExecutor.java:91)
	at org.gradle.internal.operations.DelegatingBuildOperationExecutor.run(DelegatingBuildOperationExecutor.java:31)
	at org.gradle.api.internal.artifacts.ivyservice.DefaultLenientConfiguration.visitArtifactsWithBuildOperation(DefaultLenientConfiguration.java:228)
	at org.gradle.api.internal.artifacts.ivyservice.DefaultLenientConfiguration.access$200(DefaultLenientConfiguration.java:69)
	at org.gradle.api.internal.artifacts.ivyservice.DefaultLenientConfiguration$1.visitArtifacts(DefaultLenientConfiguration.java:133)
	at org.gradle.api.internal.artifacts.configurations.DefaultConfiguration$ConfigurationFileCollection.getFiles(DefaultConfiguration.java:1147)
	... 49 more
Caused by: org.gradle.internal.execution.ExecutionException: Execution failed for DexingTransform: /Users/vbauer/.gradle/caches/transforms-2/files-2.1/672eafd100cfe18dd119bcd680c73299/jars/classes.jar.
	at org.gradle.internal.execution.impl.steps.CatchExceptionStep.execute(CatchExceptionStep.java:35)
	at org.gradle.internal.execution.impl.steps.CreateOutputsStep.execute(CreateOutputsStep.java:50)
	at org.gradle.internal.execution.impl.steps.SnapshotOutputStep.execute(SnapshotOutputStep.java:43)
	at org.gradle.internal.execution.impl.steps.SnapshotOutputStep.execute(SnapshotOutputStep.java:29)
	at org.gradle.internal.execution.impl.steps.CacheStep.executeWithoutCache(CacheStep.java:134)
	at org.gradle.internal.execution.impl.steps.CacheStep.lambda$execute$3(CacheStep.java:83)
	at org.gradle.internal.execution.impl.steps.CacheStep.execute(CacheStep.java:82)
	at org.gradle.internal.execution.impl.steps.CacheStep.execute(CacheStep.java:36)
	at org.gradle.internal.execution.impl.steps.PrepareCachingStep.execute(PrepareCachingStep.java:33)
	at org.gradle.internal.execution.impl.steps.StoreSnapshotsStep.execute(StoreSnapshotsStep.java:38)
	at org.gradle.internal.execution.impl.steps.StoreSnapshotsStep.execute(StoreSnapshotsStep.java:23)
	at org.gradle.internal.execution.impl.steps.SkipUpToDateStep.executeBecause(SkipUpToDateStep.java:96)
	at org.gradle.internal.execution.impl.steps.SkipUpToDateStep.lambda$execute$1(SkipUpToDateStep.java:91)
	at org.gradle.internal.execution.impl.steps.SkipUpToDateStep.execute(SkipUpToDateStep.java:91)
	at org.gradle.internal.execution.impl.steps.SkipUpToDateStep.execute(SkipUpToDateStep.java:36)
	at org.gradle.internal.execution.impl.DefaultWorkExecutor.execute(DefaultWorkExecutor.java:34)
	at org.gradle.api.internal.artifacts.transform.DefaultTransformerInvoker.lambda$invoke$0(DefaultTransformerInvoker.java:131)
	at org.gradle.api.internal.artifacts.transform.DefaultTransformerInvoker.fireTransformListeners(DefaultTransformerInvoker.java:179)
	at org.gradle.api.internal.artifacts.transform.DefaultTransformerInvoker.lambda$invoke$1(DefaultTransformerInvoker.java:116)
	at org.gradle.api.internal.artifacts.transform.ImmutableTransformationWorkspaceProvider.lambda$withWorkspace$0(ImmutableTransformationWorkspaceProvider.java:81)
	at org.gradle.cache.internal.LockOnDemandCrossProcessCacheAccess.withFileLock(LockOnDemandCrossProcessCacheAccess.java:90)
	at org.gradle.cache.internal.DefaultCacheAccess.withFileLock(DefaultCacheAccess.java:194)
	at org.gradle.cache.internal.DefaultPersistentDirectoryStore.withFileLock(DefaultPersistentDirectoryStore.java:170)
	at org.gradle.cache.internal.DefaultCacheFactory$ReferenceTrackingCache.withFileLock(DefaultCacheFactory.java:194)
	at org.gradle.api.internal.artifacts.transform.ImmutableTransformationWorkspaceProvider.withWorkspace(ImmutableTransformationWorkspaceProvider.java:76)
	at org.gradle.api.internal.artifacts.transform.AbstractCachingTransformationWorkspaceProvider.lambda$withWorkspace$0(AbstractCachingTransformationWorkspaceProvider.java:54)
	at com.google.common.cache.LocalCache$LocalManualCache$1.load(LocalCache.java:4717)
	at com.google.common.cache.LocalCache$LoadingValueReference.loadFuture(LocalCache.java:3444)
	at com.google.common.cache.LocalCache$Segment.loadSync(LocalCache.java:2193)
	at com.google.common.cache.LocalCache$Segment.lockedGetOrLoad(LocalCache.java:2152)
	at com.google.common.cache.LocalCache$Segment.get(LocalCache.java:2042)
	at com.google.common.cache.LocalCache.get(LocalCache.java:3850)
	at com.google.common.cache.LocalCache$LocalManualCache.get(LocalCache.java:4712)
	at org.gradle.api.internal.artifacts.transform.AbstractCachingTransformationWorkspaceProvider.withWorkspace(AbstractCachingTransformationWorkspaceProvider.java:53)
	at org.gradle.api.internal.artifacts.transform.DefaultTransformerInvoker.invoke(DefaultTransformerInvoker.java:115)
	at org.gradle.api.internal.artifacts.transform.TransformationStep.lambda$transform$1(TransformationStep.java:69)
	at org.gradle.api.internal.artifacts.transform.TransformationStep.transform(TransformationStep.java:66)
	at org.gradle.api.internal.artifacts.transform.TransformationChain.transform(TransformationChain.java:61)
	at org.gradle.api.internal.artifacts.transform.TransformationOperation.run(TransformationOperation.java:42)
	at org.gradle.api.internal.artifacts.transform.TransformingAsyncArtifactListener.artifactAvailable(TransformingAsyncArtifactListener.java:64)
	at org.gradle.api.internal.artifacts.ivyservice.resolveengine.artifact.ArtifactBackedResolvedVariant$DownloadArtifactFile.run(ArtifactBackedResolvedVariant.java:147)
	at org.gradle.api.internal.artifacts.ivyservice.resolveengine.artifact.ArtifactBackedResolvedVariant$SingleArtifactSet.startVisit(ArtifactBackedResolvedVariant.java:98)
	at org.gradle.api.internal.artifacts.transform.ConsumerProvidedResolvedVariant.startVisit(ConsumerProvidedResolvedVariant.java:53)
	at org.gradle.api.internal.artifacts.ivyservice.resolveengine.artifact.CompositeResolvedArtifactSet.startVisit(CompositeResolvedArtifactSet.java:54)
	at org.gradle.api.internal.artifacts.ivyservice.resolveengine.artifact.ParallelResolveArtifactSet$VisitingSet$StartVisitAction.execute(ParallelResolveArtifactSet.java:105)
	at org.gradle.api.internal.artifacts.ivyservice.resolveengine.artifact.ParallelResolveArtifactSet$VisitingSet$StartVisitAction.execute(ParallelResolveArtifactSet.java:95)
	at org.gradle.internal.operations.DefaultBuildOperationExecutor.executeInParallel(DefaultBuildOperationExecutor.java:131)
	at org.gradle.internal.operations.DefaultBuildOperationExecutor.runAll(DefaultBuildOperationExecutor.java:111)
	at org.gradle.internal.operations.DelegatingBuildOperationExecutor.runAll(DelegatingBuildOperationExecutor.java:41)
	at org.gradle.api.internal.artifacts.ivyservice.resolveengine.artifact.ParallelResolveArtifactSet$VisitingSet.visit(ParallelResolveArtifactSet.java:61)
	... 61 more
Caused by: com.android.builder.dexing.DexArchiveBuilderException: Error while dexing.
	at com.android.builder.dexing.D8DexArchiveBuilder.getExceptionToRethrow(D8DexArchiveBuilder.java:124)
	at com.android.builder.dexing.D8DexArchiveBuilder.convert(D8DexArchiveBuilder.java:101)
	at com.android.build.gradle.internal.dependency.DexingTransform.transform(DexingTransform.kt:56)
	at org.gradle.api.internal.artifacts.transform.DefaultTransformer.transform(DefaultTransformer.java:76)
	at org.gradle.api.internal.artifacts.transform.DefaultTransformerInvoker$TransformerExecution.execute(DefaultTransformerInvoker.java:248)
	at org.gradle.internal.execution.impl.steps.ExecuteStep.execute(ExecuteStep.java:49)
	at org.gradle.internal.execution.impl.steps.CancelExecutionStep.execute(CancelExecutionStep.java:34)
	at org.gradle.internal.execution.impl.steps.TimeoutStep.executeWithoutTimeout(TimeoutStep.java:69)
	at org.gradle.internal.execution.impl.steps.TimeoutStep.execute(TimeoutStep.java:49)
	at org.gradle.internal.execution.impl.steps.CatchExceptionStep.execute(CatchExceptionStep.java:33)
	... 110 more
Caused by: com.android.tools.r8.CompilationFailedException: Compilation failed to complete
	at com.android.tools.r8.utils.ExceptionUtils.withCompilationHandler(ExceptionUtils.java:70)
	at com.android.tools.r8.utils.ExceptionUtils.withD8CompilationHandler(ExceptionUtils.java:43)
	at com.android.tools.r8.D8.run(D8.java:94)
	at com.android.builder.dexing.D8DexArchiveBuilder.convert(D8DexArchiveBuilder.java:99)
	... 118 more
Caused by: com.android.tools.r8.utils.AbortException: Error: Default interface methods are only supported starting with Android N (--min-api 24): android.view.MenuItem androidx.core.internal.view.SupportMenuItem.setContentDescription(java.lang.CharSequence)
	at com.android.tools.r8.utils.Reporter.failIfPendingErrors(Reporter.java:89)
	at com.android.tools.r8.utils.Reporter.fatalError(Reporter.java:60)
	at com.android.tools.r8.utils.ExceptionUtils.withCompilationHandler(ExceptionUtils.java:64)
	... 121 more


* Get more help at https://help.gradle.org

Deprecated Gradle features were used in this build, making it incompatible with Gradle 6.0.
Use '--warning-mode all' to show the individual deprecation warnings.
See https://docs.gradle.org/5.1.1/userguide/command_line_interface.html#sec:command_line_warnings

BUILD FAILED in 37s
34 actionable tasks: 34 executed

2019-06-16 15:29:21,843 INFO  ProjectTaskService - Detecting possible tasks...
2019-06-16 15:29:21,843 INFO  SysUtils - Execute command: [/var/folders/bq/vtzpc5ns5sg2cthy61lqpg3dfzgbys/T/1560673708014-0/src/Boom-master/gradlew, -b, /var/folders/bq/vtzpc5ns5sg2cthy61lqpg3dfzgbys/T/1560673708014-0/src/Boom-master/boom/build.gradle, -Dorg.gradle.daemon=false, -Dorg.gradle.daemon.performance.enable-monitoring=false, -Dorg.gradle.configureondemand=true, tasks]
2019-06-16 15:29:28,607 INFO  ProjectTaskService - Detected possible tasks: 70
2019-06-16 15:29:28,607 INFO  ProjectTaskService - Excluded tasks (15): lintDebug deviceCheck lint testReleaseUnitTest deviceAndroidTest uninstallDebugAndroidTest installDebugAndroidTest connectedCheck connectedDebugAndroidTest uninstallAll test check testDebugUnitTest connectedAndroidTest lintRelease
2019-06-16 15:29:28,608 INFO  SysUtils - Execute command: [/var/folders/bq/vtzpc5ns5sg2cthy61lqpg3dfzgbys/T/1560673708014-0/src/Boom-master/gradlew, -b, /var/folders/bq/vtzpc5ns5sg2cthy61lqpg3dfzgbys/T/1560673708014-0/src/Boom-master/boom/build.gradle, -Dorg.gradle.daemon=false, -Dorg.gradle.daemon.performance.enable-monitoring=false, -Dorg.gradle.configureondemand=true, --stacktrace, -x, lintDebug, -x, deviceCheck, -x, lint, -x, testReleaseUnitTest, -x, deviceAndroidTest, -x, uninstallDebugAndroidTest, -x, installDebugAndroidTest, -x, connectedCheck, -x, connectedDebugAndroidTest, -x, uninstallAll, -x, test, -x, check, -x, testDebugUnitTest, -x, connectedAndroidTest, -x, lintRelease, build]
2019-06-16 15:29:43,412 INFO  SysUtils - Configuration on demand is an incubating feature.

> Configure project :boom
Kotlin plugin should be enabled before 'kotlin-android-extensions'
WARNING: API 'variant.getPackageLibrary()' is obsolete and has been replaced with 'variant.getPackageLibraryProvider()'.
It will be removed at the end of 2019.
For more information, see https://d.android.com/r/tools/task-configuration-avoidance.
To determine what is calling variant.getPackageLibrary(), use -Pandroid.debug.obsoleteApi=true on the command line to display a stack trace.

> Task :boom:preBuild UP-TO-DATE
> Task :boom:preDebugBuild UP-TO-DATE
> Task :boom:compileDebugAidl NO-SOURCE
> Task :boom:compileDebugRenderscript UP-TO-DATE
> Task :boom:checkDebugManifest UP-TO-DATE
> Task :boom:generateDebugBuildConfig UP-TO-DATE
> Task :boom:generateDebugResValues UP-TO-DATE
> Task :boom:generateDebugResources UP-TO-DATE
> Task :boom:packageDebugResources UP-TO-DATE
> Task :boom:processDebugManifest UP-TO-DATE
> Task :boom:generateDebugRFile UP-TO-DATE
> Task :boom:compileDebugKotlin UP-TO-DATE
> Task :boom:prepareLintJar UP-TO-DATE
> Task :boom:generateDebugSources UP-TO-DATE
> Task :boom:javaPreCompileDebug UP-TO-DATE
> Task :boom:compileDebugJavaWithJavac UP-TO-DATE
> Task :boom:extractDebugAnnotations
> Task :boom:mergeDebugConsumerProguardFiles
> Task :boom:mergeDebugShaders UP-TO-DATE
> Task :boom:compileDebugShaders UP-TO-DATE
> Task :boom:generateDebugAssets UP-TO-DATE
> Task :boom:packageDebugAssets UP-TO-DATE
> Task :boom:packageDebugRenderscript NO-SOURCE
> Task :boom:processDebugJavaRes NO-SOURCE
> Task :boom:transformResourcesWithMergeJavaResForDebug
> Task :boom:transformClassesAndResourcesWithSyncLibJarsForDebug
> Task :boom:compileDebugNdk NO-SOURCE
> Task :boom:mergeDebugJniLibFolders
> Task :boom:transformNativeLibsWithMergeJniLibsForDebug
> Task :boom:transformNativeLibsWithStripDebugSymbolForDebug
> Task :boom:transformNativeLibsWithSyncJniLibsForDebug
> Task :boom:bundleDebugAar
> Task :boom:compileDebugSources UP-TO-DATE
> Task :boom:assembleDebug
> Task :boom:preReleaseBuild UP-TO-DATE
> Task :boom:compileReleaseAidl NO-SOURCE
> Task :boom:compileReleaseRenderscript
> Task :boom:checkReleaseManifest
> Task :boom:generateReleaseBuildConfig
> Task :boom:generateReleaseResValues
> Task :boom:generateReleaseResources
> Task :boom:packageReleaseResources
> Task :boom:processReleaseManifest
> Task :boom:generateReleaseRFile

> Task :boom:compileReleaseKotlin
w: /private/var/folders/bq/vtzpc5ns5sg2cthy61lqpg3dfzgbys/T/1560673708014-0/src/Boom-master/boom/src/main/java/com/astritveliu/boom/Boom.kt: (32, 21): The expression is unused
w: /private/var/folders/bq/vtzpc5ns5sg2cthy61lqpg3dfzgbys/T/1560673708014-0/src/Boom-master/boom/src/main/java/com/astritveliu/boom/Boom.kt: (38, 21): The expression is unused

> Task :boom:generateReleaseSources
> Task :boom:javaPreCompileRelease
> Task :boom:compileReleaseJavaWithJavac
> Task :boom:extractReleaseAnnotations
> Task :boom:mergeReleaseConsumerProguardFiles
> Task :boom:mergeReleaseShaders
> Task :boom:compileReleaseShaders
> Task :boom:generateReleaseAssets
> Task :boom:packageReleaseAssets
> Task :boom:packageReleaseRenderscript NO-SOURCE
> Task :boom:processReleaseJavaRes NO-SOURCE
> Task :boom:transformResourcesWithMergeJavaResForRelease
> Task :boom:transformClassesAndResourcesWithSyncLibJarsForRelease
> Task :boom:compileReleaseNdk NO-SOURCE
> Task :boom:mergeReleaseJniLibFolders
> Task :boom:transformNativeLibsWithMergeJniLibsForRelease
> Task :boom:transformNativeLibsWithStripDebugSymbolForRelease
> Task :boom:transformNativeLibsWithSyncJniLibsForRelease
> Task :boom:bundleReleaseAar
> Task :boom:compileReleaseSources
> Task :boom:mergeReleaseResources
> Task :boom:verifyReleaseResources
> Task :boom:assembleRelease
> Task :boom:assemble
> Task :boom:build

Deprecated Gradle features were used in this build, making it incompatible with Gradle 6.0.
Use '--warning-mode all' to show the individual deprecation warnings.
See https://docs.gradle.org/5.1.1/userguide/command_line_interface.html#sec:command_line_warnings

BUILD SUCCESSFUL in 14s
47 actionable tasks: 33 executed, 14 up-to-date

2019-06-16 15:29:43,479 INFO  ProjectTaskService - Detecting possible tasks...
2019-06-16 15:29:43,479 INFO  SysUtils - Execute command: [/var/folders/bq/vtzpc5ns5sg2cthy61lqpg3dfzgbys/T/1560673708014-0/src/Boom-master/gradlew, -b, /var/folders/bq/vtzpc5ns5sg2cthy61lqpg3dfzgbys/T/1560673708014-0/src/Boom-master/build.gradle, -Dorg.gradle.daemon=false, -Dorg.gradle.daemon.performance.enable-monitoring=false, -Dorg.gradle.configureondemand=true, tasks]
2019-06-16 15:29:50,366 INFO  ProjectTaskService - Detected possible tasks: 75
2019-06-16 15:29:50,366 INFO  ProjectTaskService - Excluded tasks (18): lintDebug deviceCheck lint testReleaseUnitTest uninstallRelease deviceAndroidTest uninstallDebugAndroidTest installDebugAndroidTest connectedCheck connectedDebugAndroidTest uninstallAll test check testDebugUnitTest connectedAndroidTest installDebug lintRelease uninstallDebug
2019-06-16 15:29:50,366 INFO  SysUtils - Execute command: [/var/folders/bq/vtzpc5ns5sg2cthy61lqpg3dfzgbys/T/1560673708014-0/src/Boom-master/gradlew, -b, /var/folders/bq/vtzpc5ns5sg2cthy61lqpg3dfzgbys/T/1560673708014-0/src/Boom-master/build.gradle, -Dorg.gradle.daemon=false, -Dorg.gradle.daemon.performance.enable-monitoring=false, -Dorg.gradle.configureondemand=true, --stacktrace, -x, lintDebug, -x, deviceCheck, -x, lint, -x, testReleaseUnitTest, -x, uninstallRelease, -x, deviceAndroidTest, -x, uninstallDebugAndroidTest, -x, installDebugAndroidTest, -x, connectedCheck, -x, connectedDebugAndroidTest, -x, uninstallAll, -x, test, -x, check, -x, testDebugUnitTest, -x, connectedAndroidTest, -x, installDebug, -x, lintRelease, -x, uninstallDebug, build]
2019-06-16 15:30:01,850 ERROR SysUtils - Could not process external command
org.apache.commons.exec.ExecuteException: Process exited with an error: 1 (Exit value: 1)
	at org.apache.commons.exec.DefaultExecutor.executeInternal(DefaultExecutor.java:404)
	at org.apache.commons.exec.DefaultExecutor.execute(DefaultExecutor.java:166)
	at com.github.vbauer.apkmaster.util.SysUtils.execute(SysUtils.java:67)
	at com.github.vbauer.apkmaster.util.SysUtils.executeSimple(SysUtils.java:43)
	at com.github.vbauer.apkmaster.service.assembly.ProjectBuildService.buildProject(ProjectBuildService.java:78)
	at com.github.vbauer.apkmaster.service.assembly.ProjectBuildService.buildProject(ProjectBuildService.java:64)
	at com.github.vbauer.apkmaster.service.assembly.ProjectBuildService.buildProject(ProjectBuildService.java:43)
	at com.github.vbauer.apkmaster.service.FullProcessService.build(FullProcessService.java:84)
	at com.github.vbauer.apkmaster.service.FullProcessService.process(FullProcessService.java:34)
	at com.github.vbauer.apkmaster.app.MainApplication.process(MainApplication.java:38)
	at com.github.vbauer.apkmaster.app.MainApplication.main(MainApplication.java:20)
	at sun.reflect.NativeMethodAccessorImpl.invoke0(Native Method)
	at sun.reflect.NativeMethodAccessorImpl.invoke(NativeMethodAccessorImpl.java:62)
	at sun.reflect.DelegatingMethodAccessorImpl.invoke(DelegatingMethodAccessorImpl.java:43)
	at java.lang.reflect.Method.invoke(Method.java:498)
	at com.android.arsenal.util.ReflectionUtils.invoke(ReflectionUtils.java:52)
	at com.android.arsenal.util.ApkMasterUtils.main(ApkMasterUtils.java:30)
	at com.android.arsenal.service.processor.impl.BuildProcessorServiceImpl.buildProject(BuildProcessorServiceImpl.java:196)
	at com.android.arsenal.service.processor.impl.BuildProcessorServiceImpl.build(BuildProcessorServiceImpl.java:130)
	at com.android.arsenal.service.processor.impl.BuildProcessorServiceImpl.lambda$createTasks$1(BuildProcessorServiceImpl.java:113)
	at java.util.concurrent.FutureTask.run(FutureTask.java:266)
	at java.util.concurrent.Executors$RunnableAdapter.call(Executors.java:511)
	at java.util.concurrent.FutureTask.run(FutureTask.java:266)
	at java.util.concurrent.ThreadPoolExecutor.runWorker(ThreadPoolExecutor.java:1149)
	at java.util.concurrent.ThreadPoolExecutor$Worker.run(ThreadPoolExecutor.java:624)
	at java.lang.Thread.run(Thread.java:748)
2019-06-16 15:30:01,851 INFO  SysUtils - Configuration on demand is an incubating feature.

> Configure project :app
Kotlin plugin should be enabled before 'kotlin-android-extensions'

> Configure project :boom
Kotlin plugin should be enabled before 'kotlin-android-extensions'
WARNING: API 'variant.getPackageLibrary()' is obsolete and has been replaced with 'variant.getPackageLibraryProvider()'.
It will be removed at the end of 2019.
For more information, see https://d.android.com/r/tools/task-configuration-avoidance.
To determine what is calling variant.getPackageLibrary(), use -Pandroid.debug.obsoleteApi=true on the command line to display a stack trace.

> Task :app:preBuild UP-TO-DATE
> Task :boom:preBuild UP-TO-DATE
> Task :boom:preDebugBuild UP-TO-DATE
> Task :boom:checkDebugManifest UP-TO-DATE
> Task :boom:processDebugManifest UP-TO-DATE
> Task :app:preDebugBuild UP-TO-DATE
> Task :boom:compileDebugAidl NO-SOURCE
> Task :app:compileDebugAidl NO-SOURCE
> Task :boom:packageDebugRenderscript NO-SOURCE
> Task :app:compileDebugRenderscript UP-TO-DATE
> Task :app:checkDebugManifest UP-TO-DATE
> Task :app:generateDebugBuildConfig UP-TO-DATE
> Task :app:mainApkListPersistenceDebug UP-TO-DATE
> Task :app:generateDebugResValues UP-TO-DATE
> Task :app:generateDebugResources UP-TO-DATE
> Task :boom:compileDebugRenderscript UP-TO-DATE
> Task :boom:generateDebugResValues UP-TO-DATE
> Task :boom:generateDebugResources UP-TO-DATE
> Task :boom:packageDebugResources UP-TO-DATE
> Task :app:mergeDebugResources UP-TO-DATE
> Task :app:createDebugCompatibleScreenManifests UP-TO-DATE
> Task :app:processDebugManifest UP-TO-DATE
> Task :boom:generateDebugRFile UP-TO-DATE
> Task :app:processDebugResources UP-TO-DATE
> Task :boom:generateDebugBuildConfig UP-TO-DATE
> Task :boom:compileDebugKotlin UP-TO-DATE
> Task :boom:prepareLintJar UP-TO-DATE
> Task :boom:generateDebugSources UP-TO-DATE
> Task :boom:javaPreCompileDebug UP-TO-DATE
> Task :boom:compileDebugJavaWithJavac UP-TO-DATE
> Task :boom:processDebugJavaRes NO-SOURCE
> Task :boom:transformClassesAndResourcesWithPrepareIntermediateJarsForDebug UP-TO-DATE
> Task :app:compileDebugKotlin UP-TO-DATE
> Task :app:prepareLintJar UP-TO-DATE
> Task :app:generateDebugSources UP-TO-DATE
> Task :app:javaPreCompileDebug UP-TO-DATE
> Task :app:compileDebugJavaWithJavac UP-TO-DATE
> Task :app:compileDebugNdk NO-SOURCE
> Task :app:compileDebugSources UP-TO-DATE
> Task :app:mergeDebugShaders UP-TO-DATE
> Task :app:compileDebugShaders UP-TO-DATE
> Task :app:generateDebugAssets UP-TO-DATE
> Task :boom:mergeDebugShaders UP-TO-DATE
> Task :boom:compileDebugShaders UP-TO-DATE
> Task :boom:generateDebugAssets UP-TO-DATE
> Task :boom:packageDebugAssets UP-TO-DATE
> Task :app:mergeDebugAssets UP-TO-DATE
> Task :boom:createFullJarDebug UP-TO-DATE

> Task :app:mergeExtDexDebug FAILED
AGPBI: {"kind":"error","text":"Default interface methods are only supported starting with Android N (--min-api 24): android.view.MenuItem androidx.core.internal.view.SupportMenuItem.setContentDescription(java.lang.CharSequence)","sources":[{}],"tool":"D8"}

FAILURE: Build failed with an exception.

* What went wrong:
Execution failed for task ':app:mergeExtDexDebug'.
> Could not resolve all files for configuration ':app:debugRuntimeClasspath'.
   > Failed to transform artifact 'core.aar (androidx.core:core:1.2.0-alpha02)' to match attributes {artifactType=android-dex, dexing-is-debuggable=true, dexing-min-sdk=16}
      > Execution failed for DexingTransform: /Users/vbauer/.gradle/caches/transforms-2/files-2.1/672eafd100cfe18dd119bcd680c73299/jars/classes.jar.
         > Error while dexing.
   > Failed to transform artifact 'core.aar (androidx.core:core:1.2.0-alpha02)' to match attributes {artifactType=android-dex, dexing-is-debuggable=true, dexing-min-sdk=16}
      > Execution failed for DexingTransform: /Users/vbauer/.gradle/caches/transforms-2/files-2.1/672eafd100cfe18dd119bcd680c73299/jars/classes.jar.
         > Error while dexing.
   > Failed to transform artifact 'core.aar (androidx.core:core:1.2.0-alpha02)' to match attributes {artifactType=android-dex, dexing-is-debuggable=true, dexing-min-sdk=16}
      > Execution failed for DexingTransform: /Users/vbauer/.gradle/caches/transforms-2/files-2.1/672eafd100cfe18dd119bcd680c73299/jars/classes.jar.
         > Error while dexing.
   > Failed to transform artifact 'core.aar (androidx.core:core:1.2.0-alpha02)' to match attributes {artifactType=android-dex, dexing-is-debuggable=true, dexing-min-sdk=16}
      > Execution failed for DexingTransform: /Users/vbauer/.gradle/caches/transforms-2/files-2.1/672eafd100cfe18dd119bcd680c73299/jars/classes.jar.
         > Error while dexing.
   > Failed to transform artifact 'core.aar (androidx.core:core:1.2.0-alpha02)' to match attributes {artifactType=android-dex, dexing-is-debuggable=true, dexing-min-sdk=16}
      > Execution failed for DexingTransform: /Users/vbauer/.gradle/caches/transforms-2/files-2.1/672eafd100cfe18dd119bcd680c73299/jars/classes.jar.
         > Error while dexing.
   > Failed to transform artifact 'core.aar (androidx.core:core:1.2.0-alpha02)' to match attributes {artifactType=android-dex, dexing-is-debuggable=true, dexing-min-sdk=16}
      > Execution failed for DexingTransform: /Users/vbauer/.gradle/caches/transforms-2/files-2.1/672eafd100cfe18dd119bcd680c73299/jars/classes.jar.
         > Error while dexing.
   > Failed to transform artifact 'core.aar (androidx.core:core:1.2.0-alpha02)' to match attributes {artifactType=android-dex, dexing-is-debuggable=true, dexing-min-sdk=16}
      > Execution failed for DexingTransform: /Users/vbauer/.gradle/caches/transforms-2/files-2.1/672eafd100cfe18dd119bcd680c73299/jars/classes.jar.
         > Error while dexing.
   > Failed to transform artifact 'core.aar (androidx.core:core:1.2.0-alpha02)' to match attributes {artifactType=android-dex, dexing-is-debuggable=true, dexing-min-sdk=16}
      > Execution failed for DexingTransform: /Users/vbauer/.gradle/caches/transforms-2/files-2.1/672eafd100cfe18dd119bcd680c73299/jars/classes.jar.
         > Error while dexing.
   > Failed to transform artifact 'core.aar (androidx.core:core:1.2.0-alpha02)' to match attributes {artifactType=android-dex, dexing-is-debuggable=true, dexing-min-sdk=16}
      > Execution failed for DexingTransform: /Users/vbauer/.gradle/caches/transforms-2/files-2.1/672eafd100cfe18dd119bcd680c73299/jars/classes.jar.
         > Error while dexing.
   > Failed to transform artifact 'core.aar (androidx.core:core:1.2.0-alpha02)' to match attributes {artifactType=android-dex, dexing-is-debuggable=true, dexing-min-sdk=16}
      > Execution failed for DexingTransform: /Users/vbauer/.gradle/caches/transforms-2/files-2.1/672eafd100cfe18dd119bcd680c73299/jars/classes.jar.
         > Error while dexing.
   > Failed to transform artifact 'core.aar (androidx.core:core:1.2.0-alpha02)' to match attributes {artifactType=android-dex, dexing-is-debuggable=true, dexing-min-sdk=16}
      > Execution failed for DexingTransform: /Users/vbauer/.gradle/caches/transforms-2/files-2.1/672eafd100cfe18dd119bcd680c73299/jars/classes.jar.
         > Error while dexing.
   > Failed to transform artifact 'core.aar (androidx.core:core:1.2.0-alpha02)' to match attributes {artifactType=android-dex, dexing-is-debuggable=true, dexing-min-sdk=16}
      > Execution failed for DexingTransform: /Users/vbauer/.gradle/caches/transforms-2/files-2.1/672eafd100cfe18dd119bcd680c73299/jars/classes.jar.
         > Error while dexing.
   > Failed to transform artifact 'core.aar (androidx.core:core:1.2.0-alpha02)' to match attributes {artifactType=android-dex, dexing-is-debuggable=true, dexing-min-sdk=16}
      > Execution failed for DexingTransform: /Users/vbauer/.gradle/caches/transforms-2/files-2.1/672eafd100cfe18dd119bcd680c73299/jars/classes.jar.
         > Error while dexing.
   > Failed to transform artifact 'core.aar (androidx.core:core:1.2.0-alpha02)' to match attributes {artifactType=android-dex, dexing-is-debuggable=true, dexing-min-sdk=16}
      > Execution failed for DexingTransform: /Users/vbauer/.gradle/caches/transforms-2/files-2.1/672eafd100cfe18dd119bcd680c73299/jars/classes.jar.
         > Error while dexing.
   > Failed to transform artifact 'core.aar (androidx.core:core:1.2.0-alpha02)' to match attributes {artifactType=android-dex, dexing-is-debuggable=true, dexing-min-sdk=16}
      > Execution failed for DexingTransform: /Users/vbauer/.gradle/caches/transforms-2/files-2.1/672eafd100cfe18dd119bcd680c73299/jars/classes.jar.
         > Error while dexing.
   > Failed to transform artifact 'core.aar (androidx.core:core:1.2.0-alpha02)' to match attributes {artifactType=android-dex, dexing-is-debuggable=true, dexing-min-sdk=16}
      > Execution failed for DexingTransform: /Users/vbauer/.gradle/caches/transforms-2/files-2.1/672eafd100cfe18dd119bcd680c73299/jars/classes.jar.
         > Error while dexing.
   > Failed to transform artifact 'core.aar (androidx.core:core:1.2.0-alpha02)' to match attributes {artifactType=android-dex, dexing-is-debuggable=true, dexing-min-sdk=16}
      > Execution failed for DexingTransform: /Users/vbauer/.gradle/caches/transforms-2/files-2.1/672eafd100cfe18dd119bcd680c73299/jars/classes.jar.
         > Error while dexing.
   > Failed to transform artifact 'core.aar (androidx.core:core:1.2.0-alpha02)' to match attributes {artifactType=android-dex, dexing-is-debuggable=true, dexing-min-sdk=16}
      > Execution failed for DexingTransform: /Users/vbauer/.gradle/caches/transforms-2/files-2.1/672eafd100cfe18dd119bcd680c73299/jars/classes.jar.
         > Error while dexing.
   > Failed to transform artifact 'core.aar (androidx.core:core:1.2.0-alpha02)' to match attributes {artifactType=android-dex, dexing-is-debuggable=true, dexing-min-sdk=16}
      > Execution failed for DexingTransform: /Users/vbauer/.gradle/caches/transforms-2/files-2.1/672eafd100cfe18dd119bcd680c73299/jars/classes.jar.
         > Error while dexing.

* Try:
Run with --info or --debug option to get more log output. Run with --scan to get full insights.

* Exception is:
org.gradle.api.tasks.TaskExecutionException: Execution failed for task ':app:mergeExtDexDebug'.
	at org.gradle.api.internal.tasks.execution.CatchExceptionTaskExecuter.execute(CatchExceptionTaskExecuter.java:38)
	at org.gradle.api.internal.tasks.execution.EventFiringTaskExecuter$1.executeTask(EventFiringTaskExecuter.java:67)
	at org.gradle.api.internal.tasks.execution.EventFiringTaskExecuter$1.call(EventFiringTaskExecuter.java:52)
	at org.gradle.api.internal.tasks.execution.EventFiringTaskExecuter$1.call(EventFiringTaskExecuter.java:49)
	at org.gradle.internal.operations.DefaultBuildOperationExecutor$CallableBuildOperationWorker.execute(DefaultBuildOperationExecutor.java:315)
	at org.gradle.internal.operations.DefaultBuildOperationExecutor$CallableBuildOperationWorker.execute(DefaultBuildOperationExecutor.java:305)
	at org.gradle.internal.operations.DefaultBuildOperationExecutor.execute(DefaultBuildOperationExecutor.java:175)
	at org.gradle.internal.operations.DefaultBuildOperationExecutor.call(DefaultBuildOperationExecutor.java:101)
	at org.gradle.internal.operations.DelegatingBuildOperationExecutor.call(DelegatingBuildOperationExecutor.java:36)
	at org.gradle.api.internal.tasks.execution.EventFiringTaskExecuter.execute(EventFiringTaskExecuter.java:49)
	at org.gradle.execution.plan.LocalTaskNodeExecutor.execute(LocalTaskNodeExecutor.java:43)
	at org.gradle.execution.taskgraph.DefaultTaskExecutionGraph$InvokeNodeExecutorsAction.execute(DefaultTaskExecutionGraph.java:355)
	at org.gradle.execution.taskgraph.DefaultTaskExecutionGraph$InvokeNodeExecutorsAction.execute(DefaultTaskExecutionGraph.java:343)
	at org.gradle.execution.taskgraph.DefaultTaskExecutionGraph$BuildOperationAwareExecutionAction.execute(DefaultTaskExecutionGraph.java:336)
	at org.gradle.execution.taskgraph.DefaultTaskExecutionGraph$BuildOperationAwareExecutionAction.execute(DefaultTaskExecutionGraph.java:322)
	at org.gradle.execution.plan.DefaultPlanExecutor$ExecutorWorker$1.execute(DefaultPlanExecutor.java:134)
	at org.gradle.execution.plan.DefaultPlanExecutor$ExecutorWorker$1.execute(DefaultPlanExecutor.java:129)
	at org.gradle.execution.plan.DefaultPlanExecutor$ExecutorWorker.execute(DefaultPlanExecutor.java:202)
	at org.gradle.execution.plan.DefaultPlanExecutor$ExecutorWorker.executeNextNode(DefaultPlanExecutor.java:193)
	at org.gradle.execution.plan.DefaultPlanExecutor$ExecutorWorker.run(DefaultPlanExecutor.java:129)
	at org.gradle.internal.concurrent.ExecutorPolicy$CatchAndRecordFailures.onExecute(ExecutorPolicy.java:63)
	at org.gradle.internal.concurrent.ManagedExecutorImpl$1.run(ManagedExecutorImpl.java:46)
	at org.gradle.internal.concurrent.ThreadFactoryImpl$ManagedThreadRunnable.run(ThreadFactoryImpl.java:55)
Caused by: org.gradle.api.internal.artifacts.ivyservice.DefaultLenientConfiguration$ArtifactResolveException: Could not resolve all files for configuration ':app:debugRuntimeClasspath'.
	at org.gradle.api.internal.artifacts.configurations.DefaultConfiguration.rethrowFailure(DefaultConfiguration.java:1175)
	at org.gradle.api.internal.artifacts.configurations.DefaultConfiguration.access$2100(DefaultConfiguration.java:135)
	at org.gradle.api.internal.artifacts.configurations.DefaultConfiguration$ConfigurationFileCollection.getFiles(DefaultConfiguration.java:1150)
	at org.gradle.api.internal.file.AbstractFileCollection.iterator(AbstractFileCollection.java:72)
	at org.gradle.internal.snapshot.impl.DefaultFileSystemSnapshotter$FileCollectionLeafVisitorImpl.visitCollection(DefaultFileSystemSnapshotter.java:240)
	at org.gradle.api.internal.file.AbstractFileCollection.visitLeafCollections(AbstractFileCollection.java:233)
	at org.gradle.api.internal.file.CompositeFileCollection.visitLeafCollections(CompositeFileCollection.java:205)
	at org.gradle.internal.snapshot.impl.DefaultFileSystemSnapshotter.snapshot(DefaultFileSystemSnapshotter.java:126)
	at org.gradle.internal.fingerprint.impl.AbstractFileCollectionFingerprinter.fingerprint(AbstractFileCollectionFingerprinter.java:47)
	at org.gradle.internal.fingerprint.impl.AbstractPathOnlyFileCollectionFingerprinter.fingerprint(AbstractPathOnlyFileCollectionFingerprinter.java:36)
	at org.gradle.api.internal.changedetection.changes.TaskFingerprintUtil.fingerprintTaskFiles(TaskFingerprintUtil.java:82)
	at org.gradle.api.internal.changedetection.state.CacheBackedTaskHistoryRepository.createExecution(CacheBackedTaskHistoryRepository.java:123)
	at org.gradle.api.internal.changedetection.state.CacheBackedTaskHistoryRepository.access$100(CacheBackedTaskHistoryRepository.java:46)
	at org.gradle.api.internal.changedetection.state.CacheBackedTaskHistoryRepository$1.getBeforeExecutionState(CacheBackedTaskHistoryRepository.java:86)
	at org.gradle.api.internal.changedetection.changes.DefaultTaskArtifactStateRepository$TaskArtifactStateImpl.getExecutionStateChanges(DefaultTaskArtifactStateRepository.java:189)
	at org.gradle.api.internal.tasks.execution.ExecuteActionsTaskExecuter$TaskExecution.getChangesSincePreviousExecution(ExecuteActionsTaskExecuter.java:182)
	at org.gradle.internal.execution.impl.steps.SkipUpToDateStep.execute(SkipUpToDateStep.java:52)
	at org.gradle.internal.execution.impl.steps.SkipUpToDateStep.execute(SkipUpToDateStep.java:36)
	at org.gradle.internal.execution.impl.DefaultWorkExecutor.execute(DefaultWorkExecutor.java:34)
	at org.gradle.api.internal.tasks.execution.ExecuteActionsTaskExecuter.execute(ExecuteActionsTaskExecuter.java:91)
	at org.gradle.api.internal.tasks.execution.ResolveTaskOutputCachingStateExecuter.execute(ResolveTaskOutputCachingStateExecuter.java:91)
	at org.gradle.api.internal.tasks.execution.ValidatingTaskExecuter.execute(ValidatingTaskExecuter.java:57)
	at org.gradle.api.internal.tasks.execution.SkipEmptySourceFilesTaskExecuter.execute(SkipEmptySourceFilesTaskExecuter.java:119)
	at org.gradle.api.internal.tasks.execution.ResolvePreviousStateExecuter.execute(ResolvePreviousStateExecuter.java:43)
	at org.gradle.api.internal.tasks.execution.CleanupStaleOutputsExecuter.execute(CleanupStaleOutputsExecuter.java:93)
	at org.gradle.api.internal.tasks.execution.FinalizePropertiesTaskExecuter.execute(FinalizePropertiesTaskExecuter.java:45)
	at org.gradle.api.internal.tasks.execution.ResolveTaskArtifactStateTaskExecuter.execute(ResolveTaskArtifactStateTaskExecuter.java:94)
	at org.gradle.api.internal.tasks.execution.SkipTaskWithNoActionsExecuter.execute(SkipTaskWithNoActionsExecuter.java:56)
	at org.gradle.api.internal.tasks.execution.SkipOnlyIfTaskExecuter.execute(SkipOnlyIfTaskExecuter.java:55)
	at org.gradle.api.internal.tasks.execution.CatchExceptionTaskExecuter.execute(CatchExceptionTaskExecuter.java:36)
	... 22 more
Caused by: org.gradle.api.artifacts.transform.ArtifactTransformException: Failed to transform artifact 'core.aar (androidx.core:core:1.2.0-alpha02)' to match attributes {artifactType=android-dex, dexing-is-debuggable=true, dexing-min-sdk=16}
	at org.gradle.api.internal.artifacts.transform.TransformingArtifactVisitor.visitArtifact(TransformingArtifactVisitor.java:53)
	at org.gradle.api.internal.artifacts.ivyservice.resolveengine.artifact.ArtifactBackedResolvedVariant$SingleArtifactSet.visit(ArtifactBackedResolvedVariant.java:112)
	at org.gradle.api.internal.artifacts.transform.TransformCompletion.visit(TransformCompletion.java:42)
	at org.gradle.api.internal.artifacts.ivyservice.resolveengine.artifact.CompositeResolvedArtifactSet$CompositeResult.visit(CompositeResolvedArtifactSet.java:83)
	at org.gradle.api.internal.artifacts.ivyservice.resolveengine.artifact.ParallelResolveArtifactSet$VisitingSet.visit(ParallelResolveArtifactSet.java:64)
	at org.gradle.api.internal.artifacts.ivyservice.DefaultLenientConfiguration.visitArtifacts(DefaultLenientConfiguration.java:256)
	at org.gradle.api.internal.artifacts.ivyservice.DefaultLenientConfiguration.access$500(DefaultLenientConfiguration.java:69)
	at org.gradle.api.internal.artifacts.ivyservice.DefaultLenientConfiguration$2.run(DefaultLenientConfiguration.java:231)
	at org.gradle.internal.operations.DefaultBuildOperationExecutor$RunnableBuildOperationWorker.execute(DefaultBuildOperationExecutor.java:301)
	at org.gradle.internal.operations.DefaultBuildOperationExecutor$RunnableBuildOperationWorker.execute(DefaultBuildOperationExecutor.java:293)
	at org.gradle.internal.operations.DefaultBuildOperationExecutor.execute(DefaultBuildOperationExecutor.java:175)
	at org.gradle.internal.operations.DefaultBuildOperationExecutor.run(DefaultBuildOperationExecutor.java:91)
	at org.gradle.internal.operations.DelegatingBuildOperationExecutor.run(DelegatingBuildOperationExecutor.java:31)
	at org.gradle.api.internal.artifacts.ivyservice.DefaultLenientConfiguration.visitArtifactsWithBuildOperation(DefaultLenientConfiguration.java:228)
	at org.gradle.api.internal.artifacts.ivyservice.DefaultLenientConfiguration.access$200(DefaultLenientConfiguration.java:69)
	at org.gradle.api.internal.artifacts.ivyservice.DefaultLenientConfiguration$1.visitArtifacts(DefaultLenientConfiguration.java:133)
	at org.gradle.api.internal.artifacts.configurations.DefaultConfiguration$ConfigurationFileCollection.getFiles(DefaultConfiguration.java:1147)
	... 49 more
Caused by: org.gradle.internal.execution.ExecutionException: Execution failed for DexingTransform: /Users/vbauer/.gradle/caches/transforms-2/files-2.1/672eafd100cfe18dd119bcd680c73299/jars/classes.jar.
	at org.gradle.internal.execution.impl.steps.CatchExceptionStep.execute(CatchExceptionStep.java:35)
	at org.gradle.internal.execution.impl.steps.CreateOutputsStep.execute(CreateOutputsStep.java:50)
	at org.gradle.internal.execution.impl.steps.SnapshotOutputStep.execute(SnapshotOutputStep.java:43)
	at org.gradle.internal.execution.impl.steps.SnapshotOutputStep.execute(SnapshotOutputStep.java:29)
	at org.gradle.internal.execution.impl.steps.CacheStep.executeWithoutCache(CacheStep.java:134)
	at org.gradle.internal.execution.impl.steps.CacheStep.lambda$execute$3(CacheStep.java:83)
	at org.gradle.internal.execution.impl.steps.CacheStep.execute(CacheStep.java:82)
	at org.gradle.internal.execution.impl.steps.CacheStep.execute(CacheStep.java:36)
	at org.gradle.internal.execution.impl.steps.PrepareCachingStep.execute(PrepareCachingStep.java:33)
	at org.gradle.internal.execution.impl.steps.StoreSnapshotsStep.execute(StoreSnapshotsStep.java:38)
	at org.gradle.internal.execution.impl.steps.StoreSnapshotsStep.execute(StoreSnapshotsStep.java:23)
	at org.gradle.internal.execution.impl.steps.SkipUpToDateStep.executeBecause(SkipUpToDateStep.java:96)
	at org.gradle.internal.execution.impl.steps.SkipUpToDateStep.lambda$execute$1(SkipUpToDateStep.java:91)
	at org.gradle.internal.execution.impl.steps.SkipUpToDateStep.execute(SkipUpToDateStep.java:91)
	at org.gradle.internal.execution.impl.steps.SkipUpToDateStep.execute(SkipUpToDateStep.java:36)
	at org.gradle.internal.execution.impl.DefaultWorkExecutor.execute(DefaultWorkExecutor.java:34)
	at org.gradle.api.internal.artifacts.transform.DefaultTransformerInvoker.lambda$invoke$0(DefaultTransformerInvoker.java:131)
	at org.gradle.api.internal.artifacts.transform.DefaultTransformerInvoker.fireTransformListeners(DefaultTransformerInvoker.java:179)
	at org.gradle.api.internal.artifacts.transform.DefaultTransformerInvoker.lambda$invoke$1(DefaultTransformerInvoker.java:116)
	at org.gradle.api.internal.artifacts.transform.ImmutableTransformationWorkspaceProvider.lambda$withWorkspace$0(ImmutableTransformationWorkspaceProvider.java:81)
	at org.gradle.cache.internal.LockOnDemandCrossProcessCacheAccess.withFileLock(LockOnDemandCrossProcessCacheAccess.java:90)
	at org.gradle.cache.internal.DefaultCacheAccess.withFileLock(DefaultCacheAccess.java:194)
	at org.gradle.cache.internal.DefaultPersistentDirectoryStore.withFileLock(DefaultPersistentDirectoryStore.java:170)
	at org.gradle.cache.internal.DefaultCacheFactory$ReferenceTrackingCache.withFileLock(DefaultCacheFactory.java:194)
	at org.gradle.api.internal.artifacts.transform.ImmutableTransformationWorkspaceProvider.withWorkspace(ImmutableTransformationWorkspaceProvider.java:76)
	at org.gradle.api.internal.artifacts.transform.AbstractCachingTransformationWorkspaceProvider.lambda$withWorkspace$0(AbstractCachingTransformationWorkspaceProvider.java:54)
	at com.google.common.cache.LocalCache$LocalManualCache$1.load(LocalCache.java:4717)
	at com.google.common.cache.LocalCache$LoadingValueReference.loadFuture(LocalCache.java:3444)
	at com.google.common.cache.LocalCache$Segment.loadSync(LocalCache.java:2193)
	at com.google.common.cache.LocalCache$Segment.lockedGetOrLoad(LocalCache.java:2152)
	at com.google.common.cache.LocalCache$Segment.get(LocalCache.java:2042)
	at com.google.common.cache.LocalCache.get(LocalCache.java:3850)
	at com.google.common.cache.LocalCache$LocalManualCache.get(LocalCache.java:4712)
	at org.gradle.api.internal.artifacts.transform.AbstractCachingTransformationWorkspaceProvider.withWorkspace(AbstractCachingTransformationWorkspaceProvider.java:53)
	at org.gradle.api.internal.artifacts.transform.DefaultTransformerInvoker.invoke(DefaultTransformerInvoker.java:115)
	at org.gradle.api.internal.artifacts.transform.TransformationStep.lambda$transform$1(TransformationStep.java:69)
	at org.gradle.api.internal.artifacts.transform.TransformationStep.transform(TransformationStep.java:66)
	at org.gradle.api.internal.artifacts.transform.TransformationChain.transform(TransformationChain.java:61)
	at org.gradle.api.internal.artifacts.transform.TransformationOperation.run(TransformationOperation.java:42)
	at org.gradle.api.internal.artifacts.transform.TransformingAsyncArtifactListener.artifactAvailable(TransformingAsyncArtifactListener.java:64)
	at org.gradle.api.internal.artifacts.ivyservice.resolveengine.artifact.ArtifactBackedResolvedVariant$DownloadArtifactFile.run(ArtifactBackedResolvedVariant.java:147)
	at org.gradle.api.internal.artifacts.ivyservice.resolveengine.artifact.ArtifactBackedResolvedVariant$SingleArtifactSet.startVisit(ArtifactBackedResolvedVariant.java:98)
	at org.gradle.api.internal.artifacts.transform.ConsumerProvidedResolvedVariant.startVisit(ConsumerProvidedResolvedVariant.java:53)
	at org.gradle.api.internal.artifacts.ivyservice.resolveengine.artifact.CompositeResolvedArtifactSet.startVisit(CompositeResolvedArtifactSet.java:54)
	at org.gradle.api.internal.artifacts.ivyservice.resolveengine.artifact.ParallelResolveArtifactSet$VisitingSet$StartVisitAction.execute(ParallelResolveArtifactSet.java:105)
	at org.gradle.api.internal.artifacts.ivyservice.resolveengine.artifact.ParallelResolveArtifactSet$VisitingSet$StartVisitAction.execute(ParallelResolveArtifactSet.java:95)
	at org.gradle.internal.operations.DefaultBuildOperationExecutor.executeInParallel(DefaultBuildOperationExecutor.java:131)
	at org.gradle.internal.operations.DefaultBuildOperationExecutor.runAll(DefaultBuildOperationExecutor.java:111)
	at org.gradle.internal.operations.DelegatingBuildOperationExecutor.runAll(DelegatingBuildOperationExecutor.java:41)
	at org.gradle.api.internal.artifacts.ivyservice.resolveengine.artifact.ParallelResolveArtifactSet$VisitingSet.visit(ParallelResolveArtifactSet.java:61)
	... 61 more
Caused by: com.android.builder.dexing.DexArchiveBuilderException: Error while dexing.
	at com.android.builder.dexing.D8DexArchiveBuilder.getExceptionToRethrow(D8DexArchiveBuilder.java:124)
	at com.android.builder.dexing.D8DexArchiveBuilder.convert(D8DexArchiveBuilder.java:101)
	at com.android.build.gradle.internal.dependency.DexingTransform.transform(DexingTransform.kt:56)
	at org.gradle.api.internal.artifacts.transform.DefaultTransformer.transform(DefaultTransformer.java:76)
	at org.gradle.api.internal.artifacts.transform.DefaultTransformerInvoker$TransformerExecution.execute(DefaultTransformerInvoker.java:248)
	at org.gradle.internal.execution.impl.steps.ExecuteStep.execute(ExecuteStep.java:49)
	at org.gradle.internal.execution.impl.steps.CancelExecutionStep.execute(CancelExecutionStep.java:34)
	at org.gradle.internal.execution.impl.steps.TimeoutStep.executeWithoutTimeout(TimeoutStep.java:69)
	at org.gradle.internal.execution.impl.steps.TimeoutStep.execute(TimeoutStep.java:49)
	at org.gradle.internal.execution.impl.steps.CatchExceptionStep.execute(CatchExceptionStep.java:33)
	... 110 more
Caused by: com.android.tools.r8.CompilationFailedException: Compilation failed to complete
	at com.android.tools.r8.utils.ExceptionUtils.withCompilationHandler(ExceptionUtils.java:70)
	at com.android.tools.r8.utils.ExceptionUtils.withD8CompilationHandler(ExceptionUtils.java:43)
	at com.android.tools.r8.D8.run(D8.java:94)
	at com.android.builder.dexing.D8DexArchiveBuilder.convert(D8DexArchiveBuilder.java:99)
	... 118 more
Caused by: com.android.tools.r8.utils.AbortException: Error: Default interface methods are only supported starting with Android N (--min-api 24): android.view.MenuItem androidx.core.internal.view.SupportMenuItem.setContentDescription(java.lang.CharSequence)
	at com.android.tools.r8.utils.Reporter.failIfPendingErrors(Reporter.java:89)
	at com.android.tools.r8.utils.Reporter.fatalError(Reporter.java:60)
	at com.android.tools.r8.utils.ExceptionUtils.withCompilationHandler(ExceptionUtils.java:64)
	... 121 more


* Get more help at https://help.gradle.org

Deprecated Gradle features were used in this build, making it incompatible with Gradle 6.0.
Use '--warning-mode all' to show the individual deprecation warnings.
See https://docs.gradle.org/5.1.1/userguide/command_line_interface.html#sec:command_line_warnings

BUILD FAILED in 11s
34 actionable tasks: 1 executed, 33 up-to-date

2019-06-16 15:30:01,912 ERROR FullProcessService - Project build has not produced APK file
2019-06-16 15:30:01,968 ERROR FullProcessService - Could not find generated or existed APK file
