2019-12-28 19:49:03,839 INFO  DownloadService - Downloading "https://github.com/romellfudi/KotlinVoIpUSSD/archive/master.zip", attempt 3
2019-12-28 19:49:06,852 INFO  DownloadService - Downloaded https://github.com/romellfudi/KotlinVoIpUSSD/archive/master.zip, attempt 3
2019-12-28 19:49:06,852 INFO  DownloadService - Size of file "/var/folders/bq/vtzpc5ns5sg2cthy61lqpg3dfzgbys/T/1577537343835-0/master.zip": 1 MB
2019-12-28 19:49:06,852 INFO  ArchiveUtils - Checking entries [.gradle] in ZIP file...
2019-12-28 19:49:06,852 INFO  ArchiveUtils - Has entries [.gradle] in ZIP file /var/folders/bq/vtzpc5ns5sg2cthy61lqpg3dfzgbys/T/1577537343835-0/master.zip: true
2019-12-28 19:49:06,853 DEBUG ZipUtil - Extracting '/var/folders/bq/vtzpc5ns5sg2cthy61lqpg3dfzgbys/T/1577537343835-0/master.zip' into '/var/folders/bq/vtzpc5ns5sg2cthy61lqpg3dfzgbys/T/1577537343835-0/src'.
2019-12-28 19:49:06,890 INFO  FullProcessService - Size of directory with sources: 1 MB
2019-12-28 19:49:06,891 INFO  SysUtils - Execute command: [git, init, /var/folders/bq/vtzpc5ns5sg2cthy61lqpg3dfzgbys/T/1577537343835-0/src]
2019-12-28 19:49:06,917 INFO  SysUtils - Initialized empty Git repository in /private/var/folders/bq/vtzpc5ns5sg2cthy61lqpg3dfzgbys/T/1577537343835-0/src/.git/

2019-12-28 19:49:06,919 INFO  ProjectBuildService - Gradle wrapper(s): /var/folders/bq/vtzpc5ns5sg2cthy61lqpg3dfzgbys/T/1577537343835-0/src/KotlinVoIpUSSD-master/gradlew
2019-12-28 19:49:06,922 INFO  ProjectBuildService - Build script(s): /var/folders/bq/vtzpc5ns5sg2cthy61lqpg3dfzgbys/T/1577537343835-0/src/KotlinVoIpUSSD-master/app/build.gradle /var/folders/bq/vtzpc5ns5sg2cthy61lqpg3dfzgbys/T/1577537343835-0/src/KotlinVoIpUSSD-master/ussd-library/build.gradle /var/folders/bq/vtzpc5ns5sg2cthy61lqpg3dfzgbys/T/1577537343835-0/src/KotlinVoIpUSSD-master/build.gradle
2019-12-28 19:49:06,925 INFO  ProjectBuildService - All script(s): /var/folders/bq/vtzpc5ns5sg2cthy61lqpg3dfzgbys/T/1577537343835-0/src/KotlinVoIpUSSD-master/app/build.gradle /var/folders/bq/vtzpc5ns5sg2cthy61lqpg3dfzgbys/T/1577537343835-0/src/KotlinVoIpUSSD-master/ussd-library/build.gradle /var/folders/bq/vtzpc5ns5sg2cthy61lqpg3dfzgbys/T/1577537343835-0/src/KotlinVoIpUSSD-master/build.gradle /var/folders/bq/vtzpc5ns5sg2cthy61lqpg3dfzgbys/T/1577537343835-0/src/KotlinVoIpUSSD-master/settings.gradle
2019-12-28 19:49:06,925 INFO  DownloadService - Downloading "https://raw.githubusercontent.com/romellfudi/assets/master/artifactory_install.gradle", attempt 3
2019-12-28 19:49:07,180 INFO  DownloadService - Downloaded https://raw.githubusercontent.com/romellfudi/assets/master/artifactory_install.gradle, attempt 3
2019-12-28 19:49:07,180 INFO  DownloadService - Downloading "https://raw.githubusercontent.com/romellfudi/assets/master/artifactory_bintray.gradle", attempt 3
2019-12-28 19:49:07,409 INFO  DownloadService - Downloaded https://raw.githubusercontent.com/romellfudi/assets/master/artifactory_bintray.gradle, attempt 3
2019-12-28 19:49:07,409 INFO  ProjectBuildService - Remote scripts: https://raw.githubusercontent.com/romellfudi/assets/master/artifactory_install.gradle https://raw.githubusercontent.com/romellfudi/assets/master/artifactory_bintray.gradle
2019-12-28 19:49:07,409 INFO  ProjectFixService - Fixing project...
2019-12-28 19:49:07,419 INFO  LocalPropertiesFixService - Created fake /var/folders/bq/vtzpc5ns5sg2cthy61lqpg3dfzgbys/T/1577537343835-0/src/KotlinVoIpUSSD-master/app/local.properties
2019-12-28 19:49:07,419 INFO  ProjectFixService - Build info for "/var/folders/bq/vtzpc5ns5sg2cthy61lqpg3dfzgbys/T/1577537343835-0/src/KotlinVoIpUSSD-master/app/build.gradle": [buildToolsVersion=28.0.3,compileSdkVersion=28,minSdkVersion=23,targetSdkVersion=28]
2019-12-28 19:49:07,420 INFO  LocalPropertiesFixService - Created fake /var/folders/bq/vtzpc5ns5sg2cthy61lqpg3dfzgbys/T/1577537343835-0/src/KotlinVoIpUSSD-master/ussd-library/local.properties
2019-12-28 19:49:07,420 INFO  ProjectFixService - Build info for "/var/folders/bq/vtzpc5ns5sg2cthy61lqpg3dfzgbys/T/1577537343835-0/src/KotlinVoIpUSSD-master/ussd-library/build.gradle": [buildToolsVersion=28.0.3,compileSdkVersion=28,minSdkVersion=23,targetSdkVersion=28]
2019-12-28 19:49:07,421 INFO  LocalPropertiesFixService - Updated fake /var/folders/bq/vtzpc5ns5sg2cthy61lqpg3dfzgbys/T/1577537343835-0/src/KotlinVoIpUSSD-master/local.properties
2019-12-28 19:49:07,421 INFO  WrapperPropertiesFixService - Gradle wrapper: https://services.gradle.org/distributions/gradle-4.10-all.zip
2019-12-28 19:49:07,422 INFO  WrapperPropertiesFixService - Gradle wrapper was changed from "-all.zip" to "-bin.zip" (https://services.gradle.org/distributions/gradle-4.10-bin.zip)
2019-12-28 19:49:07,423 INFO  ProjectFixService - Build info for "/var/folders/bq/vtzpc5ns5sg2cthy61lqpg3dfzgbys/T/1577537343835-0/src/KotlinVoIpUSSD-master/build.gradle": [buildToolsVersion=28.0.3,compileSdkVersion=28,minSdkVersion=23,targetSdkVersion=28]
2019-12-28 19:49:07,423 INFO  ProjectFixService - Project was maybe fixed
2019-12-28 19:49:07,423 INFO  ProjectTaskService - Detecting possible tasks...
2019-12-28 19:49:07,423 INFO  SysUtils - Execute command: [/var/folders/bq/vtzpc5ns5sg2cthy61lqpg3dfzgbys/T/1577537343835-0/src/KotlinVoIpUSSD-master/gradlew, -b, /var/folders/bq/vtzpc5ns5sg2cthy61lqpg3dfzgbys/T/1577537343835-0/src/KotlinVoIpUSSD-master/app/build.gradle, -Dorg.gradle.daemon=false, -Dorg.gradle.daemon.performance.enable-monitoring=false, -Dorg.gradle.configureondemand=true, tasks]
2019-12-28 19:49:15,678 INFO  ProjectTaskService - Detected possible tasks: 74
2019-12-28 19:49:15,678 INFO  ProjectTaskService - Excluded tasks (22): lintDebug javadocJar deviceCheck lint testReleaseUnitTest javadoc uninstallRelease deviceAndroidTest uninstallDebugAndroidTest installRelease installDebugAndroidTest connectedCheck connectedDebugAndroidTest uninstallAll sourcesJar test check testDebugUnitTest connectedAndroidTest installDebug lintRelease uninstallDebug
2019-12-28 19:49:15,679 INFO  SysUtils - Execute command: [/var/folders/bq/vtzpc5ns5sg2cthy61lqpg3dfzgbys/T/1577537343835-0/src/KotlinVoIpUSSD-master/gradlew, -b, /var/folders/bq/vtzpc5ns5sg2cthy61lqpg3dfzgbys/T/1577537343835-0/src/KotlinVoIpUSSD-master/app/build.gradle, -Dorg.gradle.daemon=false, -Dorg.gradle.daemon.performance.enable-monitoring=false, -Dorg.gradle.configureondemand=true, --stacktrace, -x, lintDebug, -x, javadocJar, -x, deviceCheck, -x, lint, -x, testReleaseUnitTest, -x, javadoc, -x, uninstallRelease, -x, deviceAndroidTest, -x, uninstallDebugAndroidTest, -x, installRelease, -x, installDebugAndroidTest, -x, connectedCheck, -x, connectedDebugAndroidTest, -x, uninstallAll, -x, sourcesJar, -x, test, -x, check, -x, testDebugUnitTest, -x, connectedAndroidTest, -x, installDebug, -x, lintRelease, -x, uninstallDebug, build]
2019-12-28 19:49:21,295 ERROR SysUtils - Could not process external command
org.apache.commons.exec.ExecuteException: Process exited with an error: 1 (Exit value: 1)
	at org.apache.commons.exec.DefaultExecutor.executeInternal(DefaultExecutor.java:404)
	at org.apache.commons.exec.DefaultExecutor.execute(DefaultExecutor.java:166)
	at com.github.vbauer.apkmaster.util.SysUtils.execute(SysUtils.java:67)
	at com.github.vbauer.apkmaster.util.SysUtils.executeSimple(SysUtils.java:43)
	at com.github.vbauer.apkmaster.service.assembly.ProjectBuildService.buildProject(ProjectBuildService.java:78)
	at com.github.vbauer.apkmaster.service.assembly.ProjectBuildService.buildProject(ProjectBuildService.java:64)
	at com.github.vbauer.apkmaster.service.assembly.ProjectBuildService.buildProject(ProjectBuildService.java:43)
	at com.github.vbauer.apkmaster.service.FullProcessService.build(FullProcessService.java:84)
	at com.github.vbauer.apkmaster.service.FullProcessService.process(FullProcessService.java:34)
	at com.github.vbauer.apkmaster.app.MainApplication.process(MainApplication.java:38)
	at com.github.vbauer.apkmaster.app.MainApplication.main(MainApplication.java:20)
	at sun.reflect.GeneratedMethodAccessor8.invoke(Unknown Source)
	at sun.reflect.DelegatingMethodAccessorImpl.invoke(DelegatingMethodAccessorImpl.java:43)
	at java.lang.reflect.Method.invoke(Method.java:498)
	at com.android.arsenal.util.ReflectionUtils.invoke(ReflectionUtils.java:52)
	at com.android.arsenal.util.ApkMasterUtils.main(ApkMasterUtils.java:30)
	at com.android.arsenal.service.processor.impl.BuildProcessorServiceImpl.buildProject(BuildProcessorServiceImpl.java:196)
	at com.android.arsenal.service.processor.impl.BuildProcessorServiceImpl.build(BuildProcessorServiceImpl.java:130)
	at com.android.arsenal.service.processor.impl.BuildProcessorServiceImpl.lambda$null$1(BuildProcessorServiceImpl.java:113)
	at java.util.concurrent.FutureTask.run(FutureTask.java:266)
	at java.util.concurrent.Executors$RunnableAdapter.call(Executors.java:511)
	at java.util.concurrent.FutureTask.run(FutureTask.java:266)
	at java.util.concurrent.ThreadPoolExecutor.runWorker(ThreadPoolExecutor.java:1149)
	at java.util.concurrent.ThreadPoolExecutor$Worker.run(ThreadPoolExecutor.java:624)
	at java.lang.Thread.run(Thread.java:748)
2019-12-28 19:49:21,295 INFO  SysUtils - Configuration on demand is an incubating feature.

> Configure project :app
Kotlin plugin should be enabled before 'kotlin-android-extensions'

FAILURE: Build failed with an exception.

* What went wrong:
Task 'javadocJar' not found in project ':app'.

* Try:
Run gradlew tasks to get a list of available tasks. Run with --info or --debug option to get more log output. Run with --scan to get full insights.

* Exception is:
org.gradle.execution.TaskSelectionException: Task 'javadocJar' not found in project ':app'.
	at org.gradle.execution.TaskSelector.getSelection(TaskSelector.java:116)
	at org.gradle.execution.TaskSelector.getFilter(TaskSelector.java:66)
	at org.gradle.execution.ExcludedTaskFilteringBuildConfigurationAction.configure(ExcludedTaskFilteringBuildConfigurationAction.java:42)
	at org.gradle.execution.DefaultBuildConfigurationActionExecuter.configure(DefaultBuildConfigurationActionExecuter.java:48)
	at org.gradle.execution.DefaultBuildConfigurationActionExecuter.select(DefaultBuildConfigurationActionExecuter.java:36)
	at org.gradle.initialization.DefaultGradleLauncher$CalculateTaskGraph.run(DefaultGradleLauncher.java:305)
	at org.gradle.internal.operations.DefaultBuildOperationExecutor$RunnableBuildOperationWorker.execute(DefaultBuildOperationExecutor.java:300)
	at org.gradle.internal.operations.DefaultBuildOperationExecutor$RunnableBuildOperationWorker.execute(DefaultBuildOperationExecutor.java:292)
	at org.gradle.internal.operations.DefaultBuildOperationExecutor.execute(DefaultBuildOperationExecutor.java:174)
	at org.gradle.internal.operations.DefaultBuildOperationExecutor.run(DefaultBuildOperationExecutor.java:90)
	at org.gradle.internal.operations.DelegatingBuildOperationExecutor.run(DelegatingBuildOperationExecutor.java:31)
	at org.gradle.initialization.DefaultGradleLauncher.constructTaskGraph(DefaultGradleLauncher.java:190)
	at org.gradle.initialization.DefaultGradleLauncher.doBuildStages(DefaultGradleLauncher.java:145)
	at org.gradle.initialization.DefaultGradleLauncher.executeTasks(DefaultGradleLauncher.java:124)
	at org.gradle.internal.invocation.GradleBuildController$1.call(GradleBuildController.java:77)
	at org.gradle.internal.invocation.GradleBuildController$1.call(GradleBuildController.java:74)
	at org.gradle.internal.work.DefaultWorkerLeaseService.withLocks(DefaultWorkerLeaseService.java:154)
	at org.gradle.internal.work.StopShieldingWorkerLeaseService.withLocks(StopShieldingWorkerLeaseService.java:38)
	at org.gradle.internal.invocation.GradleBuildController.doBuild(GradleBuildController.java:96)
	at org.gradle.internal.invocation.GradleBuildController.run(GradleBuildController.java:74)
	at org.gradle.tooling.internal.provider.ExecuteBuildActionRunner.run(ExecuteBuildActionRunner.java:28)
	at org.gradle.launcher.exec.ChainingBuildActionRunner.run(ChainingBuildActionRunner.java:35)
	at org.gradle.tooling.internal.provider.ValidatingBuildActionRunner.run(ValidatingBuildActionRunner.java:32)
	at org.gradle.launcher.exec.RunAsBuildOperationBuildActionRunner$3.run(RunAsBuildOperationBuildActionRunner.java:50)
	at org.gradle.internal.operations.DefaultBuildOperationExecutor$RunnableBuildOperationWorker.execute(DefaultBuildOperationExecutor.java:300)
	at org.gradle.internal.operations.DefaultBuildOperationExecutor$RunnableBuildOperationWorker.execute(DefaultBuildOperationExecutor.java:292)
	at org.gradle.internal.operations.DefaultBuildOperationExecutor.execute(DefaultBuildOperationExecutor.java:174)
	at org.gradle.internal.operations.DefaultBuildOperationExecutor.run(DefaultBuildOperationExecutor.java:90)
	at org.gradle.internal.operations.DelegatingBuildOperationExecutor.run(DelegatingBuildOperationExecutor.java:31)
	at org.gradle.launcher.exec.RunAsBuildOperationBuildActionRunner.run(RunAsBuildOperationBuildActionRunner.java:45)
	at org.gradle.tooling.internal.provider.SubscribableBuildActionRunner.run(SubscribableBuildActionRunner.java:51)
	at org.gradle.launcher.exec.InProcessBuildActionExecuter$1.transform(InProcessBuildActionExecuter.java:47)
	at org.gradle.launcher.exec.InProcessBuildActionExecuter$1.transform(InProcessBuildActionExecuter.java:44)
	at org.gradle.composite.internal.DefaultRootBuildState.run(DefaultRootBuildState.java:79)
	at org.gradle.launcher.exec.InProcessBuildActionExecuter.execute(InProcessBuildActionExecuter.java:44)
	at org.gradle.launcher.exec.InProcessBuildActionExecuter.execute(InProcessBuildActionExecuter.java:30)
	at org.gradle.launcher.exec.BuildTreeScopeBuildActionExecuter.execute(BuildTreeScopeBuildActionExecuter.java:39)
	at org.gradle.launcher.exec.BuildTreeScopeBuildActionExecuter.execute(BuildTreeScopeBuildActionExecuter.java:25)
	at org.gradle.tooling.internal.provider.ContinuousBuildActionExecuter.execute(ContinuousBuildActionExecuter.java:80)
	at org.gradle.tooling.internal.provider.ContinuousBuildActionExecuter.execute(ContinuousBuildActionExecuter.java:53)
	at org.gradle.tooling.internal.provider.ServicesSetupBuildActionExecuter.execute(ServicesSetupBuildActionExecuter.java:62)
	at org.gradle.tooling.internal.provider.ServicesSetupBuildActionExecuter.execute(ServicesSetupBuildActionExecuter.java:34)
	at org.gradle.tooling.internal.provider.GradleThreadBuildActionExecuter.execute(GradleThreadBuildActionExecuter.java:36)
	at org.gradle.tooling.internal.provider.GradleThreadBuildActionExecuter.execute(GradleThreadBuildActionExecuter.java:25)
	at org.gradle.tooling.internal.provider.ParallelismConfigurationBuildActionExecuter.execute(ParallelismConfigurationBuildActionExecuter.java:43)
	at org.gradle.tooling.internal.provider.ParallelismConfigurationBuildActionExecuter.execute(ParallelismConfigurationBuildActionExecuter.java:29)
	at org.gradle.tooling.internal.provider.StartParamsValidatingActionExecuter.execute(StartParamsValidatingActionExecuter.java:59)
	at org.gradle.tooling.internal.provider.StartParamsValidatingActionExecuter.execute(StartParamsValidatingActionExecuter.java:31)
	at org.gradle.tooling.internal.provider.SessionFailureReportingActionExecuter.execute(SessionFailureReportingActionExecuter.java:59)
	at org.gradle.tooling.internal.provider.SessionFailureReportingActionExecuter.execute(SessionFailureReportingActionExecuter.java:44)
	at org.gradle.tooling.internal.provider.SetupLoggingActionExecuter.execute(SetupLoggingActionExecuter.java:46)
	at org.gradle.tooling.internal.provider.SetupLoggingActionExecuter.execute(SetupLoggingActionExecuter.java:30)
	at org.gradle.launcher.cli.RunBuildAction.run(RunBuildAction.java:52)
	at org.gradle.internal.Actions$RunnableActionAdapter.execute(Actions.java:207)
	at org.gradle.launcher.cli.CommandLineActionFactory$ParseAndBuildAction.execute(CommandLineActionFactory.java:402)
	at org.gradle.launcher.cli.CommandLineActionFactory$ParseAndBuildAction.execute(CommandLineActionFactory.java:375)
	at org.gradle.launcher.cli.ExceptionReportingAction.execute(ExceptionReportingAction.java:37)
	at org.gradle.launcher.cli.ExceptionReportingAction.execute(ExceptionReportingAction.java:23)
	at org.gradle.launcher.cli.CommandLineActionFactory$WithLogging.execute(CommandLineActionFactory.java:368)
	at org.gradle.launcher.cli.CommandLineActionFactory$WithLogging.execute(CommandLineActionFactory.java:298)
	at org.gradle.launcher.Main.doAction(Main.java:36)
	at org.gradle.launcher.bootstrap.EntryPoint.run(EntryPoint.java:45)
	at org.gradle.launcher.bootstrap.ProcessBootstrap.runNoExit(ProcessBootstrap.java:60)
	at org.gradle.launcher.bootstrap.ProcessBootstrap.run(ProcessBootstrap.java:37)
	at org.gradle.launcher.GradleMain.main(GradleMain.java:23)
	at org.gradle.wrapper.BootstrapMainStarter.start(BootstrapMainStarter.java:30)
	at org.gradle.wrapper.WrapperExecutor.execute(WrapperExecutor.java:129)
	at org.gradle.wrapper.GradleWrapperMain.main(GradleWrapperMain.java:61)


* Get more help at https://help.gradle.org

BUILD FAILED in 5s

2019-12-28 19:49:21,295 ERROR ProjectBuildService - Excluded tasks were detected wrong
2019-12-28 19:49:21,295 INFO  SysUtils - Execute command: [/var/folders/bq/vtzpc5ns5sg2cthy61lqpg3dfzgbys/T/1577537343835-0/src/KotlinVoIpUSSD-master/gradlew, -b, /var/folders/bq/vtzpc5ns5sg2cthy61lqpg3dfzgbys/T/1577537343835-0/src/KotlinVoIpUSSD-master/app/build.gradle, -Dorg.gradle.daemon=false, -Dorg.gradle.daemon.performance.enable-monitoring=false, -Dorg.gradle.configureondemand=true, --stacktrace, build]
2019-12-28 19:50:32,667 INFO  SysUtils - Configuration on demand is an incubating feature.

> Configure project :app
Kotlin plugin should be enabled before 'kotlin-android-extensions'

> Configure project :ussd-library
Kotlin plugin should be enabled before 'kotlin-android-extensions'

> Task :app:checkDebugClasspath
> Task :app:preBuild UP-TO-DATE
> Task :ussd-library:preBuild UP-TO-DATE
> Task :ussd-library:preDebugBuild UP-TO-DATE
> Task :ussd-library:checkDebugManifest
> Task :ussd-library:processDebugManifest
> Task :app:preDebugBuild
> Task :ussd-library:compileDebugAidl NO-SOURCE
> Task :app:compileDebugAidl NO-SOURCE
> Task :ussd-library:packageDebugRenderscript NO-SOURCE
> Task :app:compileDebugRenderscript
> Task :app:checkDebugManifest
> Task :app:generateDebugBuildConfig
> Task :app:mainApkListPersistenceDebug
> Task :app:generateDebugResValues
> Task :app:generateDebugResources
> Task :ussd-library:compileDebugRenderscript
> Task :ussd-library:generateDebugResValues
> Task :ussd-library:generateDebugResources
> Task :ussd-library:packageDebugResources
> Task :app:mergeDebugResources
> Task :app:createDebugCompatibleScreenManifests
> Task :app:processDebugManifest
> Task :app:splitsDiscoveryTaskDebug
> Task :ussd-library:generateDebugRFile
> Task :app:processDebugResources
> Task :ussd-library:generateDebugBuildConfig

> Task :ussd-library:compileDebugKotlin
w: /private/var/folders/bq/vtzpc5ns5sg2cthy61lqpg3dfzgbys/T/1577537343835-0/src/KotlinVoIpUSSD-master/ussd-library/src/main/java/com/romellfudi/ussdlibrary/GifImageView.kt: (5, 25): 'Movie' is deprecated. Deprecated in Java
w: /private/var/folders/bq/vtzpc5ns5sg2cthy61lqpg3dfzgbys/T/1577537343835-0/src/KotlinVoIpUSSD-master/ussd-library/src/main/java/com/romellfudi/ussdlibrary/GifImageView.kt: (25, 25): 'Movie' is deprecated. Deprecated in Java
w: /private/var/folders/bq/vtzpc5ns5sg2cthy61lqpg3dfzgbys/T/1577537343835-0/src/KotlinVoIpUSSD-master/ussd-library/src/main/java/com/romellfudi/ussdlibrary/GifImageView.kt: (46, 18): 'Movie' is deprecated. Deprecated in Java
w: /private/var/folders/bq/vtzpc5ns5sg2cthy61lqpg3dfzgbys/T/1577537343835-0/src/KotlinVoIpUSSD-master/ussd-library/src/main/java/com/romellfudi/ussdlibrary/OverlayShowingService.kt: (44, 40): 'TYPE_PHONE: Int' is deprecated. Deprecated in Java
w: /private/var/folders/bq/vtzpc5ns5sg2cthy61lqpg3dfzgbys/T/1577537343835-0/src/KotlinVoIpUSSD-master/ussd-library/src/main/java/com/romellfudi/ussdlibrary/SplashLoadingService.kt: (43, 40): 'TYPE_PHONE: Int' is deprecated. Deprecated in Java
w: /private/var/folders/bq/vtzpc5ns5sg2cthy61lqpg3dfzgbys/T/1577537343835-0/src/KotlinVoIpUSSD-master/ussd-library/src/main/java/com/romellfudi/ussdlibrary/String.kt: (10, 1): Expected performance impact of inlining 'public inline fun CharSequence.isEmpty(): Boolean defined in com.romellfudi.ussdlibrary in file String.kt' is insignificant. Inlining works best for functions with parameters of functional types
w: /private/var/folders/bq/vtzpc5ns5sg2cthy61lqpg3dfzgbys/T/1577537343835-0/src/KotlinVoIpUSSD-master/ussd-library/src/main/java/com/romellfudi/ussdlibrary/String.kt: (12, 21): This class shouldn't be used in Kotlin. Use kotlin.String instead.
w: /private/var/folders/bq/vtzpc5ns5sg2cthy61lqpg3dfzgbys/T/1577537343835-0/src/KotlinVoIpUSSD-master/ussd-library/src/main/java/com/romellfudi/ussdlibrary/String.kt: (15, 21): This class shouldn't be used in Kotlin. Use kotlin.String instead.
w: /private/var/folders/bq/vtzpc5ns5sg2cthy61lqpg3dfzgbys/T/1577537343835-0/src/KotlinVoIpUSSD-master/ussd-library/src/main/java/com/romellfudi/ussdlibrary/String.kt: (18, 21): This class shouldn't be used in Kotlin. Use kotlin.String instead.
w: /private/var/folders/bq/vtzpc5ns5sg2cthy61lqpg3dfzgbys/T/1577537343835-0/src/KotlinVoIpUSSD-master/ussd-library/src/main/java/com/romellfudi/ussdlibrary/String.kt: (21, 21): This class shouldn't be used in Kotlin. Use kotlin.String instead.
w: /private/var/folders/bq/vtzpc5ns5sg2cthy61lqpg3dfzgbys/T/1577537343835-0/src/KotlinVoIpUSSD-master/ussd-library/src/main/java/com/romellfudi/ussdlibrary/String.kt: (24, 21): This class shouldn't be used in Kotlin. Use kotlin.String instead.
w: /private/var/folders/bq/vtzpc5ns5sg2cthy61lqpg3dfzgbys/T/1577537343835-0/src/KotlinVoIpUSSD-master/ussd-library/src/main/java/com/romellfudi/ussdlibrary/USSDController.kt: (109, 13): Name shadowed: ussdPhoneNumber
w: /private/var/folders/bq/vtzpc5ns5sg2cthy61lqpg3dfzgbys/T/1577537343835-0/src/KotlinVoIpUSSD-master/ussd-library/src/main/java/com/romellfudi/ussdlibrary/USSDController.kt: (149, 17): Name shadowed: telecomManager
w: /private/var/folders/bq/vtzpc5ns5sg2cthy61lqpg3dfzgbys/T/1577537343835-0/src/KotlinVoIpUSSD-master/ussd-library/src/main/java/com/romellfudi/ussdlibrary/USSDController.kt: (239, 57): Parameter 'dialog' is never used, could be renamed to _
w: /private/var/folders/bq/vtzpc5ns5sg2cthy61lqpg3dfzgbys/T/1577537343835-0/src/KotlinVoIpUSSD-master/ussd-library/src/main/java/com/romellfudi/ussdlibrary/USSDController.kt: (239, 65): Parameter 'id' is never used, could be renamed to _
w: /private/var/folders/bq/vtzpc5ns5sg2cthy61lqpg3dfzgbys/T/1577537343835-0/src/KotlinVoIpUSSD-master/ussd-library/src/main/java/com/romellfudi/ussdlibrary/USSDController.kt: (251, 57): Parameter 'dialog' is never used, could be renamed to _
w: /private/var/folders/bq/vtzpc5ns5sg2cthy61lqpg3dfzgbys/T/1577537343835-0/src/KotlinVoIpUSSD-master/ussd-library/src/main/java/com/romellfudi/ussdlibrary/USSDController.kt: (251, 65): Parameter 'id' is never used, could be renamed to _
w: /private/var/folders/bq/vtzpc5ns5sg2cthy61lqpg3dfzgbys/T/1577537343835-0/src/KotlinVoIpUSSD-master/ussd-library/src/main/java/com/romellfudi/ussdlibrary/USSDController.kt: (273, 21): Name shadowed: am
w: /private/var/folders/bq/vtzpc5ns5sg2cthy61lqpg3dfzgbys/T/1577537343835-0/src/KotlinVoIpUSSD-master/ussd-library/src/main/java/com/romellfudi/ussdlibrary/USSDService.kt: (28, 57): Unnecessary safe call on a non-null receiver of type AccessibilityEvent
w: /private/var/folders/bq/vtzpc5ns5sg2cthy61lqpg3dfzgbys/T/1577537343835-0/src/KotlinVoIpUSSD-master/ussd-library/src/main/java/com/romellfudi/ussdlibrary/USSDService.kt: (28, 85): Unnecessary safe call on a non-null receiver of type AccessibilityEvent
w: /private/var/folders/bq/vtzpc5ns5sg2cthy61lqpg3dfzgbys/T/1577537343835-0/src/KotlinVoIpUSSD-master/ussd-library/src/main/java/com/romellfudi/ussdlibrary/USSDService.kt: (29, 36): Unnecessary safe call on a non-null receiver of type AccessibilityEvent
w: /private/var/folders/bq/vtzpc5ns5sg2cthy61lqpg3dfzgbys/T/1577537343835-0/src/KotlinVoIpUSSD-master/ussd-library/src/main/java/com/romellfudi/ussdlibrary/USSDService.kt: (30, 26): Unnecessary safe call on a non-null receiver of type AccessibilityEvent
w: /private/var/folders/bq/vtzpc5ns5sg2cthy61lqpg3dfzgbys/T/1577537343835-0/src/KotlinVoIpUSSD-master/ussd-library/src/main/java/com/romellfudi/ussdlibrary/USSDService.kt: (30, 53): Unnecessary safe call on a non-null receiver of type AccessibilityEvent
w: /private/var/folders/bq/vtzpc5ns5sg2cthy61lqpg3dfzgbys/T/1577537343835-0/src/KotlinVoIpUSSD-master/ussd-library/src/main/java/com/romellfudi/ussdlibrary/USSDService.kt: (59, 21): Condition 'USSDController.instance!!.callbackMessage == null' is always 'false'
w: /private/var/folders/bq/vtzpc5ns5sg2cthy61lqpg3dfzgbys/T/1577537343835-0/src/KotlinVoIpUSSD-master/ussd-library/src/main/java/com/romellfudi/ussdlibrary/USSDService.kt: (144, 25): Condition 'clipboardManager != null' is always 'true'

> Task :ussd-library:prepareLintJar
> Task :ussd-library:generateDebugSources
> Task :ussd-library:javaPreCompileDebug
> Task :ussd-library:compileDebugJavaWithJavac
> Task :ussd-library:processDebugJavaRes NO-SOURCE
> Task :ussd-library:transformClassesAndResourcesWithPrepareIntermediateJarsForDebug
> Task :app:compileDebugKotlin
> Task :app:prepareLintJar
> Task :app:generateDebugSources
> Task :app:javaPreCompileDebug
> Task :app:compileDebugJavaWithJavac
> Task :app:compileDebugNdk NO-SOURCE
> Task :app:compileDebugSources
> Task :app:mergeDebugShaders
> Task :app:compileDebugShaders
> Task :app:generateDebugAssets
> Task :ussd-library:mergeDebugShaders
> Task :ussd-library:compileDebugShaders
> Task :ussd-library:generateDebugAssets
> Task :ussd-library:packageDebugAssets
> Task :app:mergeDebugAssets
> Task :app:transformClassesWithDexBuilderForDebug
> Task :app:transformDexArchiveWithExternalLibsDexMergerForDebug
> Task :app:transformDexArchiveWithDexMergerForDebug
> Task :app:mergeDebugJniLibFolders
> Task :ussd-library:compileDebugNdk NO-SOURCE
> Task :ussd-library:mergeDebugJniLibFolders
> Task :ussd-library:transformNativeLibsWithMergeJniLibsForDebug
> Task :ussd-library:transformNativeLibsWithStripDebugSymbolForDebug
> Task :ussd-library:transformNativeLibsWithIntermediateJniLibsForDebug
> Task :app:transformNativeLibsWithMergeJniLibsForDebug
> Task :app:transformNativeLibsWithStripDebugSymbolForDebug
> Task :app:checkDebugLibraries
> Task :app:processDebugJavaRes NO-SOURCE
> Task :app:transformResourcesWithMergeJavaResForDebug
> Task :app:validateSigningDebug
> Task :app:packageDebug
> Task :app:assembleDebug
> Task :app:checkReleaseClasspath
> Task :ussd-library:preReleaseBuild UP-TO-DATE
> Task :ussd-library:checkReleaseManifest
> Task :ussd-library:processReleaseManifest
> Task :app:preReleaseBuild
> Task :ussd-library:compileReleaseAidl NO-SOURCE
> Task :app:compileReleaseAidl NO-SOURCE
> Task :ussd-library:packageReleaseRenderscript NO-SOURCE
> Task :app:compileReleaseRenderscript
> Task :app:checkReleaseManifest
> Task :app:generateReleaseBuildConfig
> Task :app:mainApkListPersistenceRelease
> Task :app:generateReleaseResValues
> Task :app:generateReleaseResources
> Task :ussd-library:compileReleaseRenderscript
> Task :ussd-library:generateReleaseResValues
> Task :ussd-library:generateReleaseResources
> Task :ussd-library:packageReleaseResources
> Task :app:mergeReleaseResources
> Task :app:createReleaseCompatibleScreenManifests
> Task :app:processReleaseManifest
> Task :app:splitsDiscoveryTaskRelease
> Task :ussd-library:generateReleaseRFile
> Task :app:processReleaseResources
> Task :ussd-library:generateReleaseBuildConfig

> Task :ussd-library:compileReleaseKotlin
w: /private/var/folders/bq/vtzpc5ns5sg2cthy61lqpg3dfzgbys/T/1577537343835-0/src/KotlinVoIpUSSD-master/ussd-library/src/main/java/com/romellfudi/ussdlibrary/GifImageView.kt: (5, 25): 'Movie' is deprecated. Deprecated in Java
w: /private/var/folders/bq/vtzpc5ns5sg2cthy61lqpg3dfzgbys/T/1577537343835-0/src/KotlinVoIpUSSD-master/ussd-library/src/main/java/com/romellfudi/ussdlibrary/GifImageView.kt: (25, 25): 'Movie' is deprecated. Deprecated in Java
w: /private/var/folders/bq/vtzpc5ns5sg2cthy61lqpg3dfzgbys/T/1577537343835-0/src/KotlinVoIpUSSD-master/ussd-library/src/main/java/com/romellfudi/ussdlibrary/GifImageView.kt: (46, 18): 'Movie' is deprecated. Deprecated in Java
w: /private/var/folders/bq/vtzpc5ns5sg2cthy61lqpg3dfzgbys/T/1577537343835-0/src/KotlinVoIpUSSD-master/ussd-library/src/main/java/com/romellfudi/ussdlibrary/OverlayShowingService.kt: (44, 40): 'TYPE_PHONE: Int' is deprecated. Deprecated in Java
w: /private/var/folders/bq/vtzpc5ns5sg2cthy61lqpg3dfzgbys/T/1577537343835-0/src/KotlinVoIpUSSD-master/ussd-library/src/main/java/com/romellfudi/ussdlibrary/SplashLoadingService.kt: (43, 40): 'TYPE_PHONE: Int' is deprecated. Deprecated in Java
w: /private/var/folders/bq/vtzpc5ns5sg2cthy61lqpg3dfzgbys/T/1577537343835-0/src/KotlinVoIpUSSD-master/ussd-library/src/main/java/com/romellfudi/ussdlibrary/String.kt: (10, 1): Expected performance impact of inlining 'public inline fun CharSequence.isEmpty(): Boolean defined in com.romellfudi.ussdlibrary in file String.kt' is insignificant. Inlining works best for functions with parameters of functional types
w: /private/var/folders/bq/vtzpc5ns5sg2cthy61lqpg3dfzgbys/T/1577537343835-0/src/KotlinVoIpUSSD-master/ussd-library/src/main/java/com/romellfudi/ussdlibrary/String.kt: (12, 21): This class shouldn't be used in Kotlin. Use kotlin.String instead.
w: /private/var/folders/bq/vtzpc5ns5sg2cthy61lqpg3dfzgbys/T/1577537343835-0/src/KotlinVoIpUSSD-master/ussd-library/src/main/java/com/romellfudi/ussdlibrary/String.kt: (15, 21): This class shouldn't be used in Kotlin. Use kotlin.String instead.
w: /private/var/folders/bq/vtzpc5ns5sg2cthy61lqpg3dfzgbys/T/1577537343835-0/src/KotlinVoIpUSSD-master/ussd-library/src/main/java/com/romellfudi/ussdlibrary/String.kt: (18, 21): This class shouldn't be used in Kotlin. Use kotlin.String instead.
w: /private/var/folders/bq/vtzpc5ns5sg2cthy61lqpg3dfzgbys/T/1577537343835-0/src/KotlinVoIpUSSD-master/ussd-library/src/main/java/com/romellfudi/ussdlibrary/String.kt: (21, 21): This class shouldn't be used in Kotlin. Use kotlin.String instead.
w: /private/var/folders/bq/vtzpc5ns5sg2cthy61lqpg3dfzgbys/T/1577537343835-0/src/KotlinVoIpUSSD-master/ussd-library/src/main/java/com/romellfudi/ussdlibrary/String.kt: (24, 21): This class shouldn't be used in Kotlin. Use kotlin.String instead.
w: /private/var/folders/bq/vtzpc5ns5sg2cthy61lqpg3dfzgbys/T/1577537343835-0/src/KotlinVoIpUSSD-master/ussd-library/src/main/java/com/romellfudi/ussdlibrary/USSDController.kt: (109, 13): Name shadowed: ussdPhoneNumber
w: /private/var/folders/bq/vtzpc5ns5sg2cthy61lqpg3dfzgbys/T/1577537343835-0/src/KotlinVoIpUSSD-master/ussd-library/src/main/java/com/romellfudi/ussdlibrary/USSDController.kt: (149, 17): Name shadowed: telecomManager
w: /private/var/folders/bq/vtzpc5ns5sg2cthy61lqpg3dfzgbys/T/1577537343835-0/src/KotlinVoIpUSSD-master/ussd-library/src/main/java/com/romellfudi/ussdlibrary/USSDController.kt: (239, 57): Parameter 'dialog' is never used, could be renamed to _
w: /private/var/folders/bq/vtzpc5ns5sg2cthy61lqpg3dfzgbys/T/1577537343835-0/src/KotlinVoIpUSSD-master/ussd-library/src/main/java/com/romellfudi/ussdlibrary/USSDController.kt: (239, 65): Parameter 'id' is never used, could be renamed to _
w: /private/var/folders/bq/vtzpc5ns5sg2cthy61lqpg3dfzgbys/T/1577537343835-0/src/KotlinVoIpUSSD-master/ussd-library/src/main/java/com/romellfudi/ussdlibrary/USSDController.kt: (251, 57): Parameter 'dialog' is never used, could be renamed to _
w: /private/var/folders/bq/vtzpc5ns5sg2cthy61lqpg3dfzgbys/T/1577537343835-0/src/KotlinVoIpUSSD-master/ussd-library/src/main/java/com/romellfudi/ussdlibrary/USSDController.kt: (251, 65): Parameter 'id' is never used, could be renamed to _
w: /private/var/folders/bq/vtzpc5ns5sg2cthy61lqpg3dfzgbys/T/1577537343835-0/src/KotlinVoIpUSSD-master/ussd-library/src/main/java/com/romellfudi/ussdlibrary/USSDController.kt: (273, 21): Name shadowed: am
w: /private/var/folders/bq/vtzpc5ns5sg2cthy61lqpg3dfzgbys/T/1577537343835-0/src/KotlinVoIpUSSD-master/ussd-library/src/main/java/com/romellfudi/ussdlibrary/USSDService.kt: (28, 57): Unnecessary safe call on a non-null receiver of type AccessibilityEvent
w: /private/var/folders/bq/vtzpc5ns5sg2cthy61lqpg3dfzgbys/T/1577537343835-0/src/KotlinVoIpUSSD-master/ussd-library/src/main/java/com/romellfudi/ussdlibrary/USSDService.kt: (28, 85): Unnecessary safe call on a non-null receiver of type AccessibilityEvent
w: /private/var/folders/bq/vtzpc5ns5sg2cthy61lqpg3dfzgbys/T/1577537343835-0/src/KotlinVoIpUSSD-master/ussd-library/src/main/java/com/romellfudi/ussdlibrary/USSDService.kt: (29, 36): Unnecessary safe call on a non-null receiver of type AccessibilityEvent
w: /private/var/folders/bq/vtzpc5ns5sg2cthy61lqpg3dfzgbys/T/1577537343835-0/src/KotlinVoIpUSSD-master/ussd-library/src/main/java/com/romellfudi/ussdlibrary/USSDService.kt: (30, 26): Unnecessary safe call on a non-null receiver of type AccessibilityEvent
w: /private/var/folders/bq/vtzpc5ns5sg2cthy61lqpg3dfzgbys/T/1577537343835-0/src/KotlinVoIpUSSD-master/ussd-library/src/main/java/com/romellfudi/ussdlibrary/USSDService.kt: (30, 53): Unnecessary safe call on a non-null receiver of type AccessibilityEvent
w: /private/var/folders/bq/vtzpc5ns5sg2cthy61lqpg3dfzgbys/T/1577537343835-0/src/KotlinVoIpUSSD-master/ussd-library/src/main/java/com/romellfudi/ussdlibrary/USSDService.kt: (59, 21): Condition 'USSDController.instance!!.callbackMessage == null' is always 'false'
w: /private/var/folders/bq/vtzpc5ns5sg2cthy61lqpg3dfzgbys/T/1577537343835-0/src/KotlinVoIpUSSD-master/ussd-library/src/main/java/com/romellfudi/ussdlibrary/USSDService.kt: (144, 25): Condition 'clipboardManager != null' is always 'true'

> Task :ussd-library:generateReleaseSources
> Task :ussd-library:javaPreCompileRelease
> Task :ussd-library:compileReleaseJavaWithJavac
> Task :ussd-library:processReleaseJavaRes NO-SOURCE
> Task :ussd-library:transformClassesAndResourcesWithPrepareIntermediateJarsForRelease
> Task :app:compileReleaseKotlin
> Task :app:generateReleaseSources
> Task :app:javaPreCompileRelease
> Task :app:compileReleaseJavaWithJavac
> Task :app:compileReleaseNdk NO-SOURCE
> Task :app:compileReleaseSources
> Task :app:lintVitalRelease SKIPPED
> Task :app:mergeReleaseShaders
> Task :app:compileReleaseShaders
> Task :app:generateReleaseAssets
> Task :ussd-library:mergeReleaseShaders
> Task :ussd-library:compileReleaseShaders
> Task :ussd-library:generateReleaseAssets
> Task :ussd-library:packageReleaseAssets
> Task :app:mergeReleaseAssets
> Task :app:transformClassesWithDexBuilderForRelease
> Task :app:transformDexArchiveWithExternalLibsDexMergerForRelease
> Task :app:transformDexArchiveWithDexMergerForRelease
> Task :app:mergeReleaseJniLibFolders
> Task :ussd-library:compileReleaseNdk NO-SOURCE
> Task :ussd-library:mergeReleaseJniLibFolders
> Task :ussd-library:transformNativeLibsWithMergeJniLibsForRelease
> Task :ussd-library:transformNativeLibsWithStripDebugSymbolForRelease
> Task :ussd-library:transformNativeLibsWithIntermediateJniLibsForRelease
> Task :app:transformNativeLibsWithMergeJniLibsForRelease
> Task :app:transformNativeLibsWithStripDebugSymbolForRelease
> Task :app:checkReleaseLibraries
> Task :app:processReleaseJavaRes NO-SOURCE
> Task :app:transformResourcesWithMergeJavaResForRelease
> Task :app:validateSigningRelease
> Task :app:packageRelease
> Task :app:assembleRelease
> Task :app:assemble

> Task :app:lint
Calling mockable JAR artifact transform to create file: /Users/vbauer/.gradle/caches/transforms-1/files-1.1/android.jar/84caed2ba7aea0726ebad6711b10b24e/android.jar with input /Users/vbauer/Library/Android/sdk/platforms/android-28/android.jar
Calling mockable JAR artifact transform to create file: /Users/vbauer/.gradle/caches/transforms-1/files-1.1/android.jar/8695efc99dd9d4563cce17f4470bc297/android.jar with input /Users/vbauer/Library/Android/sdk/platforms/android-28/android.jar
Ran lint on variant debug: 149 issues found
Ran lint on variant release: 149 issues found
Wrote HTML report to file:///private/var/folders/bq/vtzpc5ns5sg2cthy61lqpg3dfzgbys/T/1577537343835-0/src/KotlinVoIpUSSD-master/app/build/reports/lint-results.html
Wrote XML report to file:///private/var/folders/bq/vtzpc5ns5sg2cthy61lqpg3dfzgbys/T/1577537343835-0/src/KotlinVoIpUSSD-master/app/build/reports/lint-results.xml

> Task :app:compileDebugUnitTestKotlin NO-SOURCE
> Task :app:generateDebugUnitTestSources
> Task :app:preDebugUnitTestBuild UP-TO-DATE
> Task :app:javaPreCompileDebugUnitTest
> Task :app:compileDebugUnitTestJavaWithJavac NO-SOURCE
> Task :app:processDebugUnitTestJavaRes NO-SOURCE
> Task :app:testDebugUnitTest NO-SOURCE
> Task :app:compileReleaseUnitTestKotlin NO-SOURCE
> Task :app:generateReleaseUnitTestSources
> Task :app:preReleaseUnitTestBuild UP-TO-DATE
> Task :app:javaPreCompileReleaseUnitTest
> Task :app:compileReleaseUnitTestJavaWithJavac NO-SOURCE
> Task :app:processReleaseUnitTestJavaRes NO-SOURCE
> Task :app:testReleaseUnitTest NO-SOURCE
> Task :app:test UP-TO-DATE
> Task :app:check
> Task :app:build

BUILD SUCCESSFUL in 1m 10s
97 actionable tasks: 97 executed

2019-12-28 19:50:32,759 INFO  FullProcessService - Found APK file: /var/folders/bq/vtzpc5ns5sg2cthy61lqpg3dfzgbys/T/1577537343835-0/src/KotlinVoIpUSSD-master/app/build/outputs/apk/debug/app-debug.apk
